<?xml version="1.0" encoding="UTF-8"?>
<coverage generated="1558614619922" clover="3.2.0">
  <project timestamp="1558614619923" name="All files">
    <metrics statements="164" coveredstatements="100" conditionals="72" coveredconditionals="47" methods="37" coveredmethods="25" elements="273" coveredelements="172" complexity="0" loc="164" ncloc="164" packages="1" files="10" classes="10"/>
    <file name="CheckBox.js" path="/home/mjackson/projects/simple-widgets/src/CheckBox.js">
      <metrics statements="15" coveredstatements="15" conditionals="6" coveredconditionals="5" methods="3" coveredmethods="3"/>
      <line num="4" count="1" type="stmt"/>
      <line num="20" count="1" type="stmt"/>
      <line num="21" count="1" type="stmt"/>
      <line num="26" count="28" type="stmt"/>
      <line num="28" count="28" type="stmt"/>
      <line num="32" count="4" type="cond" truecount="1" falsecount="1"/>
      <line num="33" count="4" type="stmt"/>
      <line num="34" count="4" type="stmt"/>
      <line num="35" count="4" type="cond" truecount="2" falsecount="0"/>
      <line num="36" count="4" type="stmt"/>
      <line num="40" count="56" type="stmt"/>
      <line num="42" count="56" type="stmt"/>
      <line num="43" count="56" type="cond" truecount="2" falsecount="0"/>
      <line num="45" count="56" type="stmt"/>
      <line num="46" count="56" type="stmt"/>
    </file>
    <file name="ChoiceText.js" path="/home/mjackson/projects/simple-widgets/src/ChoiceText.js">
      <metrics statements="5" coveredstatements="0" conditionals="0" coveredconditionals="0" methods="2" coveredmethods="0"/>
      <line num="15" count="0" type="stmt"/>
      <line num="17" count="0" type="stmt"/>
      <line num="19" count="0" type="stmt"/>
      <line num="21" count="0" type="stmt"/>
      <line num="27" count="0" type="stmt"/>
    </file>
    <file name="DatePicker.js" path="/home/mjackson/projects/simple-widgets/src/DatePicker.js">
      <metrics statements="3" coveredstatements="3" conditionals="0" coveredconditionals="0" methods="2" coveredmethods="2"/>
      <line num="9" count="14" type="stmt"/>
      <line num="11" count="14" type="stmt"/>
      <line num="15" count="25" type="stmt"/>
    </file>
    <file name="DatePickerStyle.js" path="/home/mjackson/projects/simple-widgets/src/DatePickerStyle.js">
      <metrics statements="13" coveredstatements="12" conditionals="8" coveredconditionals="4" methods="3" coveredmethods="3"/>
      <line num="4" count="14" type="cond" truecount="1" falsecount="1"/>
      <line num="5" count="14" type="stmt"/>
      <line num="6" count="14" type="cond" truecount="1" falsecount="1"/>
      <line num="7" count="14" type="cond" truecount="1" falsecount="1"/>
      <line num="8" count="0" type="stmt"/>
      <line num="10" count="14" type="stmt"/>
      <line num="16" count="14" type="stmt"/>
      <line num="20" count="14" type="cond" truecount="1" falsecount="1"/>
      <line num="21" count="14" type="stmt"/>
      <line num="22" count="14" type="stmt"/>
      <line num="23" count="14" type="stmt"/>
      <line num="24" count="14" type="stmt"/>
      <line num="31" count="2" type="stmt"/>
    </file>
    <file name="DoubleListBox.js" path="/home/mjackson/projects/simple-widgets/src/DoubleListBox.js">
      <metrics statements="69" coveredstatements="12" conditionals="28" coveredconditionals="11" methods="12" coveredmethods="3"/>
      <line num="7" count="7" type="stmt"/>
      <line num="8" count="7" type="stmt"/>
      <line num="10" count="7" type="stmt"/>
      <line num="19" count="14" type="cond" truecount="2" falsecount="0"/>
      <line num="20" count="14" type="stmt"/>
      <line num="21" count="84" type="cond" truecount="1" falsecount="1"/>
      <line num="22" count="0" type="stmt"/>
      <line num="26" count="14" type="stmt"/>
      <line num="31" count="14" type="stmt"/>
      <line num="32" count="14" type="stmt"/>
      <line num="33" count="14" type="stmt"/>
      <line num="34" count="14" type="stmt"/>
      <line num="41" count="14" type="stmt"/>
      <line num="66" count="0" type="stmt"/>
      <line num="70" count="0" type="stmt"/>
      <line num="72" count="0" type="stmt"/>
      <line num="73" count="0" type="stmt"/>
      <line num="74" count="0" type="stmt"/>
      <line num="76" count="0" type="stmt"/>
      <line num="78" count="0" type="stmt"/>
      <line num="79" count="0" type="stmt"/>
      <line num="80" count="0" type="stmt"/>
      <line num="81" count="0" type="cond" truecount="0" falsecount="2"/>
      <line num="82" count="0" type="stmt"/>
      <line num="87" count="0" type="stmt"/>
      <line num="93" count="0" type="stmt"/>
      <line num="98" count="0" type="stmt"/>
      <line num="99" count="0" type="stmt"/>
      <line num="100" count="0" type="stmt"/>
      <line num="102" count="0" type="stmt"/>
      <line num="103" count="0" type="stmt"/>
      <line num="106" count="0" type="stmt"/>
      <line num="110" count="0" type="stmt"/>
      <line num="114" count="0" type="stmt"/>
      <line num="115" count="0" type="stmt"/>
      <line num="116" count="0" type="stmt"/>
      <line num="117" count="0" type="stmt"/>
      <line num="119" count="0" type="stmt"/>
      <line num="120" count="0" type="stmt"/>
      <line num="121" count="0" type="stmt"/>
      <line num="122" count="0" type="cond" truecount="0" falsecount="2"/>
      <line num="123" count="0" type="stmt"/>
      <line num="128" count="0" type="stmt"/>
      <line num="132" count="0" type="stmt"/>
      <line num="136" count="0" type="stmt"/>
      <line num="137" count="0" type="stmt"/>
      <line num="138" count="0" type="stmt"/>
      <line num="140" count="0" type="stmt"/>
      <line num="141" count="0" type="stmt"/>
      <line num="144" count="0" type="stmt"/>
      <line num="150" count="0" type="stmt"/>
      <line num="154" count="0" type="cond" truecount="0" falsecount="2"/>
      <line num="155" count="0" type="stmt"/>
      <line num="157" count="0" type="cond" truecount="0" falsecount="2"/>
      <line num="158" count="0" type="stmt"/>
      <line num="161" count="0" type="stmt"/>
      <line num="162" count="0" type="stmt"/>
      <line num="163" count="0" type="cond" truecount="0" falsecount="2"/>
      <line num="164" count="0" type="stmt"/>
      <line num="168" count="0" type="stmt"/>
      <line num="172" count="0" type="cond" truecount="0" falsecount="2"/>
      <line num="173" count="0" type="stmt"/>
      <line num="175" count="0" type="cond" truecount="0" falsecount="2"/>
      <line num="176" count="0" type="stmt"/>
      <line num="179" count="0" type="stmt"/>
      <line num="180" count="0" type="stmt"/>
      <line num="181" count="0" type="cond" truecount="0" falsecount="2"/>
      <line num="182" count="0" type="stmt"/>
      <line num="186" count="0" type="stmt"/>
    </file>
    <file name="List.js" path="/home/mjackson/projects/simple-widgets/src/List.js">
      <metrics statements="13" coveredstatements="13" conditionals="11" coveredconditionals="10" methods="4" coveredmethods="4"/>
      <line num="3" count="1" type="stmt"/>
      <line num="5" count="42" type="stmt"/>
      <line num="6" count="42" type="cond" truecount="2" falsecount="0"/>
      <line num="7" count="42" type="cond" truecount="2" falsecount="1"/>
      <line num="9" count="42" type="cond" truecount="4" falsecount="0"/>
      <line num="11" count="7" type="stmt"/>
      <line num="12" count="7" type="stmt"/>
      <line num="15" count="42" type="cond" truecount="2" falsecount="0"/>
      <line num="16" count="28" type="stmt"/>
      <line num="18" count="126" type="stmt"/>
      <line num="23" count="14" type="stmt"/>
      <line num="25" count="84" type="stmt"/>
      <line num="31" count="28" type="stmt"/>
    </file>
    <file name="Radio.js" path="/home/mjackson/projects/simple-widgets/src/Radio.js">
      <metrics statements="16" coveredstatements="16" conditionals="4" coveredconditionals="3" methods="3" coveredmethods="3"/>
      <line num="16" count="1" type="stmt"/>
      <line num="17" count="1" type="stmt"/>
      <line num="19" count="1" type="stmt"/>
      <line num="24" count="21" type="stmt"/>
      <line num="26" count="21" type="stmt"/>
      <line num="30" count="2" type="cond" truecount="1" falsecount="1"/>
      <line num="31" count="2" type="stmt"/>
      <line num="32" count="2" type="stmt"/>
      <line num="33" count="2" type="stmt"/>
      <line num="34" count="2" type="stmt"/>
      <line num="38" count="42" type="stmt"/>
      <line num="40" count="42" type="stmt"/>
      <line num="41" count="42" type="cond" truecount="2" falsecount="0"/>
      <line num="43" count="42" type="stmt"/>
      <line num="44" count="42" type="stmt"/>
      <line num="45" count="42" type="stmt"/>
    </file>
    <file name="UnstyledDatePicker.js" path="/home/mjackson/projects/simple-widgets/src/UnstyledDatePicker.js">
      <metrics statements="21" coveredstatements="20" conditionals="6" coveredconditionals="5" methods="6" coveredmethods="5"/>
      <line num="15" count="2" type="stmt"/>
      <line num="18" count="15" type="stmt"/>
      <line num="19" count="15" type="cond" truecount="2" falsecount="0"/>
      <line num="20" count="14" type="stmt"/>
      <line num="22" count="1" type="stmt"/>
      <line num="26" count="0" type="stmt"/>
      <line num="32" count="14" type="stmt"/>
      <line num="34" count="14" type="stmt"/>
      <line num="38" count="14" type="cond" truecount="1" falsecount="1"/>
      <line num="39" count="14" type="stmt"/>
      <line num="43" count="4" type="stmt"/>
      <line num="46" count="4" type="stmt"/>
      <line num="47" count="4" type="stmt"/>
      <line num="48" count="4" type="stmt"/>
      <line num="49" count="4" type="stmt"/>
      <line num="50" count="4" type="stmt"/>
      <line num="64" count="25" type="stmt"/>
      <line num="65" count="25" type="cond" truecount="2" falsecount="0"/>
      <line num="66" count="6" type="stmt"/>
      <line num="68" count="25" type="stmt"/>
      <line num="70" count="25" type="stmt"/>
    </file>
    <file name="index.js" path="/home/mjackson/projects/simple-widgets/src/index.js">
      <metrics statements="0" coveredstatements="0" conditionals="0" coveredconditionals="0" methods="0" coveredmethods="0"/>
    </file>
    <file name="makeChangeHandler.js" path="/home/mjackson/projects/simple-widgets/src/makeChangeHandler.js">
      <metrics statements="9" coveredstatements="9" conditionals="9" coveredconditionals="9" methods="2" coveredmethods="2"/>
      <line num="5" count="17" type="stmt"/>
      <line num="7" count="13" type="cond" truecount="2" falsecount="0"/>
      <line num="8" count="1" type="stmt"/>
      <line num="10" count="12" type="cond" truecount="2" falsecount="0"/>
      <line num="11" count="7" type="stmt"/>
      <line num="13" count="12" type="cond" truecount="5" falsecount="0"/>
      <line num="15" count="11" type="stmt"/>
      <line num="16" count="11" type="stmt"/>
      <line num="20" count="11" type="stmt"/>
    </file>
  </project>
</coverage>
