<?xml version="1.0" encoding="UTF-8"?>
<coverage generated="1544827941851" clover="3.2.0">
  <project timestamp="1544827941851" name="All files">
    <metrics statements="310" coveredstatements="262" conditionals="120" coveredconditionals="78" methods="82" coveredmethods="77" elements="512" coveredelements="417" complexity="0" loc="310" ncloc="310" packages="2" files="14" classes="14">
      <package name="src">
        <metrics statements="82" coveredstatements="80" conditionals="33" coveredconditionals="26" methods="21" coveredmethods="20"/>
        <file name="CheckBox.js" path="C:\projects\simple-widgets\src\CheckBox.js">
          <metrics statements="15" coveredstatements="15" conditionals="6" coveredconditionals="5" methods="3" coveredmethods="3"/>
          <line num="4" count="1" type="stmt"/>
          <line num="20" count="1" type="stmt"/>
          <line num="21" count="1" type="stmt"/>
          <line num="26" count="28" type="stmt"/>
          <line num="28" count="28" type="stmt"/>
          <line num="32" count="4" type="cond" truecount="1" falsecount="1"/>
          <line num="33" count="4" type="stmt"/>
          <line num="34" count="4" type="stmt"/>
          <line num="35" count="4" type="cond" truecount="2" falsecount="0"/>
          <line num="36" count="4" type="stmt"/>
          <line num="40" count="56" type="stmt"/>
          <line num="42" count="56" type="stmt"/>
          <line num="43" count="56" type="cond" truecount="2" falsecount="0"/>
          <line num="45" count="56" type="stmt"/>
          <line num="46" count="56" type="stmt"/>
        </file>
        <file name="Choice.js" path="C:\projects\simple-widgets\src\Choice.js">
          <metrics statements="5" coveredstatements="5" conditionals="0" coveredconditionals="0" methods="2" coveredmethods="2"/>
          <line num="9" count="14" type="stmt"/>
          <line num="10" count="14" type="stmt"/>
          <line num="11" count="14" type="stmt"/>
          <line num="12" count="14" type="stmt"/>
          <line num="14" count="70" type="stmt"/>
        </file>
        <file name="DatePicker.js" path="C:\projects\simple-widgets\src\DatePicker.js">
          <metrics statements="3" coveredstatements="3" conditionals="0" coveredconditionals="0" methods="2" coveredmethods="2"/>
          <line num="9" count="14" type="stmt"/>
          <line num="11" count="14" type="stmt"/>
          <line num="15" count="25" type="stmt"/>
        </file>
        <file name="DatePickerStyle.js" path="C:\projects\simple-widgets\src\DatePickerStyle.js">
          <metrics statements="13" coveredstatements="12" conditionals="8" coveredconditionals="4" methods="3" coveredmethods="3"/>
          <line num="4" count="14" type="cond" truecount="1" falsecount="1"/>
          <line num="5" count="14" type="stmt"/>
          <line num="6" count="14" type="cond" truecount="1" falsecount="1"/>
          <line num="7" count="14" type="cond" truecount="1" falsecount="1"/>
          <line num="8" count="0" type="stmt"/>
          <line num="10" count="14" type="stmt"/>
          <line num="16" count="14" type="stmt"/>
          <line num="20" count="14" type="cond" truecount="1" falsecount="1"/>
          <line num="21" count="14" type="stmt"/>
          <line num="22" count="14" type="stmt"/>
          <line num="23" count="14" type="stmt"/>
          <line num="24" count="14" type="stmt"/>
          <line num="31" count="2" type="stmt"/>
        </file>
        <file name="Radio.js" path="C:\projects\simple-widgets\src\Radio.js">
          <metrics statements="16" coveredstatements="16" conditionals="4" coveredconditionals="3" methods="3" coveredmethods="3"/>
          <line num="16" count="1" type="stmt"/>
          <line num="17" count="1" type="stmt"/>
          <line num="19" count="1" type="stmt"/>
          <line num="24" count="21" type="stmt"/>
          <line num="26" count="21" type="stmt"/>
          <line num="30" count="2" type="cond" truecount="1" falsecount="1"/>
          <line num="31" count="2" type="stmt"/>
          <line num="32" count="2" type="stmt"/>
          <line num="33" count="2" type="stmt"/>
          <line num="34" count="2" type="stmt"/>
          <line num="38" count="42" type="stmt"/>
          <line num="40" count="42" type="stmt"/>
          <line num="41" count="42" type="cond" truecount="2" falsecount="0"/>
          <line num="43" count="42" type="stmt"/>
          <line num="44" count="42" type="stmt"/>
          <line num="45" count="42" type="stmt"/>
        </file>
        <file name="UnstyledDatePicker.js" path="C:\projects\simple-widgets\src\UnstyledDatePicker.js">
          <metrics statements="21" coveredstatements="20" conditionals="6" coveredconditionals="5" methods="6" coveredmethods="5"/>
          <line num="15" count="2" type="stmt"/>
          <line num="18" count="15" type="stmt"/>
          <line num="19" count="15" type="cond" truecount="2" falsecount="0"/>
          <line num="20" count="14" type="stmt"/>
          <line num="22" count="1" type="stmt"/>
          <line num="26" count="0" type="stmt"/>
          <line num="32" count="14" type="stmt"/>
          <line num="34" count="14" type="stmt"/>
          <line num="38" count="14" type="cond" truecount="1" falsecount="1"/>
          <line num="39" count="14" type="stmt"/>
          <line num="43" count="4" type="stmt"/>
          <line num="46" count="4" type="stmt"/>
          <line num="47" count="4" type="stmt"/>
          <line num="48" count="4" type="stmt"/>
          <line num="49" count="4" type="stmt"/>
          <line num="50" count="4" type="stmt"/>
          <line num="64" count="25" type="stmt"/>
          <line num="65" count="25" type="cond" truecount="2" falsecount="0"/>
          <line num="66" count="6" type="stmt"/>
          <line num="68" count="25" type="stmt"/>
          <line num="70" count="25" type="stmt"/>
        </file>
        <file name="index.js" path="C:\projects\simple-widgets\src\index.js">
          <metrics statements="0" coveredstatements="0" conditionals="0" coveredconditionals="0" methods="0" coveredmethods="0"/>
        </file>
        <file name="makeChangeHandler.js" path="C:\projects\simple-widgets\src\makeChangeHandler.js">
          <metrics statements="9" coveredstatements="9" conditionals="9" coveredconditionals="9" methods="2" coveredmethods="2"/>
          <line num="5" count="36" type="stmt"/>
          <line num="7" count="16" type="cond" truecount="2" falsecount="0"/>
          <line num="8" count="1" type="stmt"/>
          <line num="10" count="15" type="cond" truecount="2" falsecount="0"/>
          <line num="11" count="7" type="stmt"/>
          <line num="13" count="15" type="cond" truecount="5" falsecount="0"/>
          <line num="15" count="14" type="stmt"/>
          <line num="16" count="14" type="stmt"/>
          <line num="20" count="14" type="stmt"/>
        </file>
      </package>
      <package name="src.DoubleListBox">
        <metrics statements="228" coveredstatements="182" conditionals="87" coveredconditionals="52" methods="61" coveredmethods="57"/>
        <file name="Column.js" path="C:\projects\simple-widgets\src\DoubleListBox\Column.js">
          <metrics statements="17" coveredstatements="17" conditionals="5" coveredconditionals="4" methods="6" coveredmethods="6"/>
          <line num="23" count="3" type="stmt"/>
          <line num="35" count="3" type="stmt"/>
          <line num="40" count="3" type="stmt"/>
          <line num="46" count="114" type="cond" truecount="2" falsecount="0"/>
          <line num="53" count="3" type="stmt"/>
          <line num="54" count="44" type="stmt"/>
          <line num="55" count="11" type="stmt"/>
          <line num="56" count="11" type="stmt"/>
          <line num="62" count="112" type="stmt"/>
          <line num="63" count="112" type="stmt"/>
          <line num="64" count="112" type="stmt"/>
          <line num="65" count="112" type="stmt"/>
          <line num="66" count="112" type="stmt"/>
          <line num="71" count="114" type="stmt"/>
          <line num="77" count="342" type="stmt"/>
          <line num="81" count="342" type="cond" truecount="2" falsecount="1"/>
          <line num="84" count="342" type="stmt"/>
        </file>
        <file name="DoubleListBox.js" path="C:\projects\simple-widgets\src\DoubleListBox\DoubleListBox.js">
          <metrics statements="75" coveredstatements="65" conditionals="24" coveredconditionals="16" methods="24" coveredmethods="22"/>
          <line num="32" count="3" type="stmt"/>
          <line num="37" count="3" type="stmt"/>
          <line num="38" count="112" type="stmt"/>
          <line num="39" count="336" type="stmt"/>
          <line num="49" count="25" type="stmt"/>
          <line num="51" count="25" type="stmt"/>
          <line num="59" count="25" type="stmt"/>
          <line num="63" count="3" type="cond" truecount="1" falsecount="1"/>
          <line num="65" count="3" type="stmt"/>
          <line num="66" count="3" type="stmt"/>
          <line num="68" count="6" type="stmt"/>
          <line num="69" count="12" type="stmt"/>
          <line num="73" count="3" type="stmt"/>
          <line num="74" count="3" type="stmt"/>
          <line num="75" count="3" type="stmt"/>
          <line num="76" count="3" type="stmt"/>
          <line num="79" count="3" type="stmt"/>
          <line num="85" count="1" type="stmt"/>
          <line num="86" count="1" type="stmt"/>
          <line num="94" count="25" type="stmt"/>
          <line num="95" count="25" type="stmt"/>
          <line num="96" count="25" type="stmt"/>
          <line num="100" count="7" type="stmt"/>
          <line num="101" count="7" type="stmt"/>
          <line num="102" count="7" type="stmt"/>
          <line num="106" count="2" type="stmt"/>
          <line num="107" count="2" type="stmt"/>
          <line num="112" count="2" type="cond" truecount="1" falsecount="1"/>
          <line num="113" count="2" type="stmt"/>
          <line num="115" count="2" type="stmt"/>
          <line num="121" count="2" type="stmt"/>
          <line num="122" count="2" type="stmt"/>
          <line num="127" count="2" type="cond" truecount="3" falsecount="1"/>
          <line num="128" count="0" type="stmt"/>
          <line num="129" count="0" type="stmt"/>
          <line num="132" count="2" type="stmt"/>
          <line num="139" count="2" type="stmt"/>
          <line num="143" count="10" type="cond" truecount="2" falsecount="0"/>
          <line num="144" count="7" type="stmt"/>
          <line num="149" count="3" type="cond" truecount="2" falsecount="0"/>
          <line num="150" count="2" type="stmt"/>
          <line num="155" count="9" type="cond" truecount="2" falsecount="0"/>
          <line num="156" count="8" type="stmt"/>
          <line num="159" count="1" type="stmt"/>
          <line num="163" count="0" type="cond" truecount="0" falsecount="2"/>
          <line num="164" count="0" type="stmt"/>
          <line num="167" count="0" type="stmt"/>
          <line num="171" count="12" type="stmt"/>
          <line num="172" count="12" type="stmt"/>
          <line num="174" count="12" type="stmt"/>
          <line num="177" count="12" type="cond" truecount="2" falsecount="0"/>
          <line num="178" count="10" type="stmt"/>
          <line num="183" count="2" type="cond" truecount="1" falsecount="1"/>
          <line num="184" count="0" type="stmt"/>
          <line num="189" count="2" type="stmt"/>
          <line num="194" count="12" type="stmt"/>
          <line num="198" count="1" type="stmt"/>
          <line num="199" count="1" type="stmt"/>
          <line num="202" count="1" type="cond" truecount="1" falsecount="1"/>
          <line num="203" count="1" type="stmt"/>
          <line num="206" count="1" type="stmt"/>
          <line num="210" count="0" type="stmt"/>
          <line num="211" count="0" type="stmt"/>
          <line num="212" count="0" type="stmt"/>
          <line num="219" count="1" type="stmt"/>
          <line num="225" count="1" type="cond" truecount="1" falsecount="1"/>
          <line num="226" count="1" type="stmt"/>
          <line num="229" count="0" type="stmt"/>
          <line num="235" count="1" type="stmt"/>
          <line num="239" count="7" type="stmt"/>
          <line num="245" count="56" type="stmt"/>
          <line num="246" count="56" type="stmt"/>
          <line num="247" count="56" type="stmt"/>
          <line num="248" count="94" type="stmt"/>
          <line num="255" count="112" type="stmt"/>
        </file>
        <file name="Task.js" path="C:\projects\simple-widgets\src\DoubleListBox\Task.js">
          <metrics statements="62" coveredstatements="50" conditionals="36" coveredconditionals="24" methods="15" coveredmethods="14"/>
          <line num="11" count="3" type="stmt"/>
          <line num="30" count="3" type="stmt"/>
          <line num="34" count="342" type="cond" truecount="1" falsecount="1"/>
          <line num="35" count="0" type="stmt"/>
          <line num="38" count="342" type="cond" truecount="2" falsecount="0"/>
          <line num="39" count="11" type="stmt"/>
          <line num="42" count="331" type="stmt"/>
          <line num="45" count="3" type="stmt"/>
          <line num="46" count="342" type="cond" truecount="1" falsecount="1"/>
          <line num="47" count="0" type="stmt"/>
          <line num="49" count="342" type="cond" truecount="2" falsecount="0"/>
          <line num="50" count="11" type="stmt"/>
          <line num="52" count="331" type="stmt"/>
          <line num="55" count="3" type="stmt"/>
          <line num="56" count="342" type="stmt"/>
          <line num="57" count="342" type="stmt"/>
          <line num="64" count="342" type="cond" truecount="2" falsecount="0"/>
          <line num="67" count="342" type="cond" truecount="1" falsecount="1"/>
          <line num="81" count="3" type="stmt"/>
          <line num="83" count="3" type="stmt"/>
          <line num="85" count="3" type="stmt"/>
          <line num="99" count="3" type="stmt"/>
          <line num="113" count="10" type="cond" truecount="1" falsecount="1"/>
          <line num="114" count="10" type="stmt"/>
          <line num="117" count="10" type="cond" truecount="2" falsecount="0"/>
          <line num="118" count="6" type="stmt"/>
          <line num="121" count="4" type="cond" truecount="1" falsecount="1"/>
          <line num="122" count="0" type="stmt"/>
          <line num="125" count="4" type="cond" truecount="2" falsecount="0"/>
          <line num="126" count="3" type="stmt"/>
          <line num="130" count="1" type="stmt"/>
          <line num="132" count="1" type="stmt"/>
          <line num="139" count="10" type="cond" truecount="1" falsecount="1"/>
          <line num="140" count="0" type="stmt"/>
          <line num="143" count="10" type="cond" truecount="2" falsecount="0"/>
          <line num="144" count="2" type="stmt"/>
          <line num="148" count="8" type="stmt"/>
          <line num="150" count="8" type="stmt"/>
          <line num="154" count="0" type="cond" truecount="0" falsecount="2"/>
          <line num="155" count="0" type="stmt"/>
          <line num="161" count="0" type="stmt"/>
          <line num="162" count="0" type="stmt"/>
          <line num="167" count="9" type="stmt"/>
          <line num="168" count="9" type="cond" truecount="1" falsecount="1"/>
          <line num="172" count="9" type="stmt"/>
          <line num="180" count="9" type="stmt"/>
          <line num="182" count="9" type="cond" truecount="1" falsecount="1"/>
          <line num="183" count="0" type="stmt"/>
          <line num="184" count="0" type="stmt"/>
          <line num="187" count="9" type="cond" truecount="1" falsecount="1"/>
          <line num="188" count="0" type="stmt"/>
          <line num="189" count="0" type="stmt"/>
          <line num="192" count="9" type="stmt"/>
          <line num="196" count="342" type="stmt"/>
          <line num="197" count="342" type="stmt"/>
          <line num="198" count="342" type="stmt"/>
          <line num="199" count="342" type="stmt"/>
          <line num="200" count="342" type="stmt"/>
          <line num="201" count="342" type="stmt"/>
          <line num="205" count="342" type="cond" truecount="2" falsecount="0"/>
          <line num="207" count="342" type="stmt"/>
          <line num="215" count="10" type="stmt"/>
        </file>
        <file name="buildEntities.js" path="C:\projects\simple-widgets\src\DoubleListBox\buildEntities.js">
          <metrics statements="17" coveredstatements="16" conditionals="4" coveredconditionals="3" methods="8" coveredmethods="8"/>
          <line num="8" count="26" type="cond" truecount="1" falsecount="1"/>
          <line num="10" count="0" type="stmt"/>
          <line num="13" count="26" type="cond" truecount="2" falsecount="0"/>
          <line num="15" count="1" type="stmt"/>
          <line num="18" count="26" type="stmt"/>
          <line num="19" count="156" type="stmt"/>
          <line num="25" count="26" type="stmt"/>
          <line num="27" count="156" type="stmt"/>
          <line num="28" count="156" type="stmt"/>
          <line num="33" count="26" type="stmt"/>
          <line num="34" count="312" type="stmt"/>
          <line num="37" count="26" type="stmt"/>
          <line num="40" count="156" type="stmt"/>
          <line num="43" count="26" type="stmt"/>
          <line num="46" count="156" type="stmt"/>
          <line num="49" count="26" type="stmt"/>
          <line num="58" count="26" type="stmt"/>
        </file>
        <file name="constants.js" path="C:\projects\simple-widgets\src\DoubleListBox\constants.js">
          <metrics statements="3" coveredstatements="3" conditionals="0" coveredconditionals="0" methods="0" coveredmethods="0"/>
          <line num="2" count="3" type="stmt"/>
          <line num="24" count="3" type="stmt"/>
          <line num="26" count="3" type="stmt"/>
        </file>
        <file name="utils.js" path="C:\projects\simple-widgets\src\DoubleListBox\utils.js">
          <metrics statements="54" coveredstatements="31" conditionals="18" coveredconditionals="5" methods="8" coveredmethods="7"/>
          <line num="9" count="3" type="stmt"/>
          <line num="10" count="2" type="stmt"/>
          <line num="11" count="2" type="stmt"/>
          <line num="12" count="2" type="stmt"/>
          <line num="14" count="2" type="stmt"/>
          <line num="31" count="3" type="stmt"/>
          <line num="37" count="3" type="stmt"/>
          <line num="44" count="2" type="cond" truecount="1" falsecount="1"/>
          <line num="45" count="2" type="stmt"/>
          <line num="46" count="2" type="stmt"/>
          <line num="52" count="2" type="stmt"/>
          <line num="60" count="2" type="stmt"/>
          <line num="67" count="0" type="stmt"/>
          <line num="68" count="0" type="stmt"/>
          <line num="71" count="0" type="stmt"/>
          <line num="74" count="0" type="stmt"/>
          <line num="75" count="0" type="stmt"/>
          <line num="78" count="0" type="stmt"/>
          <line num="79" count="0" type="stmt"/>
          <line num="81" count="0" type="stmt"/>
          <line num="90" count="0" type="stmt"/>
          <line num="98" count="3" type="stmt"/>
          <line num="99" count="2" type="stmt"/>
          <line num="100" count="4" type="stmt"/>
          <line num="101" count="4" type="stmt"/>
          <line num="104" count="2" type="stmt"/>
          <line num="106" count="2" type="stmt"/>
          <line num="110" count="3" type="stmt"/>
          <line num="111" count="2" type="cond" truecount="1" falsecount="1"/>
          <line num="112" count="0" type="stmt"/>
          <line num="114" count="2" type="stmt"/>
          <line num="117" count="3" type="stmt"/>
          <line num="119" count="1" type="cond" truecount="1" falsecount="1"/>
          <line num="120" count="0" type="stmt"/>
          <line num="123" count="1" type="stmt"/>
          <line num="124" count="1" type="stmt"/>
          <line num="126" count="1" type="stmt"/>
          <line num="127" count="1" type="stmt"/>
          <line num="128" count="1" type="stmt"/>
          <line num="132" count="1" type="cond" truecount="1" falsecount="1"/>
          <line num="133" count="0" type="stmt"/>
          <line num="140" count="1" type="cond" truecount="1" falsecount="1"/>
          <line num="141" count="1" type="stmt"/>
          <line num="144" count="0" type="stmt"/>
          <line num="145" count="0" type="cond" truecount="0" falsecount="2"/>
          <line num="146" count="0" type="cond" truecount="0" falsecount="2"/>
          <line num="148" count="0" type="stmt"/>
          <line num="153" count="0" type="stmt"/>
          <line num="155" count="0" type="cond" truecount="0" falsecount="2"/>
          <line num="156" count="0" type="stmt"/>
          <line num="158" count="0" type="stmt"/>
          <line num="162" count="0" type="cond" truecount="0" falsecount="2"/>
          <line num="163" count="0" type="stmt"/>
          <line num="165" count="0" type="stmt"/>
        </file>
      </package>
    </metrics>
  </project>
</coverage>
