{"C:\\projects\\simple-widgets\\src\\CheckBox.js": {"path":"C:\\projects\\simple-widgets\\src\\CheckBox.js","statementMap":{"0":{"start":{"line":4,"column":21},"end":{"line":12,"column":1}},"1":{"start":{"line":20,"column":17},"end":{"line":20,"column":42}},"2":{"start":{"line":21,"column":19},"end":{"line":21,"column":44}},"3":{"start":{"line":26,"column":4},"end":{"line":26,"column":17}},"4":{"start":{"line":28,"column":4},"end":{"line":28,"column":19}},"5":{"start":{"line":32,"column":2},"end":{"line":33,"column":25}},"6":{"start":{"line":33,"column":6},"end":{"line":33,"column":25}},"7":{"start":{"line":34,"column":2},"end":{"line":34,"column":34}},"8":{"start":{"line":35,"column":2},"end":{"line":35,"column":99}},"9":{"start":{"line":36,"column":2},"end":{"line":36,"column":25}},"10":{"start":{"line":40,"column":65},"end":{"line":40,"column":75}},"11":{"start":{"line":42,"column":20},"end":{"line":42,"column":54}},"12":{"start":{"line":43,"column":17},"end":{"line":43,"column":50}},"13":{"start":{"line":45,"column":11},"end":{"line":45,"column":45}},"14":{"start":{"line":46,"column":2},"end":{"line":50,"column":18}}},"fnMap":{"0":{"name":"(anonymous_0)","decl":{"start":{"line":25,"column":2},"end":{"line":25,"column":3}},"loc":{"start":{"line":25,"column":21},"end":{"line":29,"column":3}},"line":25},"1":{"name":"(anonymous_1)","decl":{"start":{"line":31,"column":0},"end":{"line":31,"column":1}},"loc":{"start":{"line":31,"column":10},"end":{"line":37,"column":1}},"line":31},"2":{"name":"(anonymous_2)","decl":{"start":{"line":39,"column":0},"end":{"line":39,"column":1}},"loc":{"start":{"line":39,"column":9},"end":{"line":51,"column":3}},"line":39}},"branchMap":{"0":{"loc":{"start":{"line":32,"column":2},"end":{"line":33,"column":25}},"type":"if","locations":[{"start":{"line":32,"column":2},"end":{"line":33,"column":25}},{"start":{"line":32,"column":2},"end":{"line":33,"column":25}}],"line":32},"1":{"loc":{"start":{"line":35,"column":19},"end":{"line":35,"column":98}},"type":"cond-expr","locations":[{"start":{"line":35,"column":69},"end":{"line":35,"column":71}},{"start":{"line":35,"column":74},"end":{"line":35,"column":98}}],"line":35},"2":{"loc":{"start":{"line":43,"column":17},"end":{"line":43,"column":50}},"type":"cond-expr","locations":[{"start":{"line":43,"column":31},"end":{"line":43,"column":38}},{"start":{"line":43,"column":41},"end":{"line":43,"column":50}}],"line":43}},"s":{"0":1,"1":1,"2":1,"3":28,"4":28,"5":4,"6":4,"7":4,"8":4,"9":4,"10":56,"11":56,"12":56,"13":56,"14":56},"f":{"0":28,"1":4,"2":56},"b":{"0":[4,0],"1":[2,2],"2":[2,54]},"_coverageSchema":"332fd63041d2c1bcb487cc26dd0d5f7d97098a6c","hash":"90bd5010d8f93f7411d966cddbb96dddf8452a2f"}
,"C:\\projects\\simple-widgets\\src\\Choice.js": {"path":"C:\\projects\\simple-widgets\\src\\Choice.js","statementMap":{"0":{"start":{"line":9,"column":16},"end":{"line":9,"column":31}},"1":{"start":{"line":10,"column":20},"end":{"line":10,"column":33}},"2":{"start":{"line":11,"column":4},"end":{"line":11,"column":25}},"3":{"start":{"line":12,"column":4},"end":{"line":16,"column":18}},"4":{"start":{"line":14,"column":37},"end":{"line":14,"column":78}}},"fnMap":{"0":{"name":"(anonymous_0)","decl":{"start":{"line":8,"column":2},"end":{"line":8,"column":3}},"loc":{"start":{"line":8,"column":11},"end":{"line":17,"column":3}},"line":8},"1":{"name":"(anonymous_1)","decl":{"start":{"line":14,"column":31},"end":{"line":14,"column":32}},"loc":{"start":{"line":14,"column":37},"end":{"line":14,"column":78}},"line":14}},"branchMap":{},"s":{"0":14,"1":14,"2":14,"3":14,"4":70},"f":{"0":14,"1":70},"b":{},"_coverageSchema":"332fd63041d2c1bcb487cc26dd0d5f7d97098a6c","hash":"8dbc89c9d3af9bc9a3635a1838b946edaaff1586"}
,"C:\\projects\\simple-widgets\\src\\DatePicker.js": {"path":"C:\\projects\\simple-widgets\\src\\DatePicker.js","statementMap":{"0":{"start":{"line":9,"column":4},"end":{"line":9,"column":17}},"1":{"start":{"line":11,"column":4},"end":{"line":11,"column":19}},"2":{"start":{"line":15,"column":6},"end":{"line":15,"column":65}}},"fnMap":{"0":{"name":"(anonymous_0)","decl":{"start":{"line":8,"column":2},"end":{"line":8,"column":3}},"loc":{"start":{"line":8,"column":21},"end":{"line":12,"column":3}},"line":8},"1":{"name":"(anonymous_1)","decl":{"start":{"line":14,"column":2},"end":{"line":14,"column":3}},"loc":{"start":{"line":14,"column":11},"end":{"line":16,"column":3}},"line":14}},"branchMap":{},"s":{"0":14,"1":14,"2":25},"f":{"0":14,"1":25},"b":{},"_coverageSchema":"332fd63041d2c1bcb487cc26dd0d5f7d97098a6c","hash":"210b3d454ad22adb034bdc3792f05c693cc61a5b"}
,"C:\\projects\\simple-widgets\\src\\DatePickerStyle.js": {"path":"C:\\projects\\simple-widgets\\src\\DatePickerStyle.js","statementMap":{"0":{"start":{"line":4,"column":4},"end":{"line":5,"column":14}},"1":{"start":{"line":5,"column":7},"end":{"line":5,"column":14}},"2":{"start":{"line":7,"column":25},"end":{"line":7,"column":68}},"3":{"start":{"line":8,"column":4},"end":{"line":13,"column":5}},"4":{"start":{"line":9,"column":7},"end":{"line":10,"column":55}},"5":{"start":{"line":10,"column":10},"end":{"line":10,"column":55}},"6":{"start":{"line":12,"column":7},"end":{"line":12,"column":40}},"7":{"start":{"line":17,"column":2},"end":{"line":17,"column":50}},"8":{"start":{"line":21,"column":2},"end":{"line":22,"column":12}},"9":{"start":{"line":22,"column":5},"end":{"line":22,"column":12}},"10":{"start":{"line":24,"column":16},"end":{"line":24,"column":54}},"11":{"start":{"line":25,"column":4},"end":{"line":25,"column":28}},"12":{"start":{"line":26,"column":4},"end":{"line":26,"column":30}},"13":{"start":{"line":27,"column":4},"end":{"line":27,"column":71}},"14":{"start":{"line":34,"column":26},"end":{"line":259,"column":1}}},"fnMap":{"0":{"name":"DatePickerStyle","decl":{"start":{"line":3,"column":16},"end":{"line":3,"column":31}},"loc":{"start":{"line":3,"column":34},"end":{"line":14,"column":1}},"line":3},"1":{"name":"isTestingWithJest","decl":{"start":{"line":16,"column":9},"end":{"line":16,"column":26}},"loc":{"start":{"line":16,"column":29},"end":{"line":18,"column":1}},"line":16},"2":{"name":"addClassRules","decl":{"start":{"line":20,"column":9},"end":{"line":20,"column":22}},"loc":{"start":{"line":20,"column":32},"end":{"line":29,"column":1}},"line":20}},"branchMap":{"0":{"loc":{"start":{"line":4,"column":4},"end":{"line":5,"column":14}},"type":"if","locations":[{"start":{"line":4,"column":4},"end":{"line":5,"column":14}},{"start":{"line":4,"column":4},"end":{"line":5,"column":14}}],"line":4},"1":{"loc":{"start":{"line":8,"column":4},"end":{"line":13,"column":5}},"type":"if","locations":[{"start":{"line":8,"column":4},"end":{"line":13,"column":5}},{"start":{"line":8,"column":4},"end":{"line":13,"column":5}}],"line":8},"2":{"loc":{"start":{"line":9,"column":7},"end":{"line":10,"column":55}},"type":"if","locations":[{"start":{"line":9,"column":7},"end":{"line":10,"column":55}},{"start":{"line":9,"column":7},"end":{"line":10,"column":55}}],"line":9},"3":{"loc":{"start":{"line":21,"column":2},"end":{"line":22,"column":12}},"type":"if","locations":[{"start":{"line":21,"column":2},"end":{"line":22,"column":12}},{"start":{"line":21,"column":2},"end":{"line":22,"column":12}}],"line":21}},"s":{"0":14,"1":0,"2":14,"3":14,"4":14,"5":0,"6":14,"7":14,"8":14,"9":0,"10":14,"11":14,"12":14,"13":14,"14":2},"f":{"0":14,"1":14,"2":14},"b":{"0":[0,14],"1":[14,0],"2":[0,14],"3":[0,14]},"_coverageSchema":"332fd63041d2c1bcb487cc26dd0d5f7d97098a6c","hash":"2e6103c877e9ce8ebb8e728c4219ec1299e77d7c"}
,"C:\\projects\\simple-widgets\\src\\Radio.js": {"path":"C:\\projects\\simple-widgets\\src\\Radio.js","statementMap":{"0":{"start":{"line":16,"column":16},"end":{"line":16,"column":41}},"1":{"start":{"line":17,"column":18},"end":{"line":17,"column":43}},"2":{"start":{"line":19,"column":13},"end":{"line":19,"column":27}},"3":{"start":{"line":24,"column":4},"end":{"line":24,"column":17}},"4":{"start":{"line":26,"column":4},"end":{"line":26,"column":19}},"5":{"start":{"line":30,"column":4},"end":{"line":31,"column":27}},"6":{"start":{"line":31,"column":8},"end":{"line":31,"column":27}},"7":{"start":{"line":32,"column":4},"end":{"line":32,"column":36}},"8":{"start":{"line":33,"column":4},"end":{"line":33,"column":46}},"9":{"start":{"line":34,"column":4},"end":{"line":34,"column":27}},"10":{"start":{"line":38,"column":58},"end":{"line":38,"column":68}},"11":{"start":{"line":40,"column":20},"end":{"line":40,"column":54}},"12":{"start":{"line":41,"column":17},"end":{"line":41,"column":50}},"13":{"start":{"line":43,"column":23},"end":{"line":43,"column":87}},"14":{"start":{"line":44,"column":13},"end":{"line":44,"column":40}},"15":{"start":{"line":45,"column":2},"end":{"line":51,"column":17}}},"fnMap":{"0":{"name":"(anonymous_0)","decl":{"start":{"line":23,"column":2},"end":{"line":23,"column":3}},"loc":{"start":{"line":23,"column":21},"end":{"line":27,"column":3}},"line":23},"1":{"name":"(anonymous_1)","decl":{"start":{"line":29,"column":0},"end":{"line":29,"column":1}},"loc":{"start":{"line":29,"column":10},"end":{"line":35,"column":3}},"line":29},"2":{"name":"(anonymous_2)","decl":{"start":{"line":37,"column":0},"end":{"line":37,"column":1}},"loc":{"start":{"line":37,"column":9},"end":{"line":52,"column":3}},"line":37}},"branchMap":{"0":{"loc":{"start":{"line":30,"column":4},"end":{"line":31,"column":27}},"type":"if","locations":[{"start":{"line":30,"column":4},"end":{"line":31,"column":27}},{"start":{"line":30,"column":4},"end":{"line":31,"column":27}}],"line":30},"1":{"loc":{"start":{"line":41,"column":17},"end":{"line":41,"column":50}},"type":"cond-expr","locations":[{"start":{"line":41,"column":31},"end":{"line":41,"column":38}},{"start":{"line":41,"column":41},"end":{"line":41,"column":50}}],"line":41}},"s":{"0":1,"1":1,"2":1,"3":21,"4":21,"5":2,"6":2,"7":2,"8":2,"9":2,"10":42,"11":42,"12":42,"13":42,"14":42,"15":42},"f":{"0":21,"1":2,"2":42},"b":{"0":[2,0],"1":[2,40]},"_coverageSchema":"332fd63041d2c1bcb487cc26dd0d5f7d97098a6c","hash":"852e84bf589f673f5653af9f106d1e48a5342b08"}
,"C:\\projects\\simple-widgets\\src\\UnstyledDatePicker.js": {"path":"C:\\projects\\simple-widgets\\src\\UnstyledDatePicker.js","statementMap":{"0":{"start":{"line":15,"column":15},"end":{"line":15,"column":25}},"1":{"start":{"line":18,"column":17},"end":{"line":18,"column":55}},"2":{"start":{"line":19,"column":2},"end":{"line":21,"column":3}},"3":{"start":{"line":20,"column":4},"end":{"line":20,"column":18}},"4":{"start":{"line":22,"column":2},"end":{"line":22,"column":19}},"5":{"start":{"line":26,"column":2},"end":{"line":26,"column":49}},"6":{"start":{"line":32,"column":4},"end":{"line":32,"column":17}},"7":{"start":{"line":34,"column":4},"end":{"line":34,"column":19}},"8":{"start":{"line":38,"column":4},"end":{"line":39,"column":25}},"9":{"start":{"line":39,"column":7},"end":{"line":39,"column":25}},"10":{"start":{"line":43,"column":18},"end":{"line":43,"column":64}},"11":{"start":{"line":46,"column":12},"end":{"line":46,"column":14}},"12":{"start":{"line":47,"column":4},"end":{"line":47,"column":17}},"13":{"start":{"line":48,"column":4},"end":{"line":48,"column":35}},"14":{"start":{"line":49,"column":4},"end":{"line":49,"column":26}},"15":{"start":{"line":50,"column":4},"end":{"line":50,"column":26}},"16":{"start":{"line":64,"column":30},"end":{"line":64,"column":40}},"17":{"start":{"line":65,"column":6},"end":{"line":66,"column":28}},"18":{"start":{"line":66,"column":9},"end":{"line":66,"column":28}},"19":{"start":{"line":68,"column":6},"end":{"line":68,"column":27}},"20":{"start":{"line":70,"column":6},"end":{"line":76,"column":16}}},"fnMap":{"0":{"name":"parseDate","decl":{"start":{"line":17,"column":9},"end":{"line":17,"column":18}},"loc":{"start":{"line":17,"column":40},"end":{"line":23,"column":1}},"line":17},"1":{"name":"formatDate","decl":{"start":{"line":25,"column":9},"end":{"line":25,"column":19}},"loc":{"start":{"line":25,"column":42},"end":{"line":27,"column":1}},"line":25},"2":{"name":"(anonymous_2)","decl":{"start":{"line":31,"column":2},"end":{"line":31,"column":3}},"loc":{"start":{"line":31,"column":21},"end":{"line":35,"column":3}},"line":31},"3":{"name":"(anonymous_3)","decl":{"start":{"line":37,"column":2},"end":{"line":37,"column":3}},"loc":{"start":{"line":37,"column":23},"end":{"line":40,"column":3}},"line":37},"4":{"name":"(anonymous_4)","decl":{"start":{"line":42,"column":2},"end":{"line":42,"column":3}},"loc":{"start":{"line":42,"column":58},"end":{"line":61,"column":3}},"line":42},"5":{"name":"(anonymous_5)","decl":{"start":{"line":63,"column":2},"end":{"line":63,"column":3}},"loc":{"start":{"line":63,"column":11},"end":{"line":77,"column":3}},"line":63}},"branchMap":{"0":{"loc":{"start":{"line":19,"column":2},"end":{"line":21,"column":3}},"type":"if","locations":[{"start":{"line":19,"column":2},"end":{"line":21,"column":3}},{"start":{"line":19,"column":2},"end":{"line":21,"column":3}}],"line":19},"1":{"loc":{"start":{"line":38,"column":4},"end":{"line":39,"column":25}},"type":"if","locations":[{"start":{"line":38,"column":4},"end":{"line":39,"column":25}},{"start":{"line":38,"column":4},"end":{"line":39,"column":25}}],"line":38},"2":{"loc":{"start":{"line":65,"column":6},"end":{"line":66,"column":28}},"type":"if","locations":[{"start":{"line":65,"column":6},"end":{"line":66,"column":28}},{"start":{"line":65,"column":6},"end":{"line":66,"column":28}}],"line":65}},"s":{"0":2,"1":15,"2":15,"3":14,"4":1,"5":0,"6":14,"7":14,"8":14,"9":14,"10":4,"11":4,"12":4,"13":4,"14":4,"15":4,"16":25,"17":25,"18":6,"19":25,"20":25},"f":{"0":15,"1":0,"2":14,"3":14,"4":4,"5":25},"b":{"0":[14,1],"1":[14,0],"2":[6,19]},"_coverageSchema":"332fd63041d2c1bcb487cc26dd0d5f7d97098a6c","hash":"cdc20a7e47f8eb4fceceb0635d237eba3e4e108f"}
,"C:\\projects\\simple-widgets\\src\\index.js": {"path":"C:\\projects\\simple-widgets\\src\\index.js","statementMap":{},"fnMap":{},"branchMap":{},"s":{},"f":{},"b":{},"_coverageSchema":"332fd63041d2c1bcb487cc26dd0d5f7d97098a6c","hash":"80517f7b7d2093f858864e49c5b736f7a4eebf4b"}
,"C:\\projects\\simple-widgets\\src\\makeChangeHandler.js": {"path":"C:\\projects\\simple-widgets\\src\\makeChangeHandler.js","statementMap":{"0":{"start":{"line":5,"column":2},"end":{"line":26,"column":5}},"1":{"start":{"line":7,"column":4},"end":{"line":8,"column":14}},"2":{"start":{"line":8,"column":7},"end":{"line":8,"column":14}},"3":{"start":{"line":10,"column":4},"end":{"line":11,"column":27}},"4":{"start":{"line":11,"column":8},"end":{"line":11,"column":27}},"5":{"start":{"line":13,"column":4},"end":{"line":25,"column":7}},"6":{"start":{"line":15,"column":26},"end":{"line":15,"column":28}},"7":{"start":{"line":16,"column":8},"end":{"line":16,"column":52}},"8":{"start":{"line":20,"column":8},"end":{"line":20,"column":44}}},"fnMap":{"0":{"name":"(anonymous_0)","decl":{"start":{"line":2,"column":15},"end":{"line":2,"column":16}},"loc":{"start":{"line":2,"column":40},"end":{"line":27,"column":1}},"line":2},"1":{"name":"(anonymous_1)","decl":{"start":{"line":5,"column":9},"end":{"line":5,"column":10}},"loc":{"start":{"line":5,"column":16},"end":{"line":26,"column":5}},"line":5}},"branchMap":{"0":{"loc":{"start":{"line":7,"column":4},"end":{"line":8,"column":14}},"type":"if","locations":[{"start":{"line":7,"column":4},"end":{"line":8,"column":14}},{"start":{"line":7,"column":4},"end":{"line":8,"column":14}}],"line":7},"1":{"loc":{"start":{"line":10,"column":4},"end":{"line":11,"column":27}},"type":"if","locations":[{"start":{"line":10,"column":4},"end":{"line":11,"column":27}},{"start":{"line":10,"column":4},"end":{"line":11,"column":27}}],"line":10},"2":{"loc":{"start":{"line":13,"column":4},"end":{"line":25,"column":7}},"type":"if","locations":[{"start":{"line":13,"column":4},"end":{"line":25,"column":7}},{"start":{"line":13,"column":4},"end":{"line":25,"column":7}}],"line":13},"3":{"loc":{"start":{"line":13,"column":8},"end":{"line":13,"column":66}},"type":"binary-expr","locations":[{"start":{"line":13,"column":8},"end":{"line":13,"column":21}},{"start":{"line":13,"column":25},"end":{"line":13,"column":43}},{"start":{"line":13,"column":47},"end":{"line":13,"column":66}}],"line":13}},"s":{"0":23,"1":15,"2":1,"3":14,"4":7,"5":14,"6":13,"7":13,"8":13},"f":{"0":23,"1":15},"b":{"0":[1,14],"1":[7,7],"2":[13,1],"3":[14,13,13]},"_coverageSchema":"332fd63041d2c1bcb487cc26dd0d5f7d97098a6c","hash":"402d9e8d75172030b48c5a69b6a5df866eb29be6"}
,"C:\\projects\\simple-widgets\\src\\DoubleListBox\\DoubleListBox.js": {"path":"C:\\projects\\simple-widgets\\src\\DoubleListBox\\DoubleListBox.js","statementMap":{"0":{"start":{"line":32,"column":18},"end":{"line":35,"column":1}},"1":{"start":{"line":37,"column":17},"end":{"line":40,"column":3}},"2":{"start":{"line":38,"column":2},"end":{"line":40,"column":3}},"3":{"start":{"line":39,"column":26},"end":{"line":39,"column":48}},"4":{"start":{"line":49,"column":4},"end":{"line":49,"column":17}},"5":{"start":{"line":51,"column":4},"end":{"line":55,"column":6}},"6":{"start":{"line":59,"column":4},"end":{"line":59,"column":19}},"7":{"start":{"line":63,"column":4},"end":{"line":81,"column":5}},"8":{"start":{"line":65,"column":27},"end":{"line":65,"column":74}},"9":{"start":{"line":66,"column":27},"end":{"line":66,"column":71}},"10":{"start":{"line":68,"column":20},"end":{"line":68,"column":75}},"11":{"start":{"line":68,"column":37},"end":{"line":68,"column":74}},"12":{"start":{"line":69,"column":20},"end":{"line":69,"column":75}},"13":{"start":{"line":69,"column":37},"end":{"line":69,"column":74}},"14":{"start":{"line":71,"column":6},"end":{"line":72,"column":40}},"15":{"start":{"line":74,"column":16},"end":{"line":74,"column":18}},"16":{"start":{"line":75,"column":6},"end":{"line":75,"column":19}},"17":{"start":{"line":76,"column":6},"end":{"line":76,"column":37}},"18":{"start":{"line":77,"column":6},"end":{"line":77,"column":28}},"19":{"start":{"line":80,"column":6},"end":{"line":80,"column":29}},"20":{"start":{"line":86,"column":20},"end":{"line":86,"column":38}},"21":{"start":{"line":87,"column":4},"end":{"line":91,"column":27}},"22":{"start":{"line":95,"column":4},"end":{"line":95,"column":57}},"23":{"start":{"line":96,"column":4},"end":{"line":96,"column":61}},"24":{"start":{"line":97,"column":4},"end":{"line":97,"column":63}},"25":{"start":{"line":101,"column":4},"end":{"line":101,"column":60}},"26":{"start":{"line":102,"column":4},"end":{"line":102,"column":64}},"27":{"start":{"line":103,"column":4},"end":{"line":103,"column":66}},"28":{"start":{"line":107,"column":23},"end":{"line":107,"column":40}},"29":{"start":{"line":108,"column":26},"end":{"line":110,"column":5}},"30":{"start":{"line":109,"column":31},"end":{"line":109,"column":44}},"31":{"start":{"line":112,"column":4},"end":{"line":112,"column":36}},"32":{"start":{"line":115,"column":4},"end":{"line":117,"column":5}},"33":{"start":{"line":116,"column":6},"end":{"line":116,"column":25}},"34":{"start":{"line":118,"column":4},"end":{"line":120,"column":7}},"35":{"start":{"line":124,"column":44},"end":{"line":124,"column":62}},"36":{"start":{"line":125,"column":38},"end":{"line":125,"column":51}},"37":{"start":{"line":127,"column":4},"end":{"line":127,"column":72}},"38":{"start":{"line":130,"column":4},"end":{"line":135,"column":5}},"39":{"start":{"line":131,"column":6},"end":{"line":133,"column":9}},"40":{"start":{"line":134,"column":6},"end":{"line":134,"column":13}},"41":{"start":{"line":137,"column":37},"end":{"line":142,"column":6}},"42":{"start":{"line":144,"column":4},"end":{"line":144,"column":79}},"43":{"start":{"line":148,"column":4},"end":{"line":150,"column":5}},"44":{"start":{"line":149,"column":6},"end":{"line":149,"column":13}},"45":{"start":{"line":151,"column":4},"end":{"line":151,"column":44}},"46":{"start":{"line":154,"column":4},"end":{"line":156,"column":5}},"47":{"start":{"line":155,"column":6},"end":{"line":155,"column":25}},"48":{"start":{"line":160,"column":4},"end":{"line":162,"column":5}},"49":{"start":{"line":161,"column":6},"end":{"line":161,"column":13}},"50":{"start":{"line":163,"column":4},"end":{"line":163,"column":40}},"51":{"start":{"line":164,"column":4},"end":{"line":164,"column":23}},"52":{"start":{"line":168,"column":4},"end":{"line":170,"column":5}},"53":{"start":{"line":169,"column":6},"end":{"line":169,"column":13}},"54":{"start":{"line":171,"column":4},"end":{"line":171,"column":45}},"55":{"start":{"line":172,"column":4},"end":{"line":172,"column":23}},"56":{"start":{"line":176,"column":34},"end":{"line":176,"column":60}},"57":{"start":{"line":177,"column":33},"end":{"line":177,"column":65}},"58":{"start":{"line":179,"column":29},"end":{"line":195,"column":8}},"59":{"start":{"line":182,"column":6},"end":{"line":184,"column":7}},"60":{"start":{"line":183,"column":8},"end":{"line":183,"column":24}},"61":{"start":{"line":188,"column":6},"end":{"line":190,"column":7}},"62":{"start":{"line":189,"column":8},"end":{"line":189,"column":24}},"63":{"start":{"line":194,"column":6},"end":{"line":194,"column":16}},"64":{"start":{"line":197,"column":4},"end":{"line":197,"column":49}},"65":{"start":{"line":199,"column":4},"end":{"line":199,"column":52}},"66":{"start":{"line":203,"column":34},"end":{"line":203,"column":60}},"67":{"start":{"line":204,"column":26},"end":{"line":204,"column":57}},"68":{"start":{"line":207,"column":4},"end":{"line":212,"column":5}},"69":{"start":{"line":208,"column":6},"end":{"line":210,"column":9}},"70":{"start":{"line":211,"column":6},"end":{"line":211,"column":13}},"71":{"start":{"line":215,"column":26},"end":{"line":215,"column":46}},"72":{"start":{"line":216,"column":4},"end":{"line":216,"column":29}},"73":{"start":{"line":217,"column":4},"end":{"line":219,"column":7}},"74":{"start":{"line":224,"column":29},"end":{"line":228,"column":5}},"75":{"start":{"line":230,"column":4},"end":{"line":232,"column":5}},"76":{"start":{"line":231,"column":6},"end":{"line":231,"column":13}},"77":{"start":{"line":234,"column":4},"end":{"line":236,"column":7}},"78":{"start":{"line":240,"column":4},"end":{"line":240,"column":23}},"79":{"start":{"line":244,"column":4},"end":{"line":246,"column":7}},"80":{"start":{"line":250,"column":31},"end":{"line":250,"column":50}},"81":{"start":{"line":251,"column":27},"end":{"line":251,"column":53}},"82":{"start":{"line":252,"column":4},"end":{"line":274,"column":6}},"83":{"start":{"line":253,"column":26},"end":{"line":253,"column":43}},"84":{"start":{"line":260,"column":14},"end":{"line":269,"column":16}}},"fnMap":{"0":{"name":"(anonymous_0)","decl":{"start":{"line":37,"column":17},"end":{"line":37,"column":18}},"loc":{"start":{"line":38,"column":2},"end":{"line":40,"column":3}},"line":38},"1":{"name":"(anonymous_1)","decl":{"start":{"line":39,"column":4},"end":{"line":39,"column":5}},"loc":{"start":{"line":39,"column":26},"end":{"line":39,"column":48}},"line":39},"2":{"name":"(anonymous_2)","decl":{"start":{"line":48,"column":2},"end":{"line":48,"column":3}},"loc":{"start":{"line":48,"column":32},"end":{"line":60,"column":3}},"line":48},"3":{"name":"(anonymous_3)","decl":{"start":{"line":62,"column":2},"end":{"line":62,"column":3}},"loc":{"start":{"line":62,"column":19},"end":{"line":83,"column":3}},"line":62},"4":{"name":"(anonymous_4)","decl":{"start":{"line":68,"column":31},"end":{"line":68,"column":32}},"loc":{"start":{"line":68,"column":37},"end":{"line":68,"column":74}},"line":68},"5":{"name":"(anonymous_5)","decl":{"start":{"line":69,"column":31},"end":{"line":69,"column":32}},"loc":{"start":{"line":69,"column":37},"end":{"line":69,"column":74}},"line":69},"6":{"name":"(anonymous_6)","decl":{"start":{"line":85,"column":2},"end":{"line":85,"column":3}},"loc":{"start":{"line":85,"column":14},"end":{"line":92,"column":3}},"line":85},"7":{"name":"(anonymous_7)","decl":{"start":{"line":94,"column":2},"end":{"line":94,"column":3}},"loc":{"start":{"line":94,"column":22},"end":{"line":98,"column":3}},"line":94},"8":{"name":"(anonymous_8)","decl":{"start":{"line":100,"column":2},"end":{"line":100,"column":3}},"loc":{"start":{"line":100,"column":25},"end":{"line":104,"column":3}},"line":100},"9":{"name":"(anonymous_9)","decl":{"start":{"line":106,"column":16},"end":{"line":106,"column":17}},"loc":{"start":{"line":106,"column":38},"end":{"line":121,"column":3}},"line":106},"10":{"name":"(anonymous_10)","decl":{"start":{"line":109,"column":6},"end":{"line":109,"column":7}},"loc":{"start":{"line":109,"column":31},"end":{"line":109,"column":44}},"line":109},"11":{"name":"(anonymous_11)","decl":{"start":{"line":123,"column":14},"end":{"line":123,"column":15}},"loc":{"start":{"line":123,"column":38},"end":{"line":145,"column":3}},"line":123},"12":{"name":"(anonymous_12)","decl":{"start":{"line":147,"column":20},"end":{"line":147,"column":21}},"loc":{"start":{"line":147,"column":46},"end":{"line":157,"column":3}},"line":147},"13":{"name":"(anonymous_13)","decl":{"start":{"line":159,"column":18},"end":{"line":159,"column":19}},"loc":{"start":{"line":159,"column":44},"end":{"line":165,"column":3}},"line":159},"14":{"name":"(anonymous_14)","decl":{"start":{"line":167,"column":21},"end":{"line":167,"column":22}},"loc":{"start":{"line":167,"column":44},"end":{"line":173,"column":3}},"line":167},"15":{"name":"(anonymous_15)","decl":{"start":{"line":175,"column":20},"end":{"line":175,"column":21}},"loc":{"start":{"line":175,"column":36},"end":{"line":200,"column":3}},"line":175},"16":{"name":"(anonymous_16)","decl":{"start":{"line":179,"column":30},"end":{"line":179,"column":31}},"loc":{"start":{"line":179,"column":36},"end":{"line":195,"column":5}},"line":179},"17":{"name":"(anonymous_17)","decl":{"start":{"line":202,"column":27},"end":{"line":202,"column":28}},"loc":{"start":{"line":202,"column":43},"end":{"line":220,"column":3}},"line":202},"18":{"name":"(anonymous_18)","decl":{"start":{"line":223,"column":18},"end":{"line":223,"column":19}},"loc":{"start":{"line":223,"column":37},"end":{"line":237,"column":3}},"line":223},"19":{"name":"(anonymous_19)","decl":{"start":{"line":239,"column":13},"end":{"line":239,"column":14}},"loc":{"start":{"line":239,"column":19},"end":{"line":241,"column":3}},"line":239},"20":{"name":"(anonymous_20)","decl":{"start":{"line":243,"column":16},"end":{"line":243,"column":17}},"loc":{"start":{"line":243,"column":22},"end":{"line":247,"column":3}},"line":243},"21":{"name":"(anonymous_21)","decl":{"start":{"line":249,"column":2},"end":{"line":249,"column":3}},"loc":{"start":{"line":249,"column":11},"end":{"line":275,"column":3}},"line":249},"22":{"name":"(anonymous_22)","decl":{"start":{"line":253,"column":16},"end":{"line":253,"column":17}},"loc":{"start":{"line":253,"column":26},"end":{"line":253,"column":43}},"line":253},"23":{"name":"(anonymous_23)","decl":{"start":{"line":259,"column":38},"end":{"line":259,"column":39}},"loc":{"start":{"line":260,"column":14},"end":{"line":269,"column":16}},"line":260}},"branchMap":{"0":{"loc":{"start":{"line":63,"column":4},"end":{"line":81,"column":5}},"type":"if","locations":[{"start":{"line":63,"column":4},"end":{"line":81,"column":5}},{"start":{"line":63,"column":4},"end":{"line":81,"column":5}}],"line":63},"1":{"loc":{"start":{"line":115,"column":4},"end":{"line":117,"column":5}},"type":"if","locations":[{"start":{"line":115,"column":4},"end":{"line":117,"column":5}},{"start":{"line":115,"column":4},"end":{"line":117,"column":5}}],"line":115},"2":{"loc":{"start":{"line":130,"column":4},"end":{"line":135,"column":5}},"type":"if","locations":[{"start":{"line":130,"column":4},"end":{"line":135,"column":5}},{"start":{"line":130,"column":4},"end":{"line":135,"column":5}}],"line":130},"3":{"loc":{"start":{"line":130,"column":8},"end":{"line":130,"column":50}},"type":"binary-expr","locations":[{"start":{"line":130,"column":8},"end":{"line":130,"column":20}},{"start":{"line":130,"column":24},"end":{"line":130,"column":50}}],"line":130},"4":{"loc":{"start":{"line":148,"column":4},"end":{"line":150,"column":5}},"type":"if","locations":[{"start":{"line":148,"column":4},"end":{"line":150,"column":5}},{"start":{"line":148,"column":4},"end":{"line":150,"column":5}}],"line":148},"5":{"loc":{"start":{"line":154,"column":4},"end":{"line":156,"column":5}},"type":"if","locations":[{"start":{"line":154,"column":4},"end":{"line":156,"column":5}},{"start":{"line":154,"column":4},"end":{"line":156,"column":5}}],"line":154},"6":{"loc":{"start":{"line":160,"column":4},"end":{"line":162,"column":5}},"type":"if","locations":[{"start":{"line":160,"column":4},"end":{"line":162,"column":5}},{"start":{"line":160,"column":4},"end":{"line":162,"column":5}}],"line":160},"7":{"loc":{"start":{"line":168,"column":4},"end":{"line":170,"column":5}},"type":"if","locations":[{"start":{"line":168,"column":4},"end":{"line":170,"column":5}},{"start":{"line":168,"column":4},"end":{"line":170,"column":5}}],"line":168},"8":{"loc":{"start":{"line":182,"column":6},"end":{"line":184,"column":7}},"type":"if","locations":[{"start":{"line":182,"column":6},"end":{"line":184,"column":7}},{"start":{"line":182,"column":6},"end":{"line":184,"column":7}}],"line":182},"9":{"loc":{"start":{"line":188,"column":6},"end":{"line":190,"column":7}},"type":"if","locations":[{"start":{"line":188,"column":6},"end":{"line":190,"column":7}},{"start":{"line":188,"column":6},"end":{"line":190,"column":7}}],"line":188},"10":{"loc":{"start":{"line":207,"column":4},"end":{"line":212,"column":5}},"type":"if","locations":[{"start":{"line":207,"column":4},"end":{"line":212,"column":5}},{"start":{"line":207,"column":4},"end":{"line":212,"column":5}}],"line":207},"11":{"loc":{"start":{"line":230,"column":4},"end":{"line":232,"column":5}},"type":"if","locations":[{"start":{"line":230,"column":4},"end":{"line":232,"column":5}},{"start":{"line":230,"column":4},"end":{"line":232,"column":5}}],"line":230}},"s":{"0":3,"1":3,"2":46,"3":138,"4":12,"5":12,"6":12,"7":2,"8":2,"9":2,"10":2,"11":3,"12":2,"13":9,"14":2,"15":2,"16":2,"17":2,"18":2,"19":2,"20":1,"21":1,"22":12,"23":12,"24":12,"25":1,"26":1,"27":1,"28":1,"29":1,"30":0,"31":1,"32":1,"33":1,"34":1,"35":1,"36":1,"37":1,"38":1,"39":0,"40":0,"41":1,"42":1,"43":3,"44":3,"45":0,"46":0,"47":0,"48":0,"49":0,"50":0,"51":0,"52":0,"53":0,"54":0,"55":0,"56":0,"57":0,"58":0,"59":0,"60":0,"61":0,"62":0,"63":0,"64":0,"65":0,"66":0,"67":0,"68":0,"69":0,"70":0,"71":0,"72":0,"73":0,"74":0,"75":0,"76":0,"77":0,"78":0,"79":1,"80":23,"81":23,"82":23,"83":35,"84":46},"f":{"0":46,"1":138,"2":12,"3":2,"4":3,"5":9,"6":1,"7":12,"8":1,"9":1,"10":0,"11":1,"12":3,"13":0,"14":0,"15":0,"16":0,"17":0,"18":0,"19":0,"20":1,"21":23,"22":35,"23":46},"b":{"0":[2,0],"1":[1,0],"2":[0,1],"3":[1,1],"4":[3,0],"5":[0,0],"6":[0,0],"7":[0,0],"8":[0,0],"9":[0,0],"10":[0,0],"11":[0,0]},"_coverageSchema":"332fd63041d2c1bcb487cc26dd0d5f7d97098a6c","hash":"4ca4fa97106cdb9f7ab50c8dc28b3940ba63d8a8"}
,"C:\\projects\\simple-widgets\\src\\DoubleListBox\\buildEntities.js": {"path":"C:\\projects\\simple-widgets\\src\\DoubleListBox\\buildEntities.js","statementMap":{"0":{"start":{"line":8,"column":0},"end":{"line":11,"column":1}},"1":{"start":{"line":10,"column":3},"end":{"line":10,"column":16}},"2":{"start":{"line":13,"column":0},"end":{"line":16,"column":1}},"3":{"start":{"line":15,"column":3},"end":{"line":15,"column":16}},"4":{"start":{"line":18,"column":22},"end":{"line":23,"column":1}},"5":{"start":{"line":19,"column":37},"end":{"line":22,"column":3}},"6":{"start":{"line":25,"column":25},"end":{"line":31,"column":1}},"7":{"start":{"line":27,"column":4},"end":{"line":27,"column":35}},"8":{"start":{"line":28,"column":4},"end":{"line":28,"column":20}},"9":{"start":{"line":33,"column":19},"end":{"line":35,"column":1}},"10":{"start":{"line":34,"column":2},"end":{"line":34,"column":39}},"11":{"start":{"line":37,"column":21},"end":{"line":41,"column":1}},"12":{"start":{"line":40,"column":32},"end":{"line":40,"column":57}},"13":{"start":{"line":40,"column":83},"end":{"line":40,"column":90}},"14":{"start":{"line":43,"column":21},"end":{"line":47,"column":1}},"15":{"start":{"line":46,"column":32},"end":{"line":46,"column":56}},"16":{"start":{"line":46,"column":82},"end":{"line":46,"column":89}},"17":{"start":{"line":49,"column":27},"end":{"line":56,"column":1}},"18":{"start":{"line":58,"column":3},"end":{"line":58,"column":19}}},"fnMap":{"0":{"name":"(anonymous_0)","decl":{"start":{"line":4,"column":15},"end":{"line":4,"column":16}},"loc":{"start":{"line":4,"column":69},"end":{"line":59,"column":1}},"line":4},"1":{"name":"(anonymous_1)","decl":{"start":{"line":19,"column":2},"end":{"line":19,"column":3}},"loc":{"start":{"line":19,"column":37},"end":{"line":22,"column":3}},"line":19},"2":{"name":"(anonymous_2)","decl":{"start":{"line":26,"column":2},"end":{"line":26,"column":3}},"loc":{"start":{"line":26,"column":49},"end":{"line":29,"column":3}},"line":26},"3":{"name":"(anonymous_3)","decl":{"start":{"line":33,"column":19},"end":{"line":33,"column":20}},"loc":{"start":{"line":33,"column":48},"end":{"line":35,"column":1}},"line":33},"4":{"name":"(anonymous_4)","decl":{"start":{"line":40,"column":24},"end":{"line":40,"column":25}},"loc":{"start":{"line":40,"column":32},"end":{"line":40,"column":57}},"line":40},"5":{"name":"(anonymous_5)","decl":{"start":{"line":40,"column":63},"end":{"line":40,"column":64}},"loc":{"start":{"line":40,"column":83},"end":{"line":40,"column":90}},"line":40},"6":{"name":"(anonymous_6)","decl":{"start":{"line":46,"column":24},"end":{"line":46,"column":25}},"loc":{"start":{"line":46,"column":32},"end":{"line":46,"column":56}},"line":46},"7":{"name":"(anonymous_7)","decl":{"start":{"line":46,"column":62},"end":{"line":46,"column":63}},"loc":{"start":{"line":46,"column":82},"end":{"line":46,"column":89}},"line":46}},"branchMap":{"0":{"loc":{"start":{"line":8,"column":0},"end":{"line":11,"column":1}},"type":"if","locations":[{"start":{"line":8,"column":0},"end":{"line":11,"column":1}},{"start":{"line":8,"column":0},"end":{"line":11,"column":1}}],"line":8},"1":{"loc":{"start":{"line":13,"column":0},"end":{"line":16,"column":1}},"type":"if","locations":[{"start":{"line":13,"column":0},"end":{"line":16,"column":1}},{"start":{"line":13,"column":0},"end":{"line":16,"column":1}}],"line":13}},"s":{"0":13,"1":0,"2":13,"3":1,"4":13,"5":78,"6":13,"7":78,"8":78,"9":13,"10":156,"11":13,"12":78,"13":39,"14":13,"15":78,"16":39,"17":13,"18":13},"f":{"0":13,"1":78,"2":78,"3":156,"4":78,"5":39,"6":78,"7":39},"b":{"0":[0,13],"1":[1,12]},"_coverageSchema":"332fd63041d2c1bcb487cc26dd0d5f7d97098a6c","hash":"c5c5c42c46c59a5b74bafd6d231062fff59509e1"}
,"C:\\projects\\simple-widgets\\src\\DoubleListBox\\column.js": {"path":"C:\\projects\\simple-widgets\\src\\DoubleListBox\\column.js","statementMap":{"0":{"start":{"line":23,"column":18},"end":{"line":33,"column":1}},"1":{"start":{"line":35,"column":14},"end":{"line":38,"column":1}},"2":{"start":{"line":40,"column":17},"end":{"line":47,"column":1}},"3":{"start":{"line":46,"column":4},"end":{"line":46,"column":73}},"4":{"start":{"line":53,"column":23},"end":{"line":58,"column":1}},"5":{"start":{"line":54,"column":2},"end":{"line":57,"column":8}},"6":{"start":{"line":55,"column":4},"end":{"line":55,"column":29}},"7":{"start":{"line":56,"column":4},"end":{"line":56,"column":20}},"8":{"start":{"line":62,"column":31},"end":{"line":62,"column":48}},"9":{"start":{"line":63,"column":30},"end":{"line":63,"column":46}},"10":{"start":{"line":64,"column":34},"end":{"line":64,"column":60}},"11":{"start":{"line":65,"column":32},"end":{"line":65,"column":57}},"12":{"start":{"line":66,"column":4},"end":{"line":103,"column":6}},"13":{"start":{"line":71,"column":12},"end":{"line":99,"column":23}},"14":{"start":{"line":77,"column":44},"end":{"line":79,"column":17}},"15":{"start":{"line":81,"column":18},"end":{"line":83,"column":44}},"16":{"start":{"line":84,"column":16},"end":{"line":96,"column":18}}},"fnMap":{"0":{"name":"(anonymous_0)","decl":{"start":{"line":45,"column":4},"end":{"line":45,"column":5}},"loc":{"start":{"line":46,"column":4},"end":{"line":46,"column":73}},"line":46},"1":{"name":"(anonymous_1)","decl":{"start":{"line":53,"column":34},"end":{"line":53,"column":35}},"loc":{"start":{"line":54,"column":2},"end":{"line":57,"column":8}},"line":54},"2":{"name":"(anonymous_2)","decl":{"start":{"line":54,"column":25},"end":{"line":54,"column":26}},"loc":{"start":{"line":54,"column":74},"end":{"line":57,"column":3}},"line":54},"3":{"name":"(anonymous_3)","decl":{"start":{"line":61,"column":2},"end":{"line":61,"column":3}},"loc":{"start":{"line":61,"column":11},"end":{"line":104,"column":3}},"line":61},"4":{"name":"(anonymous_4)","decl":{"start":{"line":70,"column":11},"end":{"line":70,"column":12}},"loc":{"start":{"line":71,"column":12},"end":{"line":99,"column":23}},"line":71},"5":{"name":"(anonymous_5)","decl":{"start":{"line":76,"column":25},"end":{"line":76,"column":26}},"loc":{"start":{"line":76,"column":60},"end":{"line":97,"column":15}},"line":76}},"branchMap":{"0":{"loc":{"start":{"line":46,"column":4},"end":{"line":46,"column":73}},"type":"cond-expr","locations":[{"start":{"line":46,"column":27},"end":{"line":46,"column":68}},{"start":{"line":46,"column":71},"end":{"line":46,"column":73}}],"line":46},"1":{"loc":{"start":{"line":81,"column":18},"end":{"line":83,"column":44}},"type":"binary-expr","locations":[{"start":{"line":81,"column":18},"end":{"line":81,"column":28}},{"start":{"line":82,"column":18},"end":{"line":82,"column":41}},{"start":{"line":83,"column":18},"end":{"line":83,"column":44}}],"line":81}},"s":{"0":3,"1":3,"2":3,"3":47,"4":3,"5":13,"6":0,"7":0,"8":46,"9":46,"10":46,"11":46,"12":46,"13":47,"14":141,"15":141,"16":141},"f":{"0":47,"1":13,"2":0,"3":46,"4":47,"5":141},"b":{"0":[1,46],"1":[141,0,0]},"_coverageSchema":"332fd63041d2c1bcb487cc26dd0d5f7d97098a6c","hash":"3db37cbf3ed620afef94a4001f6705d0e1d442b3"}
,"C:\\projects\\simple-widgets\\src\\DoubleListBox\\constants.js": {"path":"C:\\projects\\simple-widgets\\src\\DoubleListBox\\constants.js","statementMap":{"0":{"start":{"line":2,"column":22},"end":{"line":22,"column":1}},"1":{"start":{"line":24,"column":28},"end":{"line":24,"column":29}},"2":{"start":{"line":26,"column":36},"end":{"line":26,"column":37}}},"fnMap":{},"branchMap":{},"s":{"0":3,"1":3,"2":3},"f":{},"b":{},"_coverageSchema":"332fd63041d2c1bcb487cc26dd0d5f7d97098a6c","hash":"64cef72ecaa3937cea1e3aa51f62a23a2501d71d"}
,"C:\\projects\\simple-widgets\\src\\DoubleListBox\\task.js": {"path":"C:\\projects\\simple-widgets\\src\\DoubleListBox\\task.js","statementMap":{"0":{"start":{"line":11,"column":22},"end":{"line":11,"column":23}},"1":{"start":{"line":30,"column":27},"end":{"line":43,"column":1}},"2":{"start":{"line":34,"column":2},"end":{"line":36,"column":3}},"3":{"start":{"line":35,"column":4},"end":{"line":35,"column":29}},"4":{"start":{"line":38,"column":2},"end":{"line":40,"column":3}},"5":{"start":{"line":39,"column":4},"end":{"line":39,"column":29}},"6":{"start":{"line":42,"column":2},"end":{"line":42,"column":27}},"7":{"start":{"line":45,"column":17},"end":{"line":53,"column":1}},"8":{"start":{"line":46,"column":2},"end":{"line":48,"column":3}},"9":{"start":{"line":47,"column":4},"end":{"line":47,"column":22}},"10":{"start":{"line":49,"column":2},"end":{"line":51,"column":3}},"11":{"start":{"line":50,"column":4},"end":{"line":50,"column":28}},"12":{"start":{"line":52,"column":2},"end":{"line":52,"column":22}},"13":{"start":{"line":55,"column":18},"end":{"line":79,"column":1}},"14":{"start":{"line":56,"column":31},"end":{"line":56,"column":56}},"15":{"start":{"line":57,"column":20},"end":{"line":57,"column":35}},"16":{"start":{"line":64,"column":4},"end":{"line":66,"column":10}},"17":{"start":{"line":67,"column":4},"end":{"line":69,"column":10}},"18":{"start":{"line":81,"column":16},"end":{"line":81,"column":31}},"19":{"start":{"line":83,"column":21},"end":{"line":83,"column":23}},"20":{"start":{"line":85,"column":23},"end":{"line":97,"column":1}},"21":{"start":{"line":99,"column":17},"end":{"line":105,"column":1}},"22":{"start":{"line":113,"column":4},"end":{"line":115,"column":5}},"23":{"start":{"line":114,"column":6},"end":{"line":114,"column":48}},"24":{"start":{"line":117,"column":4},"end":{"line":119,"column":5}},"25":{"start":{"line":118,"column":6},"end":{"line":118,"column":13}},"26":{"start":{"line":121,"column":4},"end":{"line":123,"column":5}},"27":{"start":{"line":122,"column":6},"end":{"line":122,"column":13}},"28":{"start":{"line":125,"column":4},"end":{"line":127,"column":5}},"29":{"start":{"line":126,"column":6},"end":{"line":126,"column":13}},"30":{"start":{"line":130,"column":4},"end":{"line":130,"column":27}},"31":{"start":{"line":132,"column":4},"end":{"line":132,"column":30}},"32":{"start":{"line":138,"column":4},"end":{"line":140,"column":5}},"33":{"start":{"line":139,"column":6},"end":{"line":139,"column":13}},"34":{"start":{"line":142,"column":4},"end":{"line":144,"column":5}},"35":{"start":{"line":143,"column":6},"end":{"line":143,"column":13}},"36":{"start":{"line":147,"column":4},"end":{"line":147,"column":27}},"37":{"start":{"line":149,"column":4},"end":{"line":149,"column":30}},"38":{"start":{"line":153,"column":4},"end":{"line":155,"column":5}},"39":{"start":{"line":154,"column":6},"end":{"line":154,"column":13}},"40":{"start":{"line":160,"column":4},"end":{"line":160,"column":27}},"41":{"start":{"line":161,"column":4},"end":{"line":161,"column":58}},"42":{"start":{"line":166,"column":27},"end":{"line":166,"column":65}},"43":{"start":{"line":167,"column":4},"end":{"line":167,"column":58}},"44":{"start":{"line":171,"column":65},"end":{"line":171,"column":79}},"45":{"start":{"line":179,"column":8},"end":{"line":179,"column":18}},"46":{"start":{"line":181,"column":4},"end":{"line":184,"column":5}},"47":{"start":{"line":182,"column":6},"end":{"line":182,"column":38}},"48":{"start":{"line":183,"column":6},"end":{"line":183,"column":13}},"49":{"start":{"line":186,"column":4},"end":{"line":189,"column":5}},"50":{"start":{"line":187,"column":6},"end":{"line":187,"column":29}},"51":{"start":{"line":188,"column":6},"end":{"line":188,"column":13}},"52":{"start":{"line":191,"column":4},"end":{"line":191,"column":29}},"53":{"start":{"line":195,"column":27},"end":{"line":195,"column":42}},"54":{"start":{"line":196,"column":26},"end":{"line":196,"column":42}},"55":{"start":{"line":197,"column":32},"end":{"line":197,"column":53}},"56":{"start":{"line":198,"column":35},"end":{"line":198,"column":60}},"57":{"start":{"line":199,"column":32},"end":{"line":199,"column":53}},"58":{"start":{"line":200,"column":4},"end":{"line":228,"column":6}},"59":{"start":{"line":204,"column":12},"end":{"line":204,"column":53}},"60":{"start":{"line":206,"column":10},"end":{"line":225,"column":12}},"61":{"start":{"line":214,"column":16},"end":{"line":214,"column":57}}},"fnMap":{"0":{"name":"(anonymous_0)","decl":{"start":{"line":30,"column":27},"end":{"line":30,"column":28}},"loc":{"start":{"line":33,"column":38},"end":{"line":43,"column":1}},"line":33},"1":{"name":"(anonymous_1)","decl":{"start":{"line":45,"column":17},"end":{"line":45,"column":18}},"loc":{"start":{"line":45,"column":57},"end":{"line":53,"column":1}},"line":45},"2":{"name":"(anonymous_2)","decl":{"start":{"line":56,"column":22},"end":{"line":56,"column":23}},"loc":{"start":{"line":56,"column":31},"end":{"line":56,"column":56}},"line":56},"3":{"name":"(anonymous_3)","decl":{"start":{"line":57,"column":11},"end":{"line":57,"column":12}},"loc":{"start":{"line":57,"column":20},"end":{"line":57,"column":35}},"line":57},"4":{"name":"(anonymous_4)","decl":{"start":{"line":63,"column":4},"end":{"line":63,"column":5}},"loc":{"start":{"line":64,"column":4},"end":{"line":66,"column":10}},"line":64},"5":{"name":"(anonymous_5)","decl":{"start":{"line":66,"column":14},"end":{"line":66,"column":15}},"loc":{"start":{"line":67,"column":4},"end":{"line":69,"column":10}},"line":67},"6":{"name":"(anonymous_6)","decl":{"start":{"line":108,"column":14},"end":{"line":108,"column":15}},"loc":{"start":{"line":112,"column":7},"end":{"line":133,"column":3}},"line":112},"7":{"name":"(anonymous_7)","decl":{"start":{"line":137,"column":12},"end":{"line":137,"column":13}},"loc":{"start":{"line":137,"column":35},"end":{"line":150,"column":3}},"line":137},"8":{"name":"(anonymous_8)","decl":{"start":{"line":152,"column":15},"end":{"line":152,"column":16}},"loc":{"start":{"line":152,"column":38},"end":{"line":162,"column":3}},"line":152},"9":{"name":"(anonymous_9)","decl":{"start":{"line":165,"column":37},"end":{"line":165,"column":38}},"loc":{"start":{"line":165,"column":76},"end":{"line":168,"column":3}},"line":165},"10":{"name":"(anonymous_10)","decl":{"start":{"line":171,"column":26},"end":{"line":171,"column":27}},"loc":{"start":{"line":171,"column":65},"end":{"line":171,"column":79}},"line":171},"11":{"name":"(anonymous_11)","decl":{"start":{"line":173,"column":18},"end":{"line":173,"column":19}},"loc":{"start":{"line":173,"column":57},"end":{"line":192,"column":3}},"line":173},"12":{"name":"(anonymous_12)","decl":{"start":{"line":194,"column":2},"end":{"line":194,"column":3}},"loc":{"start":{"line":194,"column":11},"end":{"line":229,"column":3}},"line":194},"13":{"name":"(anonymous_13)","decl":{"start":{"line":202,"column":9},"end":{"line":202,"column":10}},"loc":{"start":{"line":202,"column":76},"end":{"line":226,"column":9}},"line":202},"14":{"name":"(anonymous_14)","decl":{"start":{"line":213,"column":25},"end":{"line":213,"column":26}},"loc":{"start":{"line":214,"column":16},"end":{"line":214,"column":57}},"line":214}},"branchMap":{"0":{"loc":{"start":{"line":34,"column":2},"end":{"line":36,"column":3}},"type":"if","locations":[{"start":{"line":34,"column":2},"end":{"line":36,"column":3}},{"start":{"line":34,"column":2},"end":{"line":36,"column":3}}],"line":34},"1":{"loc":{"start":{"line":38,"column":2},"end":{"line":40,"column":3}},"type":"if","locations":[{"start":{"line":38,"column":2},"end":{"line":40,"column":3}},{"start":{"line":38,"column":2},"end":{"line":40,"column":3}}],"line":38},"2":{"loc":{"start":{"line":46,"column":2},"end":{"line":48,"column":3}},"type":"if","locations":[{"start":{"line":46,"column":2},"end":{"line":48,"column":3}},{"start":{"line":46,"column":2},"end":{"line":48,"column":3}}],"line":46},"3":{"loc":{"start":{"line":49,"column":2},"end":{"line":51,"column":3}},"type":"if","locations":[{"start":{"line":49,"column":2},"end":{"line":51,"column":3}},{"start":{"line":49,"column":2},"end":{"line":51,"column":3}}],"line":49},"4":{"loc":{"start":{"line":64,"column":4},"end":{"line":66,"column":10}},"type":"cond-expr","locations":[{"start":{"line":65,"column":8},"end":{"line":65,"column":51}},{"start":{"line":66,"column":8},"end":{"line":66,"column":10}}],"line":64},"5":{"loc":{"start":{"line":67,"column":4},"end":{"line":69,"column":10}},"type":"cond-expr","locations":[{"start":{"line":68,"column":8},"end":{"line":68,"column":23}},{"start":{"line":69,"column":8},"end":{"line":69,"column":10}}],"line":67},"6":{"loc":{"start":{"line":113,"column":4},"end":{"line":115,"column":5}},"type":"if","locations":[{"start":{"line":113,"column":4},"end":{"line":115,"column":5}},{"start":{"line":113,"column":4},"end":{"line":115,"column":5}}],"line":113},"7":{"loc":{"start":{"line":117,"column":4},"end":{"line":119,"column":5}},"type":"if","locations":[{"start":{"line":117,"column":4},"end":{"line":119,"column":5}},{"start":{"line":117,"column":4},"end":{"line":119,"column":5}}],"line":117},"8":{"loc":{"start":{"line":121,"column":4},"end":{"line":123,"column":5}},"type":"if","locations":[{"start":{"line":121,"column":4},"end":{"line":123,"column":5}},{"start":{"line":121,"column":4},"end":{"line":123,"column":5}}],"line":121},"9":{"loc":{"start":{"line":125,"column":4},"end":{"line":127,"column":5}},"type":"if","locations":[{"start":{"line":125,"column":4},"end":{"line":127,"column":5}},{"start":{"line":125,"column":4},"end":{"line":127,"column":5}}],"line":125},"10":{"loc":{"start":{"line":138,"column":4},"end":{"line":140,"column":5}},"type":"if","locations":[{"start":{"line":138,"column":4},"end":{"line":140,"column":5}},{"start":{"line":138,"column":4},"end":{"line":140,"column":5}}],"line":138},"11":{"loc":{"start":{"line":142,"column":4},"end":{"line":144,"column":5}},"type":"if","locations":[{"start":{"line":142,"column":4},"end":{"line":144,"column":5}},{"start":{"line":142,"column":4},"end":{"line":144,"column":5}}],"line":142},"12":{"loc":{"start":{"line":153,"column":4},"end":{"line":155,"column":5}},"type":"if","locations":[{"start":{"line":153,"column":4},"end":{"line":155,"column":5}},{"start":{"line":153,"column":4},"end":{"line":155,"column":5}}],"line":153},"13":{"loc":{"start":{"line":167,"column":11},"end":{"line":167,"column":57}},"type":"cond-expr","locations":[{"start":{"line":167,"column":28},"end":{"line":167,"column":41}},{"start":{"line":167,"column":44},"end":{"line":167,"column":57}}],"line":167},"14":{"loc":{"start":{"line":181,"column":4},"end":{"line":184,"column":5}},"type":"if","locations":[{"start":{"line":181,"column":4},"end":{"line":184,"column":5}},{"start":{"line":181,"column":4},"end":{"line":184,"column":5}}],"line":181},"15":{"loc":{"start":{"line":186,"column":4},"end":{"line":189,"column":5}},"type":"if","locations":[{"start":{"line":186,"column":4},"end":{"line":189,"column":5}},{"start":{"line":186,"column":4},"end":{"line":189,"column":5}}],"line":186},"16":{"loc":{"start":{"line":204,"column":12},"end":{"line":204,"column":53}},"type":"binary-expr","locations":[{"start":{"line":204,"column":12},"end":{"line":204,"column":31}},{"start":{"line":204,"column":35},"end":{"line":204,"column":53}}],"line":204},"17":{"loc":{"start":{"line":221,"column":15},"end":{"line":223,"column":22}},"type":"cond-expr","locations":[{"start":{"line":222,"column":16},"end":{"line":222,"column":65}},{"start":{"line":223,"column":18},"end":{"line":223,"column":22}}],"line":221}},"s":{"0":3,"1":3,"2":141,"3":0,"4":141,"5":0,"6":141,"7":3,"8":141,"9":0,"10":141,"11":0,"12":141,"13":3,"14":141,"15":141,"16":141,"17":141,"18":3,"19":3,"20":3,"21":3,"22":3,"23":3,"24":3,"25":3,"26":0,"27":0,"28":0,"29":0,"30":0,"31":0,"32":0,"33":0,"34":0,"35":0,"36":0,"37":0,"38":0,"39":0,"40":0,"41":0,"42":0,"43":0,"44":0,"45":0,"46":0,"47":0,"48":0,"49":0,"50":0,"51":0,"52":0,"53":141,"54":141,"55":141,"56":141,"57":141,"58":141,"59":141,"60":141,"61":3},"f":{"0":141,"1":141,"2":141,"3":141,"4":141,"5":141,"6":3,"7":0,"8":0,"9":0,"10":0,"11":0,"12":141,"13":141,"14":3},"b":{"0":[0,141],"1":[0,141],"2":[0,141],"3":[0,141],"4":[1,140],"5":[0,141],"6":[3,0],"7":[3,0],"8":[0,0],"9":[0,0],"10":[0,0],"11":[0,0],"12":[0,0],"13":[0,0],"14":[0,0],"15":[0,0],"16":[141,1],"17":[0,141]},"_coverageSchema":"332fd63041d2c1bcb487cc26dd0d5f7d97098a6c","hash":"a289d21120c0472b0e2bc1294b588df1dc473b16"}
,"C:\\projects\\simple-widgets\\src\\DoubleListBox\\utils.js": {"path":"C:\\projects\\simple-widgets\\src\\DoubleListBox\\utils.js","statementMap":{"0":{"start":{"line":9,"column":16},"end":{"line":15,"column":1}},"1":{"start":{"line":10,"column":17},"end":{"line":10,"column":33}},"2":{"start":{"line":11,"column":20},"end":{"line":11,"column":48}},"3":{"start":{"line":12,"column":2},"end":{"line":12,"column":38}},"4":{"start":{"line":14,"column":2},"end":{"line":14,"column":16}},"5":{"start":{"line":31,"column":23},"end":{"line":35,"column":2}},"6":{"start":{"line":31,"column":67},"end":{"line":35,"column":1}},"7":{"start":{"line":37,"column":26},"end":{"line":94,"column":1}},"8":{"start":{"line":44,"column":2},"end":{"line":64,"column":3}},"9":{"start":{"line":45,"column":27},"end":{"line":45,"column":63}},"10":{"start":{"line":46,"column":28},"end":{"line":50,"column":5}},"11":{"start":{"line":52,"column":30},"end":{"line":58,"column":5}},"12":{"start":{"line":60,"column":4},"end":{"line":63,"column":6}},"13":{"start":{"line":67,"column":23},"end":{"line":67,"column":59}},"14":{"start":{"line":68,"column":26},"end":{"line":68,"column":67}},"15":{"start":{"line":71,"column":21},"end":{"line":71,"column":47}},"16":{"start":{"line":74,"column":31},"end":{"line":74,"column":48}},"17":{"start":{"line":75,"column":2},"end":{"line":75,"column":41}},"18":{"start":{"line":78,"column":34},"end":{"line":78,"column":54}},"19":{"start":{"line":79,"column":2},"end":{"line":79,"column":57}},"20":{"start":{"line":81,"column":28},"end":{"line":88,"column":3}},"21":{"start":{"line":90,"column":2},"end":{"line":93,"column":4}},"22":{"start":{"line":98,"column":29},"end":{"line":107,"column":1}},"23":{"start":{"line":99,"column":24},"end":{"line":102,"column":4}},"24":{"start":{"line":100,"column":27},"end":{"line":100,"column":47}},"25":{"start":{"line":101,"column":4},"end":{"line":101,"column":43}},"26":{"start":{"line":104,"column":2},"end":{"line":104,"column":56}},"27":{"start":{"line":106,"column":2},"end":{"line":106,"column":36}},"28":{"start":{"line":109,"column":25},"end":{"line":215,"column":1}},"29":{"start":{"line":115,"column":24},"end":{"line":115,"column":60}},"30":{"start":{"line":116,"column":26},"end":{"line":116,"column":53}},"31":{"start":{"line":118,"column":32},"end":{"line":147,"column":6}},"32":{"start":{"line":119,"column":43},"end":{"line":143,"column":5}},"33":{"start":{"line":121,"column":8},"end":{"line":123,"column":9}},"34":{"start":{"line":122,"column":10},"end":{"line":122,"column":26}},"35":{"start":{"line":125,"column":30},"end":{"line":125,"column":71}},"36":{"start":{"line":126,"column":31},"end":{"line":126,"column":63}},"37":{"start":{"line":128,"column":8},"end":{"line":130,"column":9}},"38":{"start":{"line":129,"column":10},"end":{"line":129,"column":26}},"39":{"start":{"line":132,"column":30},"end":{"line":132,"column":61}},"40":{"start":{"line":134,"column":8},"end":{"line":136,"column":9}},"41":{"start":{"line":135,"column":10},"end":{"line":135,"column":26}},"42":{"start":{"line":140,"column":8},"end":{"line":140,"column":28}},"43":{"start":{"line":145,"column":27},"end":{"line":145,"column":69}},"44":{"start":{"line":146,"column":4},"end":{"line":146,"column":18}},"45":{"start":{"line":151,"column":43},"end":{"line":151,"column":63}},"46":{"start":{"line":152,"column":2},"end":{"line":175,"column":4}},"47":{"start":{"line":155,"column":6},"end":{"line":157,"column":7}},"48":{"start":{"line":156,"column":8},"end":{"line":156,"column":18}},"49":{"start":{"line":158,"column":6},"end":{"line":160,"column":7}},"50":{"start":{"line":159,"column":8},"end":{"line":159,"column":17}},"51":{"start":{"line":163,"column":33},"end":{"line":163,"column":59}},"52":{"start":{"line":164,"column":31},"end":{"line":164,"column":60}},"53":{"start":{"line":165,"column":33},"end":{"line":165,"column":59}},"54":{"start":{"line":166,"column":31},"end":{"line":166,"column":60}},"55":{"start":{"line":168,"column":6},"end":{"line":170,"column":7}},"56":{"start":{"line":169,"column":8},"end":{"line":169,"column":35}},"57":{"start":{"line":173,"column":6},"end":{"line":173,"column":16}},"58":{"start":{"line":178,"column":38},"end":{"line":191,"column":3}},"59":{"start":{"line":180,"column":29},"end":{"line":180,"column":55}},"60":{"start":{"line":183,"column":41},"end":{"line":185,"column":7}},"61":{"start":{"line":184,"column":33},"end":{"line":184,"column":62}},"62":{"start":{"line":187,"column":6},"end":{"line":187,"column":69}},"63":{"start":{"line":188,"column":6},"end":{"line":188,"column":22}},"64":{"start":{"line":193,"column":24},"end":{"line":193,"column":65}},"65":{"start":{"line":194,"column":33},"end":{"line":198,"column":6}},"66":{"start":{"line":195,"column":27},"end":{"line":195,"column":45}},"67":{"start":{"line":196,"column":4},"end":{"line":196,"column":61}},"68":{"start":{"line":197,"column":4},"end":{"line":197,"column":16}},"69":{"start":{"line":201,"column":36},"end":{"line":204,"column":3}},"70":{"start":{"line":206,"column":28},"end":{"line":209,"column":3}},"71":{"start":{"line":211,"column":2},"end":{"line":214,"column":4}},"72":{"start":{"line":217,"column":37},"end":{"line":222,"column":1}},"73":{"start":{"line":218,"column":2},"end":{"line":220,"column":3}},"74":{"start":{"line":219,"column":4},"end":{"line":219,"column":34}},"75":{"start":{"line":221,"column":2},"end":{"line":221,"column":33}},"76":{"start":{"line":224,"column":29},"end":{"line":278,"column":1}},"77":{"start":{"line":230,"column":2},"end":{"line":232,"column":3}},"78":{"start":{"line":231,"column":4},"end":{"line":231,"column":23}},"79":{"start":{"line":234,"column":30},"end":{"line":234,"column":64}},"80":{"start":{"line":235,"column":29},"end":{"line":235,"column":67}},"81":{"start":{"line":237,"column":27},"end":{"line":237,"column":70}},"82":{"start":{"line":238,"column":31},"end":{"line":238,"column":68}},"83":{"start":{"line":239,"column":30},"end":{"line":239,"column":72}},"84":{"start":{"line":243,"column":2},"end":{"line":245,"column":3}},"85":{"start":{"line":244,"column":4},"end":{"line":244,"column":56}},"86":{"start":{"line":251,"column":2},"end":{"line":253,"column":3}},"87":{"start":{"line":252,"column":4},"end":{"line":252,"column":16}},"88":{"start":{"line":255,"column":39},"end":{"line":255,"column":63}},"89":{"start":{"line":256,"column":24},"end":{"line":256,"column":70}},"90":{"start":{"line":257,"column":22},"end":{"line":257,"column":68}},"91":{"start":{"line":259,"column":26},"end":{"line":259,"column":67}},"92":{"start":{"line":264,"column":22},"end":{"line":272,"column":3}},"93":{"start":{"line":267,"column":6},"end":{"line":269,"column":7}},"94":{"start":{"line":268,"column":8},"end":{"line":268,"column":21}},"95":{"start":{"line":270,"column":6},"end":{"line":270,"column":18}},"96":{"start":{"line":274,"column":23},"end":{"line":274,"column":73}},"97":{"start":{"line":275,"column":25},"end":{"line":275,"column":56}},"98":{"start":{"line":277,"column":2},"end":{"line":277,"column":18}}},"fnMap":{"0":{"name":"(anonymous_0)","decl":{"start":{"line":9,"column":16},"end":{"line":9,"column":17}},"loc":{"start":{"line":9,"column":78},"end":{"line":15,"column":1}},"line":9},"1":{"name":"(anonymous_1)","decl":{"start":{"line":31,"column":23},"end":{"line":31,"column":24}},"loc":{"start":{"line":31,"column":67},"end":{"line":35,"column":1}},"line":31},"2":{"name":"(anonymous_2)","decl":{"start":{"line":37,"column":26},"end":{"line":37,"column":27}},"loc":{"start":{"line":42,"column":20},"end":{"line":94,"column":1}},"line":42},"3":{"name":"(anonymous_3)","decl":{"start":{"line":98,"column":29},"end":{"line":98,"column":30}},"loc":{"start":{"line":98,"column":77},"end":{"line":107,"column":1}},"line":98},"4":{"name":"(anonymous_4)","decl":{"start":{"line":99,"column":50},"end":{"line":99,"column":51}},"loc":{"start":{"line":99,"column":62},"end":{"line":102,"column":3}},"line":99},"5":{"name":"(anonymous_5)","decl":{"start":{"line":109,"column":25},"end":{"line":109,"column":26}},"loc":{"start":{"line":114,"column":20},"end":{"line":215,"column":1}},"line":114},"6":{"name":"(anonymous_6)","decl":{"start":{"line":118,"column":33},"end":{"line":118,"column":34}},"loc":{"start":{"line":118,"column":39},"end":{"line":147,"column":3}},"line":118},"7":{"name":"(anonymous_7)","decl":{"start":{"line":120,"column":6},"end":{"line":120,"column":7}},"loc":{"start":{"line":120,"column":53},"end":{"line":141,"column":7}},"line":120},"8":{"name":"(anonymous_8)","decl":{"start":{"line":153,"column":4},"end":{"line":153,"column":5}},"loc":{"start":{"line":153,"column":38},"end":{"line":174,"column":5}},"line":153},"9":{"name":"(anonymous_9)","decl":{"start":{"line":179,"column":4},"end":{"line":179,"column":5}},"loc":{"start":{"line":179,"column":54},"end":{"line":189,"column":5}},"line":179},"10":{"name":"(anonymous_10)","decl":{"start":{"line":184,"column":8},"end":{"line":184,"column":9}},"loc":{"start":{"line":184,"column":33},"end":{"line":184,"column":62}},"line":184},"11":{"name":"(anonymous_11)","decl":{"start":{"line":194,"column":34},"end":{"line":194,"column":35}},"loc":{"start":{"line":194,"column":40},"end":{"line":198,"column":3}},"line":194},"12":{"name":"(anonymous_12)","decl":{"start":{"line":217,"column":37},"end":{"line":217,"column":38}},"loc":{"start":{"line":217,"column":61},"end":{"line":222,"column":1}},"line":217},"13":{"name":"(anonymous_13)","decl":{"start":{"line":224,"column":29},"end":{"line":224,"column":30}},"loc":{"start":{"line":228,"column":14},"end":{"line":278,"column":1}},"line":228},"14":{"name":"(anonymous_14)","decl":{"start":{"line":265,"column":4},"end":{"line":265,"column":5}},"loc":{"start":{"line":265,"column":29},"end":{"line":271,"column":5}},"line":265}},"branchMap":{"0":{"loc":{"start":{"line":44,"column":2},"end":{"line":64,"column":3}},"type":"if","locations":[{"start":{"line":44,"column":2},"end":{"line":64,"column":3}},{"start":{"line":44,"column":2},"end":{"line":64,"column":3}}],"line":44},"1":{"loc":{"start":{"line":121,"column":8},"end":{"line":123,"column":9}},"type":"if","locations":[{"start":{"line":121,"column":8},"end":{"line":123,"column":9}},{"start":{"line":121,"column":8},"end":{"line":123,"column":9}}],"line":121},"2":{"loc":{"start":{"line":128,"column":8},"end":{"line":130,"column":9}},"type":"if","locations":[{"start":{"line":128,"column":8},"end":{"line":130,"column":9}},{"start":{"line":128,"column":8},"end":{"line":130,"column":9}}],"line":128},"3":{"loc":{"start":{"line":134,"column":8},"end":{"line":136,"column":9}},"type":"if","locations":[{"start":{"line":134,"column":8},"end":{"line":136,"column":9}},{"start":{"line":134,"column":8},"end":{"line":136,"column":9}}],"line":134},"4":{"loc":{"start":{"line":155,"column":6},"end":{"line":157,"column":7}},"type":"if","locations":[{"start":{"line":155,"column":6},"end":{"line":157,"column":7}},{"start":{"line":155,"column":6},"end":{"line":157,"column":7}}],"line":155},"5":{"loc":{"start":{"line":158,"column":6},"end":{"line":160,"column":7}},"type":"if","locations":[{"start":{"line":158,"column":6},"end":{"line":160,"column":7}},{"start":{"line":158,"column":6},"end":{"line":160,"column":7}}],"line":158},"6":{"loc":{"start":{"line":168,"column":6},"end":{"line":170,"column":7}},"type":"if","locations":[{"start":{"line":168,"column":6},"end":{"line":170,"column":7}},{"start":{"line":168,"column":6},"end":{"line":170,"column":7}}],"line":168},"7":{"loc":{"start":{"line":218,"column":2},"end":{"line":220,"column":3}},"type":"if","locations":[{"start":{"line":218,"column":2},"end":{"line":220,"column":3}},{"start":{"line":218,"column":2},"end":{"line":220,"column":3}}],"line":218},"8":{"loc":{"start":{"line":230,"column":2},"end":{"line":232,"column":3}},"type":"if","locations":[{"start":{"line":230,"column":2},"end":{"line":232,"column":3}},{"start":{"line":230,"column":2},"end":{"line":232,"column":3}}],"line":230},"9":{"loc":{"start":{"line":243,"column":2},"end":{"line":245,"column":3}},"type":"if","locations":[{"start":{"line":243,"column":2},"end":{"line":245,"column":3}},{"start":{"line":243,"column":2},"end":{"line":245,"column":3}}],"line":243},"10":{"loc":{"start":{"line":251,"column":2},"end":{"line":253,"column":3}},"type":"if","locations":[{"start":{"line":251,"column":2},"end":{"line":253,"column":3}},{"start":{"line":251,"column":2},"end":{"line":253,"column":3}}],"line":251},"11":{"loc":{"start":{"line":256,"column":24},"end":{"line":256,"column":70}},"type":"cond-expr","locations":[{"start":{"line":256,"column":46},"end":{"line":256,"column":57}},{"start":{"line":256,"column":60},"end":{"line":256,"column":70}}],"line":256},"12":{"loc":{"start":{"line":257,"column":22},"end":{"line":257,"column":68}},"type":"cond-expr","locations":[{"start":{"line":257,"column":44},"end":{"line":257,"column":54}},{"start":{"line":257,"column":57},"end":{"line":257,"column":68}}],"line":257},"13":{"loc":{"start":{"line":267,"column":6},"end":{"line":269,"column":7}},"type":"if","locations":[{"start":{"line":267,"column":6},"end":{"line":269,"column":7}},{"start":{"line":267,"column":6},"end":{"line":269,"column":7}}],"line":267},"14":{"loc":{"start":{"line":274,"column":23},"end":{"line":274,"column":73}},"type":"cond-expr","locations":[{"start":{"line":274,"column":45},"end":{"line":274,"column":50}},{"start":{"line":274,"column":53},"end":{"line":274,"column":73}}],"line":274}},"s":{"0":3,"1":1,"2":1,"3":1,"4":1,"5":3,"6":1,"7":3,"8":1,"9":1,"10":1,"11":1,"12":1,"13":0,"14":0,"15":0,"16":0,"17":0,"18":0,"19":0,"20":0,"21":0,"22":3,"23":0,"24":0,"25":0,"26":0,"27":0,"28":3,"29":0,"30":0,"31":0,"32":0,"33":0,"34":0,"35":0,"36":0,"37":0,"38":0,"39":0,"40":0,"41":0,"42":0,"43":0,"44":0,"45":0,"46":0,"47":0,"48":0,"49":0,"50":0,"51":0,"52":0,"53":0,"54":0,"55":0,"56":0,"57":0,"58":0,"59":0,"60":0,"61":0,"62":0,"63":0,"64":0,"65":0,"66":0,"67":0,"68":0,"69":0,"70":0,"71":0,"72":3,"73":1,"74":0,"75":1,"76":3,"77":0,"78":0,"79":0,"80":0,"81":0,"82":0,"83":0,"84":0,"85":0,"86":0,"87":0,"88":0,"89":0,"90":0,"91":0,"92":0,"93":0,"94":0,"95":0,"96":0,"97":0,"98":0},"f":{"0":1,"1":1,"2":1,"3":0,"4":0,"5":0,"6":0,"7":0,"8":0,"9":0,"10":0,"11":0,"12":1,"13":0,"14":0},"b":{"0":[1,0],"1":[0,0],"2":[0,0],"3":[0,0],"4":[0,0],"5":[0,0],"6":[0,0],"7":[0,1],"8":[0,0],"9":[0,0],"10":[0,0],"11":[0,0],"12":[0,0],"13":[0,0],"14":[0,0]},"_coverageSchema":"332fd63041d2c1bcb487cc26dd0d5f7d97098a6c","hash":"cc45101c4fa086b9d2a976689f4e9560f6f1fbd8"}
}
