{"C:\\projects\\simple-widgets\\src\\CheckBox.js": {"path":"C:\\projects\\simple-widgets\\src\\CheckBox.js","statementMap":{"0":{"start":{"line":4,"column":21},"end":{"line":12,"column":1}},"1":{"start":{"line":20,"column":17},"end":{"line":20,"column":42}},"2":{"start":{"line":21,"column":19},"end":{"line":21,"column":44}},"3":{"start":{"line":26,"column":4},"end":{"line":26,"column":17}},"4":{"start":{"line":28,"column":4},"end":{"line":28,"column":19}},"5":{"start":{"line":32,"column":2},"end":{"line":33,"column":25}},"6":{"start":{"line":33,"column":6},"end":{"line":33,"column":25}},"7":{"start":{"line":34,"column":2},"end":{"line":34,"column":34}},"8":{"start":{"line":35,"column":2},"end":{"line":35,"column":99}},"9":{"start":{"line":36,"column":2},"end":{"line":36,"column":25}},"10":{"start":{"line":40,"column":65},"end":{"line":40,"column":75}},"11":{"start":{"line":42,"column":20},"end":{"line":42,"column":54}},"12":{"start":{"line":43,"column":17},"end":{"line":43,"column":50}},"13":{"start":{"line":45,"column":11},"end":{"line":45,"column":45}},"14":{"start":{"line":46,"column":2},"end":{"line":50,"column":18}}},"fnMap":{"0":{"name":"(anonymous_0)","decl":{"start":{"line":25,"column":2},"end":{"line":25,"column":3}},"loc":{"start":{"line":25,"column":21},"end":{"line":29,"column":3}},"line":25},"1":{"name":"(anonymous_1)","decl":{"start":{"line":31,"column":0},"end":{"line":31,"column":1}},"loc":{"start":{"line":31,"column":10},"end":{"line":37,"column":1}},"line":31},"2":{"name":"(anonymous_2)","decl":{"start":{"line":39,"column":0},"end":{"line":39,"column":1}},"loc":{"start":{"line":39,"column":9},"end":{"line":51,"column":3}},"line":39}},"branchMap":{"0":{"loc":{"start":{"line":32,"column":2},"end":{"line":33,"column":25}},"type":"if","locations":[{"start":{"line":32,"column":2},"end":{"line":33,"column":25}},{"start":{"line":32,"column":2},"end":{"line":33,"column":25}}],"line":32},"1":{"loc":{"start":{"line":35,"column":19},"end":{"line":35,"column":98}},"type":"cond-expr","locations":[{"start":{"line":35,"column":69},"end":{"line":35,"column":71}},{"start":{"line":35,"column":74},"end":{"line":35,"column":98}}],"line":35},"2":{"loc":{"start":{"line":43,"column":17},"end":{"line":43,"column":50}},"type":"cond-expr","locations":[{"start":{"line":43,"column":31},"end":{"line":43,"column":38}},{"start":{"line":43,"column":41},"end":{"line":43,"column":50}}],"line":43}},"s":{"0":1,"1":1,"2":1,"3":28,"4":28,"5":4,"6":4,"7":4,"8":4,"9":4,"10":56,"11":56,"12":56,"13":56,"14":56},"f":{"0":28,"1":4,"2":56},"b":{"0":[4,0],"1":[2,2],"2":[2,54]},"_coverageSchema":"332fd63041d2c1bcb487cc26dd0d5f7d97098a6c","hash":"90bd5010d8f93f7411d966cddbb96dddf8452a2f"}
,"C:\\projects\\simple-widgets\\src\\Choice.js": {"path":"C:\\projects\\simple-widgets\\src\\Choice.js","statementMap":{"0":{"start":{"line":9,"column":16},"end":{"line":9,"column":31}},"1":{"start":{"line":10,"column":20},"end":{"line":10,"column":33}},"2":{"start":{"line":11,"column":4},"end":{"line":11,"column":25}},"3":{"start":{"line":12,"column":4},"end":{"line":16,"column":18}},"4":{"start":{"line":14,"column":37},"end":{"line":14,"column":78}}},"fnMap":{"0":{"name":"(anonymous_0)","decl":{"start":{"line":8,"column":2},"end":{"line":8,"column":3}},"loc":{"start":{"line":8,"column":11},"end":{"line":17,"column":3}},"line":8},"1":{"name":"(anonymous_1)","decl":{"start":{"line":14,"column":31},"end":{"line":14,"column":32}},"loc":{"start":{"line":14,"column":37},"end":{"line":14,"column":78}},"line":14}},"branchMap":{},"s":{"0":14,"1":14,"2":14,"3":14,"4":70},"f":{"0":14,"1":70},"b":{},"_coverageSchema":"332fd63041d2c1bcb487cc26dd0d5f7d97098a6c","hash":"8dbc89c9d3af9bc9a3635a1838b946edaaff1586"}
,"C:\\projects\\simple-widgets\\src\\DatePicker.js": {"path":"C:\\projects\\simple-widgets\\src\\DatePicker.js","statementMap":{"0":{"start":{"line":9,"column":4},"end":{"line":9,"column":17}},"1":{"start":{"line":11,"column":4},"end":{"line":11,"column":19}},"2":{"start":{"line":15,"column":6},"end":{"line":15,"column":65}}},"fnMap":{"0":{"name":"(anonymous_0)","decl":{"start":{"line":8,"column":2},"end":{"line":8,"column":3}},"loc":{"start":{"line":8,"column":21},"end":{"line":12,"column":3}},"line":8},"1":{"name":"(anonymous_1)","decl":{"start":{"line":14,"column":2},"end":{"line":14,"column":3}},"loc":{"start":{"line":14,"column":11},"end":{"line":16,"column":3}},"line":14}},"branchMap":{},"s":{"0":14,"1":14,"2":25},"f":{"0":14,"1":25},"b":{},"_coverageSchema":"332fd63041d2c1bcb487cc26dd0d5f7d97098a6c","hash":"210b3d454ad22adb034bdc3792f05c693cc61a5b"}
,"C:\\projects\\simple-widgets\\src\\DatePickerStyle.js": {"path":"C:\\projects\\simple-widgets\\src\\DatePickerStyle.js","statementMap":{"0":{"start":{"line":4,"column":4},"end":{"line":12,"column":5}},"1":{"start":{"line":5,"column":27},"end":{"line":5,"column":70}},"2":{"start":{"line":6,"column":6},"end":{"line":11,"column":7}},"3":{"start":{"line":7,"column":9},"end":{"line":8,"column":57}},"4":{"start":{"line":8,"column":12},"end":{"line":8,"column":57}},"5":{"start":{"line":10,"column":8},"end":{"line":10,"column":41}},"6":{"start":{"line":16,"column":2},"end":{"line":16,"column":50}},"7":{"start":{"line":20,"column":2},"end":{"line":25,"column":3}},"8":{"start":{"line":21,"column":16},"end":{"line":21,"column":54}},"9":{"start":{"line":22,"column":4},"end":{"line":22,"column":28}},"10":{"start":{"line":23,"column":4},"end":{"line":23,"column":30}},"11":{"start":{"line":24,"column":4},"end":{"line":24,"column":71}},"12":{"start":{"line":31,"column":26},"end":{"line":256,"column":1}}},"fnMap":{"0":{"name":"DatePickerStyle","decl":{"start":{"line":3,"column":16},"end":{"line":3,"column":31}},"loc":{"start":{"line":3,"column":34},"end":{"line":13,"column":1}},"line":3},"1":{"name":"isTestingWithJest","decl":{"start":{"line":15,"column":9},"end":{"line":15,"column":26}},"loc":{"start":{"line":15,"column":29},"end":{"line":17,"column":1}},"line":15},"2":{"name":"addClassRules","decl":{"start":{"line":19,"column":9},"end":{"line":19,"column":22}},"loc":{"start":{"line":19,"column":32},"end":{"line":26,"column":1}},"line":19}},"branchMap":{"0":{"loc":{"start":{"line":4,"column":4},"end":{"line":12,"column":5}},"type":"if","locations":[{"start":{"line":4,"column":4},"end":{"line":12,"column":5}},{"start":{"line":4,"column":4},"end":{"line":12,"column":5}}],"line":4},"1":{"loc":{"start":{"line":6,"column":6},"end":{"line":11,"column":7}},"type":"if","locations":[{"start":{"line":6,"column":6},"end":{"line":11,"column":7}},{"start":{"line":6,"column":6},"end":{"line":11,"column":7}}],"line":6},"2":{"loc":{"start":{"line":7,"column":9},"end":{"line":8,"column":57}},"type":"if","locations":[{"start":{"line":7,"column":9},"end":{"line":8,"column":57}},{"start":{"line":7,"column":9},"end":{"line":8,"column":57}}],"line":7},"3":{"loc":{"start":{"line":20,"column":2},"end":{"line":25,"column":3}},"type":"if","locations":[{"start":{"line":20,"column":2},"end":{"line":25,"column":3}},{"start":{"line":20,"column":2},"end":{"line":25,"column":3}}],"line":20}},"s":{"0":14,"1":14,"2":14,"3":14,"4":0,"5":14,"6":14,"7":14,"8":14,"9":14,"10":14,"11":14,"12":2},"f":{"0":14,"1":14,"2":14},"b":{"0":[14,0],"1":[14,0],"2":[0,14],"3":[14,0]},"_coverageSchema":"332fd63041d2c1bcb487cc26dd0d5f7d97098a6c","hash":"5a1ceea40fd623e84b4170260cc212e0f5a36121"}
,"C:\\projects\\simple-widgets\\src\\Radio.js": {"path":"C:\\projects\\simple-widgets\\src\\Radio.js","statementMap":{"0":{"start":{"line":16,"column":16},"end":{"line":16,"column":41}},"1":{"start":{"line":17,"column":18},"end":{"line":17,"column":43}},"2":{"start":{"line":19,"column":13},"end":{"line":19,"column":27}},"3":{"start":{"line":24,"column":4},"end":{"line":24,"column":17}},"4":{"start":{"line":26,"column":4},"end":{"line":26,"column":19}},"5":{"start":{"line":30,"column":4},"end":{"line":31,"column":27}},"6":{"start":{"line":31,"column":8},"end":{"line":31,"column":27}},"7":{"start":{"line":32,"column":4},"end":{"line":32,"column":36}},"8":{"start":{"line":33,"column":4},"end":{"line":33,"column":46}},"9":{"start":{"line":34,"column":4},"end":{"line":34,"column":27}},"10":{"start":{"line":38,"column":58},"end":{"line":38,"column":68}},"11":{"start":{"line":40,"column":20},"end":{"line":40,"column":54}},"12":{"start":{"line":41,"column":17},"end":{"line":41,"column":50}},"13":{"start":{"line":43,"column":23},"end":{"line":43,"column":87}},"14":{"start":{"line":44,"column":13},"end":{"line":44,"column":40}},"15":{"start":{"line":45,"column":2},"end":{"line":51,"column":17}}},"fnMap":{"0":{"name":"(anonymous_0)","decl":{"start":{"line":23,"column":2},"end":{"line":23,"column":3}},"loc":{"start":{"line":23,"column":21},"end":{"line":27,"column":3}},"line":23},"1":{"name":"(anonymous_1)","decl":{"start":{"line":29,"column":0},"end":{"line":29,"column":1}},"loc":{"start":{"line":29,"column":10},"end":{"line":35,"column":3}},"line":29},"2":{"name":"(anonymous_2)","decl":{"start":{"line":37,"column":0},"end":{"line":37,"column":1}},"loc":{"start":{"line":37,"column":9},"end":{"line":52,"column":3}},"line":37}},"branchMap":{"0":{"loc":{"start":{"line":30,"column":4},"end":{"line":31,"column":27}},"type":"if","locations":[{"start":{"line":30,"column":4},"end":{"line":31,"column":27}},{"start":{"line":30,"column":4},"end":{"line":31,"column":27}}],"line":30},"1":{"loc":{"start":{"line":41,"column":17},"end":{"line":41,"column":50}},"type":"cond-expr","locations":[{"start":{"line":41,"column":31},"end":{"line":41,"column":38}},{"start":{"line":41,"column":41},"end":{"line":41,"column":50}}],"line":41}},"s":{"0":1,"1":1,"2":1,"3":21,"4":21,"5":2,"6":2,"7":2,"8":2,"9":2,"10":42,"11":42,"12":42,"13":42,"14":42,"15":42},"f":{"0":21,"1":2,"2":42},"b":{"0":[2,0],"1":[2,40]},"_coverageSchema":"332fd63041d2c1bcb487cc26dd0d5f7d97098a6c","hash":"852e84bf589f673f5653af9f106d1e48a5342b08"}
,"C:\\projects\\simple-widgets\\src\\UnstyledDatePicker.js": {"path":"C:\\projects\\simple-widgets\\src\\UnstyledDatePicker.js","statementMap":{"0":{"start":{"line":15,"column":15},"end":{"line":15,"column":25}},"1":{"start":{"line":18,"column":17},"end":{"line":18,"column":55}},"2":{"start":{"line":19,"column":2},"end":{"line":21,"column":3}},"3":{"start":{"line":20,"column":4},"end":{"line":20,"column":18}},"4":{"start":{"line":22,"column":2},"end":{"line":22,"column":19}},"5":{"start":{"line":26,"column":2},"end":{"line":26,"column":49}},"6":{"start":{"line":32,"column":4},"end":{"line":32,"column":17}},"7":{"start":{"line":34,"column":4},"end":{"line":34,"column":19}},"8":{"start":{"line":38,"column":4},"end":{"line":39,"column":25}},"9":{"start":{"line":39,"column":7},"end":{"line":39,"column":25}},"10":{"start":{"line":43,"column":18},"end":{"line":43,"column":64}},"11":{"start":{"line":46,"column":12},"end":{"line":46,"column":14}},"12":{"start":{"line":47,"column":4},"end":{"line":47,"column":17}},"13":{"start":{"line":48,"column":4},"end":{"line":48,"column":35}},"14":{"start":{"line":49,"column":4},"end":{"line":49,"column":26}},"15":{"start":{"line":50,"column":4},"end":{"line":50,"column":26}},"16":{"start":{"line":64,"column":30},"end":{"line":64,"column":40}},"17":{"start":{"line":65,"column":6},"end":{"line":66,"column":28}},"18":{"start":{"line":66,"column":9},"end":{"line":66,"column":28}},"19":{"start":{"line":68,"column":6},"end":{"line":68,"column":27}},"20":{"start":{"line":70,"column":6},"end":{"line":76,"column":16}}},"fnMap":{"0":{"name":"parseDate","decl":{"start":{"line":17,"column":9},"end":{"line":17,"column":18}},"loc":{"start":{"line":17,"column":40},"end":{"line":23,"column":1}},"line":17},"1":{"name":"formatDate","decl":{"start":{"line":25,"column":9},"end":{"line":25,"column":19}},"loc":{"start":{"line":25,"column":42},"end":{"line":27,"column":1}},"line":25},"2":{"name":"(anonymous_2)","decl":{"start":{"line":31,"column":2},"end":{"line":31,"column":3}},"loc":{"start":{"line":31,"column":21},"end":{"line":35,"column":3}},"line":31},"3":{"name":"(anonymous_3)","decl":{"start":{"line":37,"column":2},"end":{"line":37,"column":3}},"loc":{"start":{"line":37,"column":23},"end":{"line":40,"column":3}},"line":37},"4":{"name":"(anonymous_4)","decl":{"start":{"line":42,"column":2},"end":{"line":42,"column":3}},"loc":{"start":{"line":42,"column":58},"end":{"line":61,"column":3}},"line":42},"5":{"name":"(anonymous_5)","decl":{"start":{"line":63,"column":2},"end":{"line":63,"column":3}},"loc":{"start":{"line":63,"column":11},"end":{"line":77,"column":3}},"line":63}},"branchMap":{"0":{"loc":{"start":{"line":19,"column":2},"end":{"line":21,"column":3}},"type":"if","locations":[{"start":{"line":19,"column":2},"end":{"line":21,"column":3}},{"start":{"line":19,"column":2},"end":{"line":21,"column":3}}],"line":19},"1":{"loc":{"start":{"line":38,"column":4},"end":{"line":39,"column":25}},"type":"if","locations":[{"start":{"line":38,"column":4},"end":{"line":39,"column":25}},{"start":{"line":38,"column":4},"end":{"line":39,"column":25}}],"line":38},"2":{"loc":{"start":{"line":65,"column":6},"end":{"line":66,"column":28}},"type":"if","locations":[{"start":{"line":65,"column":6},"end":{"line":66,"column":28}},{"start":{"line":65,"column":6},"end":{"line":66,"column":28}}],"line":65}},"s":{"0":2,"1":15,"2":15,"3":14,"4":1,"5":0,"6":14,"7":14,"8":14,"9":14,"10":4,"11":4,"12":4,"13":4,"14":4,"15":4,"16":25,"17":25,"18":6,"19":25,"20":25},"f":{"0":15,"1":0,"2":14,"3":14,"4":4,"5":25},"b":{"0":[14,1],"1":[14,0],"2":[6,19]},"_coverageSchema":"332fd63041d2c1bcb487cc26dd0d5f7d97098a6c","hash":"cdc20a7e47f8eb4fceceb0635d237eba3e4e108f"}
,"C:\\projects\\simple-widgets\\src\\index.js": {"path":"C:\\projects\\simple-widgets\\src\\index.js","statementMap":{},"fnMap":{},"branchMap":{},"s":{},"f":{},"b":{},"_coverageSchema":"332fd63041d2c1bcb487cc26dd0d5f7d97098a6c","hash":"80517f7b7d2093f858864e49c5b736f7a4eebf4b"}
,"C:\\projects\\simple-widgets\\src\\makeChangeHandler.js": {"path":"C:\\projects\\simple-widgets\\src\\makeChangeHandler.js","statementMap":{"0":{"start":{"line":5,"column":2},"end":{"line":26,"column":5}},"1":{"start":{"line":7,"column":4},"end":{"line":8,"column":14}},"2":{"start":{"line":8,"column":7},"end":{"line":8,"column":14}},"3":{"start":{"line":10,"column":4},"end":{"line":11,"column":27}},"4":{"start":{"line":11,"column":8},"end":{"line":11,"column":27}},"5":{"start":{"line":13,"column":4},"end":{"line":25,"column":7}},"6":{"start":{"line":15,"column":26},"end":{"line":15,"column":28}},"7":{"start":{"line":16,"column":8},"end":{"line":16,"column":52}},"8":{"start":{"line":20,"column":8},"end":{"line":20,"column":44}}},"fnMap":{"0":{"name":"(anonymous_0)","decl":{"start":{"line":2,"column":15},"end":{"line":2,"column":16}},"loc":{"start":{"line":2,"column":40},"end":{"line":27,"column":1}},"line":2},"1":{"name":"(anonymous_1)","decl":{"start":{"line":5,"column":9},"end":{"line":5,"column":10}},"loc":{"start":{"line":5,"column":16},"end":{"line":26,"column":5}},"line":5}},"branchMap":{"0":{"loc":{"start":{"line":7,"column":4},"end":{"line":8,"column":14}},"type":"if","locations":[{"start":{"line":7,"column":4},"end":{"line":8,"column":14}},{"start":{"line":7,"column":4},"end":{"line":8,"column":14}}],"line":7},"1":{"loc":{"start":{"line":10,"column":4},"end":{"line":11,"column":27}},"type":"if","locations":[{"start":{"line":10,"column":4},"end":{"line":11,"column":27}},{"start":{"line":10,"column":4},"end":{"line":11,"column":27}}],"line":10},"2":{"loc":{"start":{"line":13,"column":4},"end":{"line":25,"column":7}},"type":"if","locations":[{"start":{"line":13,"column":4},"end":{"line":25,"column":7}},{"start":{"line":13,"column":4},"end":{"line":25,"column":7}}],"line":13},"3":{"loc":{"start":{"line":13,"column":8},"end":{"line":13,"column":66}},"type":"binary-expr","locations":[{"start":{"line":13,"column":8},"end":{"line":13,"column":21}},{"start":{"line":13,"column":25},"end":{"line":13,"column":43}},{"start":{"line":13,"column":47},"end":{"line":13,"column":66}}],"line":13}},"s":{"0":36,"1":16,"2":1,"3":15,"4":7,"5":15,"6":14,"7":14,"8":14},"f":{"0":36,"1":16},"b":{"0":[1,15],"1":[7,8],"2":[14,1],"3":[15,14,14]},"_coverageSchema":"332fd63041d2c1bcb487cc26dd0d5f7d97098a6c","hash":"402d9e8d75172030b48c5a69b6a5df866eb29be6"}
,"C:\\projects\\simple-widgets\\src\\DoubleListBox\\Column.js": {"path":"C:\\projects\\simple-widgets\\src\\DoubleListBox\\Column.js","statementMap":{"0":{"start":{"line":23,"column":18},"end":{"line":33,"column":1}},"1":{"start":{"line":35,"column":14},"end":{"line":38,"column":1}},"2":{"start":{"line":40,"column":17},"end":{"line":47,"column":1}},"3":{"start":{"line":46,"column":4},"end":{"line":46,"column":73}},"4":{"start":{"line":53,"column":23},"end":{"line":58,"column":1}},"5":{"start":{"line":54,"column":2},"end":{"line":57,"column":8}},"6":{"start":{"line":55,"column":4},"end":{"line":55,"column":29}},"7":{"start":{"line":56,"column":4},"end":{"line":56,"column":20}},"8":{"start":{"line":62,"column":31},"end":{"line":62,"column":48}},"9":{"start":{"line":63,"column":30},"end":{"line":63,"column":46}},"10":{"start":{"line":64,"column":34},"end":{"line":64,"column":60}},"11":{"start":{"line":65,"column":32},"end":{"line":65,"column":57}},"12":{"start":{"line":66,"column":4},"end":{"line":103,"column":6}},"13":{"start":{"line":71,"column":12},"end":{"line":99,"column":23}},"14":{"start":{"line":77,"column":44},"end":{"line":79,"column":17}},"15":{"start":{"line":81,"column":18},"end":{"line":83,"column":44}},"16":{"start":{"line":84,"column":16},"end":{"line":96,"column":18}}},"fnMap":{"0":{"name":"(anonymous_0)","decl":{"start":{"line":45,"column":4},"end":{"line":45,"column":5}},"loc":{"start":{"line":46,"column":4},"end":{"line":46,"column":73}},"line":46},"1":{"name":"(anonymous_1)","decl":{"start":{"line":53,"column":34},"end":{"line":53,"column":35}},"loc":{"start":{"line":54,"column":2},"end":{"line":57,"column":8}},"line":54},"2":{"name":"(anonymous_2)","decl":{"start":{"line":54,"column":25},"end":{"line":54,"column":26}},"loc":{"start":{"line":54,"column":74},"end":{"line":57,"column":3}},"line":54},"3":{"name":"(anonymous_3)","decl":{"start":{"line":61,"column":2},"end":{"line":61,"column":3}},"loc":{"start":{"line":61,"column":11},"end":{"line":104,"column":3}},"line":61},"4":{"name":"(anonymous_4)","decl":{"start":{"line":70,"column":11},"end":{"line":70,"column":12}},"loc":{"start":{"line":71,"column":12},"end":{"line":99,"column":23}},"line":71},"5":{"name":"(anonymous_5)","decl":{"start":{"line":76,"column":25},"end":{"line":76,"column":26}},"loc":{"start":{"line":76,"column":60},"end":{"line":97,"column":15}},"line":76}},"branchMap":{"0":{"loc":{"start":{"line":46,"column":4},"end":{"line":46,"column":73}},"type":"cond-expr","locations":[{"start":{"line":46,"column":27},"end":{"line":46,"column":68}},{"start":{"line":46,"column":71},"end":{"line":46,"column":73}}],"line":46},"1":{"loc":{"start":{"line":81,"column":18},"end":{"line":83,"column":44}},"type":"binary-expr","locations":[{"start":{"line":81,"column":18},"end":{"line":81,"column":28}},{"start":{"line":82,"column":18},"end":{"line":82,"column":41}},{"start":{"line":83,"column":18},"end":{"line":83,"column":44}}],"line":81}},"s":{"0":3,"1":3,"2":3,"3":114,"4":3,"5":44,"6":11,"7":11,"8":112,"9":112,"10":112,"11":112,"12":112,"13":114,"14":342,"15":342,"16":342},"f":{"0":114,"1":44,"2":11,"3":112,"4":114,"5":342},"b":{"0":[2,112],"1":[342,11,0]},"_coverageSchema":"332fd63041d2c1bcb487cc26dd0d5f7d97098a6c","hash":"d431c8f7496ad0b928f9fdb34d69e549df5974dd"}
,"C:\\projects\\simple-widgets\\src\\DoubleListBox\\DoubleListBox.js": {"path":"C:\\projects\\simple-widgets\\src\\DoubleListBox\\DoubleListBox.js","statementMap":{"0":{"start":{"line":32,"column":18},"end":{"line":35,"column":1}},"1":{"start":{"line":37,"column":17},"end":{"line":40,"column":3}},"2":{"start":{"line":38,"column":2},"end":{"line":40,"column":3}},"3":{"start":{"line":39,"column":26},"end":{"line":39,"column":48}},"4":{"start":{"line":49,"column":4},"end":{"line":49,"column":17}},"5":{"start":{"line":51,"column":4},"end":{"line":55,"column":6}},"6":{"start":{"line":59,"column":4},"end":{"line":59,"column":19}},"7":{"start":{"line":63,"column":4},"end":{"line":80,"column":5}},"8":{"start":{"line":65,"column":27},"end":{"line":65,"column":74}},"9":{"start":{"line":66,"column":27},"end":{"line":66,"column":71}},"10":{"start":{"line":68,"column":20},"end":{"line":68,"column":75}},"11":{"start":{"line":68,"column":37},"end":{"line":68,"column":74}},"12":{"start":{"line":69,"column":20},"end":{"line":69,"column":75}},"13":{"start":{"line":69,"column":37},"end":{"line":69,"column":74}},"14":{"start":{"line":73,"column":16},"end":{"line":73,"column":18}},"15":{"start":{"line":74,"column":6},"end":{"line":74,"column":19}},"16":{"start":{"line":75,"column":6},"end":{"line":75,"column":37}},"17":{"start":{"line":76,"column":6},"end":{"line":76,"column":28}},"18":{"start":{"line":79,"column":6},"end":{"line":79,"column":29}},"19":{"start":{"line":85,"column":20},"end":{"line":85,"column":38}},"20":{"start":{"line":86,"column":4},"end":{"line":90,"column":27}},"21":{"start":{"line":94,"column":4},"end":{"line":94,"column":57}},"22":{"start":{"line":95,"column":4},"end":{"line":95,"column":61}},"23":{"start":{"line":96,"column":4},"end":{"line":96,"column":63}},"24":{"start":{"line":100,"column":4},"end":{"line":100,"column":60}},"25":{"start":{"line":101,"column":4},"end":{"line":101,"column":64}},"26":{"start":{"line":102,"column":4},"end":{"line":102,"column":66}},"27":{"start":{"line":106,"column":23},"end":{"line":106,"column":40}},"28":{"start":{"line":107,"column":26},"end":{"line":107,"column":100}},"29":{"start":{"line":107,"column":84},"end":{"line":107,"column":97}},"30":{"start":{"line":112,"column":4},"end":{"line":114,"column":5}},"31":{"start":{"line":113,"column":6},"end":{"line":113,"column":25}},"32":{"start":{"line":115,"column":4},"end":{"line":117,"column":7}},"33":{"start":{"line":121,"column":44},"end":{"line":121,"column":62}},"34":{"start":{"line":122,"column":38},"end":{"line":122,"column":51}},"35":{"start":{"line":127,"column":4},"end":{"line":130,"column":5}},"36":{"start":{"line":128,"column":6},"end":{"line":128,"column":47}},"37":{"start":{"line":129,"column":6},"end":{"line":129,"column":13}},"38":{"start":{"line":132,"column":37},"end":{"line":137,"column":6}},"39":{"start":{"line":139,"column":4},"end":{"line":139,"column":79}},"40":{"start":{"line":143,"column":4},"end":{"line":145,"column":5}},"41":{"start":{"line":144,"column":6},"end":{"line":144,"column":13}},"42":{"start":{"line":149,"column":4},"end":{"line":151,"column":5}},"43":{"start":{"line":150,"column":6},"end":{"line":150,"column":25}},"44":{"start":{"line":155,"column":4},"end":{"line":157,"column":5}},"45":{"start":{"line":156,"column":6},"end":{"line":156,"column":13}},"46":{"start":{"line":159,"column":4},"end":{"line":159,"column":23}},"47":{"start":{"line":163,"column":4},"end":{"line":165,"column":5}},"48":{"start":{"line":164,"column":6},"end":{"line":164,"column":13}},"49":{"start":{"line":167,"column":4},"end":{"line":167,"column":23}},"50":{"start":{"line":171,"column":34},"end":{"line":171,"column":60}},"51":{"start":{"line":172,"column":33},"end":{"line":172,"column":65}},"52":{"start":{"line":174,"column":29},"end":{"line":190,"column":8}},"53":{"start":{"line":177,"column":6},"end":{"line":179,"column":7}},"54":{"start":{"line":178,"column":8},"end":{"line":178,"column":24}},"55":{"start":{"line":183,"column":6},"end":{"line":185,"column":7}},"56":{"start":{"line":184,"column":8},"end":{"line":184,"column":24}},"57":{"start":{"line":189,"column":6},"end":{"line":189,"column":16}},"58":{"start":{"line":194,"column":4},"end":{"line":194,"column":52}},"59":{"start":{"line":198,"column":34},"end":{"line":198,"column":60}},"60":{"start":{"line":199,"column":26},"end":{"line":199,"column":57}},"61":{"start":{"line":202,"column":4},"end":{"line":207,"column":5}},"62":{"start":{"line":203,"column":6},"end":{"line":205,"column":9}},"63":{"start":{"line":206,"column":6},"end":{"line":206,"column":13}},"64":{"start":{"line":210,"column":26},"end":{"line":210,"column":46}},"65":{"start":{"line":211,"column":4},"end":{"line":211,"column":29}},"66":{"start":{"line":212,"column":4},"end":{"line":214,"column":7}},"67":{"start":{"line":219,"column":29},"end":{"line":223,"column":5}},"68":{"start":{"line":225,"column":4},"end":{"line":227,"column":5}},"69":{"start":{"line":226,"column":6},"end":{"line":226,"column":13}},"70":{"start":{"line":229,"column":4},"end":{"line":231,"column":7}},"71":{"start":{"line":235,"column":4},"end":{"line":235,"column":23}},"72":{"start":{"line":239,"column":4},"end":{"line":241,"column":7}},"73":{"start":{"line":245,"column":31},"end":{"line":245,"column":50}},"74":{"start":{"line":246,"column":27},"end":{"line":246,"column":53}},"75":{"start":{"line":247,"column":4},"end":{"line":269,"column":6}},"76":{"start":{"line":248,"column":26},"end":{"line":248,"column":43}},"77":{"start":{"line":255,"column":14},"end":{"line":264,"column":16}}},"fnMap":{"0":{"name":"(anonymous_0)","decl":{"start":{"line":37,"column":17},"end":{"line":37,"column":18}},"loc":{"start":{"line":38,"column":2},"end":{"line":40,"column":3}},"line":38},"1":{"name":"(anonymous_1)","decl":{"start":{"line":39,"column":4},"end":{"line":39,"column":5}},"loc":{"start":{"line":39,"column":26},"end":{"line":39,"column":48}},"line":39},"2":{"name":"(anonymous_2)","decl":{"start":{"line":48,"column":2},"end":{"line":48,"column":3}},"loc":{"start":{"line":48,"column":32},"end":{"line":60,"column":3}},"line":48},"3":{"name":"(anonymous_3)","decl":{"start":{"line":62,"column":2},"end":{"line":62,"column":3}},"loc":{"start":{"line":62,"column":19},"end":{"line":82,"column":3}},"line":62},"4":{"name":"(anonymous_4)","decl":{"start":{"line":68,"column":31},"end":{"line":68,"column":32}},"loc":{"start":{"line":68,"column":37},"end":{"line":68,"column":74}},"line":68},"5":{"name":"(anonymous_5)","decl":{"start":{"line":69,"column":31},"end":{"line":69,"column":32}},"loc":{"start":{"line":69,"column":37},"end":{"line":69,"column":74}},"line":69},"6":{"name":"(anonymous_6)","decl":{"start":{"line":84,"column":2},"end":{"line":84,"column":3}},"loc":{"start":{"line":84,"column":14},"end":{"line":91,"column":3}},"line":84},"7":{"name":"(anonymous_7)","decl":{"start":{"line":93,"column":2},"end":{"line":93,"column":3}},"loc":{"start":{"line":93,"column":22},"end":{"line":97,"column":3}},"line":93},"8":{"name":"(anonymous_8)","decl":{"start":{"line":99,"column":2},"end":{"line":99,"column":3}},"loc":{"start":{"line":99,"column":25},"end":{"line":103,"column":3}},"line":99},"9":{"name":"(anonymous_9)","decl":{"start":{"line":105,"column":16},"end":{"line":105,"column":17}},"loc":{"start":{"line":105,"column":38},"end":{"line":118,"column":3}},"line":105},"10":{"name":"(anonymous_10)","decl":{"start":{"line":107,"column":59},"end":{"line":107,"column":60}},"loc":{"start":{"line":107,"column":84},"end":{"line":107,"column":97}},"line":107},"11":{"name":"(anonymous_11)","decl":{"start":{"line":120,"column":14},"end":{"line":120,"column":15}},"loc":{"start":{"line":120,"column":38},"end":{"line":140,"column":3}},"line":120},"12":{"name":"(anonymous_12)","decl":{"start":{"line":142,"column":20},"end":{"line":142,"column":21}},"loc":{"start":{"line":142,"column":46},"end":{"line":152,"column":3}},"line":142},"13":{"name":"(anonymous_13)","decl":{"start":{"line":154,"column":18},"end":{"line":154,"column":19}},"loc":{"start":{"line":154,"column":44},"end":{"line":160,"column":3}},"line":154},"14":{"name":"(anonymous_14)","decl":{"start":{"line":162,"column":21},"end":{"line":162,"column":22}},"loc":{"start":{"line":162,"column":44},"end":{"line":168,"column":3}},"line":162},"15":{"name":"(anonymous_15)","decl":{"start":{"line":170,"column":20},"end":{"line":170,"column":21}},"loc":{"start":{"line":170,"column":36},"end":{"line":195,"column":3}},"line":170},"16":{"name":"(anonymous_16)","decl":{"start":{"line":174,"column":30},"end":{"line":174,"column":31}},"loc":{"start":{"line":174,"column":36},"end":{"line":190,"column":5}},"line":174},"17":{"name":"(anonymous_17)","decl":{"start":{"line":197,"column":27},"end":{"line":197,"column":28}},"loc":{"start":{"line":197,"column":43},"end":{"line":215,"column":3}},"line":197},"18":{"name":"(anonymous_18)","decl":{"start":{"line":218,"column":18},"end":{"line":218,"column":19}},"loc":{"start":{"line":218,"column":37},"end":{"line":232,"column":3}},"line":218},"19":{"name":"(anonymous_19)","decl":{"start":{"line":234,"column":13},"end":{"line":234,"column":14}},"loc":{"start":{"line":234,"column":19},"end":{"line":236,"column":3}},"line":234},"20":{"name":"(anonymous_20)","decl":{"start":{"line":238,"column":16},"end":{"line":238,"column":17}},"loc":{"start":{"line":238,"column":22},"end":{"line":242,"column":3}},"line":238},"21":{"name":"(anonymous_21)","decl":{"start":{"line":244,"column":2},"end":{"line":244,"column":3}},"loc":{"start":{"line":244,"column":11},"end":{"line":270,"column":3}},"line":244},"22":{"name":"(anonymous_22)","decl":{"start":{"line":248,"column":16},"end":{"line":248,"column":17}},"loc":{"start":{"line":248,"column":26},"end":{"line":248,"column":43}},"line":248},"23":{"name":"(anonymous_23)","decl":{"start":{"line":254,"column":38},"end":{"line":254,"column":39}},"loc":{"start":{"line":255,"column":14},"end":{"line":264,"column":16}},"line":255}},"branchMap":{"0":{"loc":{"start":{"line":63,"column":4},"end":{"line":80,"column":5}},"type":"if","locations":[{"start":{"line":63,"column":4},"end":{"line":80,"column":5}},{"start":{"line":63,"column":4},"end":{"line":80,"column":5}}],"line":63},"1":{"loc":{"start":{"line":112,"column":4},"end":{"line":114,"column":5}},"type":"if","locations":[{"start":{"line":112,"column":4},"end":{"line":114,"column":5}},{"start":{"line":112,"column":4},"end":{"line":114,"column":5}}],"line":112},"2":{"loc":{"start":{"line":127,"column":4},"end":{"line":130,"column":5}},"type":"if","locations":[{"start":{"line":127,"column":4},"end":{"line":130,"column":5}},{"start":{"line":127,"column":4},"end":{"line":130,"column":5}}],"line":127},"3":{"loc":{"start":{"line":127,"column":8},"end":{"line":127,"column":50}},"type":"binary-expr","locations":[{"start":{"line":127,"column":8},"end":{"line":127,"column":20}},{"start":{"line":127,"column":24},"end":{"line":127,"column":50}}],"line":127},"4":{"loc":{"start":{"line":143,"column":4},"end":{"line":145,"column":5}},"type":"if","locations":[{"start":{"line":143,"column":4},"end":{"line":145,"column":5}},{"start":{"line":143,"column":4},"end":{"line":145,"column":5}}],"line":143},"5":{"loc":{"start":{"line":149,"column":4},"end":{"line":151,"column":5}},"type":"if","locations":[{"start":{"line":149,"column":4},"end":{"line":151,"column":5}},{"start":{"line":149,"column":4},"end":{"line":151,"column":5}}],"line":149},"6":{"loc":{"start":{"line":155,"column":4},"end":{"line":157,"column":5}},"type":"if","locations":[{"start":{"line":155,"column":4},"end":{"line":157,"column":5}},{"start":{"line":155,"column":4},"end":{"line":157,"column":5}}],"line":155},"7":{"loc":{"start":{"line":163,"column":4},"end":{"line":165,"column":5}},"type":"if","locations":[{"start":{"line":163,"column":4},"end":{"line":165,"column":5}},{"start":{"line":163,"column":4},"end":{"line":165,"column":5}}],"line":163},"8":{"loc":{"start":{"line":177,"column":6},"end":{"line":179,"column":7}},"type":"if","locations":[{"start":{"line":177,"column":6},"end":{"line":179,"column":7}},{"start":{"line":177,"column":6},"end":{"line":179,"column":7}}],"line":177},"9":{"loc":{"start":{"line":183,"column":6},"end":{"line":185,"column":7}},"type":"if","locations":[{"start":{"line":183,"column":6},"end":{"line":185,"column":7}},{"start":{"line":183,"column":6},"end":{"line":185,"column":7}}],"line":183},"10":{"loc":{"start":{"line":202,"column":4},"end":{"line":207,"column":5}},"type":"if","locations":[{"start":{"line":202,"column":4},"end":{"line":207,"column":5}},{"start":{"line":202,"column":4},"end":{"line":207,"column":5}}],"line":202},"11":{"loc":{"start":{"line":225,"column":4},"end":{"line":227,"column":5}},"type":"if","locations":[{"start":{"line":225,"column":4},"end":{"line":227,"column":5}},{"start":{"line":225,"column":4},"end":{"line":227,"column":5}}],"line":225}},"s":{"0":3,"1":3,"2":112,"3":336,"4":25,"5":25,"6":25,"7":3,"8":3,"9":3,"10":3,"11":6,"12":3,"13":12,"14":3,"15":3,"16":3,"17":3,"18":3,"19":1,"20":1,"21":25,"22":25,"23":25,"24":7,"25":7,"26":7,"27":2,"28":2,"29":0,"30":2,"31":2,"32":2,"33":2,"34":2,"35":2,"36":0,"37":0,"38":2,"39":2,"40":10,"41":7,"42":3,"43":2,"44":9,"45":8,"46":1,"47":0,"48":0,"49":0,"50":12,"51":12,"52":12,"53":12,"54":10,"55":2,"56":0,"57":2,"58":12,"59":1,"60":1,"61":1,"62":1,"63":1,"64":0,"65":0,"66":0,"67":1,"68":1,"69":1,"70":0,"71":1,"72":7,"73":56,"74":56,"75":56,"76":94,"77":112},"f":{"0":112,"1":336,"2":25,"3":3,"4":6,"5":12,"6":1,"7":25,"8":7,"9":2,"10":0,"11":2,"12":10,"13":9,"14":0,"15":12,"16":12,"17":1,"18":1,"19":1,"20":7,"21":56,"22":94,"23":112},"b":{"0":[3,0],"1":[2,0],"2":[0,2],"3":[2,2],"4":[7,3],"5":[2,1],"6":[8,1],"7":[0,0],"8":[10,2],"9":[0,2],"10":[1,0],"11":[1,0]},"_coverageSchema":"332fd63041d2c1bcb487cc26dd0d5f7d97098a6c","hash":"dc8ea8fb7b11771248dc450da039b6e678aec5f5"}
,"C:\\projects\\simple-widgets\\src\\DoubleListBox\\Task.js": {"path":"C:\\projects\\simple-widgets\\src\\DoubleListBox\\Task.js","statementMap":{"0":{"start":{"line":11,"column":22},"end":{"line":11,"column":23}},"1":{"start":{"line":30,"column":27},"end":{"line":43,"column":1}},"2":{"start":{"line":34,"column":2},"end":{"line":36,"column":3}},"3":{"start":{"line":35,"column":4},"end":{"line":35,"column":29}},"4":{"start":{"line":38,"column":2},"end":{"line":40,"column":3}},"5":{"start":{"line":39,"column":4},"end":{"line":39,"column":29}},"6":{"start":{"line":42,"column":2},"end":{"line":42,"column":27}},"7":{"start":{"line":45,"column":17},"end":{"line":53,"column":1}},"8":{"start":{"line":46,"column":2},"end":{"line":48,"column":3}},"9":{"start":{"line":47,"column":4},"end":{"line":47,"column":22}},"10":{"start":{"line":49,"column":2},"end":{"line":51,"column":3}},"11":{"start":{"line":50,"column":4},"end":{"line":50,"column":28}},"12":{"start":{"line":52,"column":2},"end":{"line":52,"column":22}},"13":{"start":{"line":55,"column":18},"end":{"line":79,"column":1}},"14":{"start":{"line":56,"column":31},"end":{"line":56,"column":56}},"15":{"start":{"line":57,"column":20},"end":{"line":57,"column":35}},"16":{"start":{"line":64,"column":4},"end":{"line":66,"column":10}},"17":{"start":{"line":67,"column":4},"end":{"line":69,"column":10}},"18":{"start":{"line":81,"column":16},"end":{"line":81,"column":31}},"19":{"start":{"line":83,"column":21},"end":{"line":83,"column":23}},"20":{"start":{"line":85,"column":23},"end":{"line":97,"column":1}},"21":{"start":{"line":99,"column":17},"end":{"line":105,"column":1}},"22":{"start":{"line":113,"column":4},"end":{"line":115,"column":5}},"23":{"start":{"line":114,"column":6},"end":{"line":114,"column":48}},"24":{"start":{"line":117,"column":4},"end":{"line":119,"column":5}},"25":{"start":{"line":118,"column":6},"end":{"line":118,"column":13}},"26":{"start":{"line":121,"column":4},"end":{"line":123,"column":5}},"27":{"start":{"line":122,"column":6},"end":{"line":122,"column":13}},"28":{"start":{"line":125,"column":4},"end":{"line":127,"column":5}},"29":{"start":{"line":126,"column":6},"end":{"line":126,"column":13}},"30":{"start":{"line":130,"column":4},"end":{"line":130,"column":27}},"31":{"start":{"line":132,"column":4},"end":{"line":132,"column":30}},"32":{"start":{"line":139,"column":4},"end":{"line":141,"column":5}},"33":{"start":{"line":140,"column":6},"end":{"line":140,"column":13}},"34":{"start":{"line":143,"column":4},"end":{"line":145,"column":5}},"35":{"start":{"line":144,"column":6},"end":{"line":144,"column":13}},"36":{"start":{"line":148,"column":4},"end":{"line":148,"column":27}},"37":{"start":{"line":150,"column":4},"end":{"line":150,"column":30}},"38":{"start":{"line":154,"column":4},"end":{"line":156,"column":5}},"39":{"start":{"line":155,"column":6},"end":{"line":155,"column":13}},"40":{"start":{"line":161,"column":4},"end":{"line":161,"column":27}},"41":{"start":{"line":162,"column":4},"end":{"line":162,"column":58}},"42":{"start":{"line":167,"column":27},"end":{"line":167,"column":65}},"43":{"start":{"line":168,"column":4},"end":{"line":168,"column":58}},"44":{"start":{"line":172,"column":65},"end":{"line":172,"column":79}},"45":{"start":{"line":180,"column":8},"end":{"line":180,"column":18}},"46":{"start":{"line":182,"column":4},"end":{"line":185,"column":5}},"47":{"start":{"line":183,"column":6},"end":{"line":183,"column":38}},"48":{"start":{"line":184,"column":6},"end":{"line":184,"column":13}},"49":{"start":{"line":187,"column":4},"end":{"line":190,"column":5}},"50":{"start":{"line":188,"column":6},"end":{"line":188,"column":29}},"51":{"start":{"line":189,"column":6},"end":{"line":189,"column":13}},"52":{"start":{"line":192,"column":4},"end":{"line":192,"column":29}},"53":{"start":{"line":196,"column":27},"end":{"line":196,"column":42}},"54":{"start":{"line":197,"column":26},"end":{"line":197,"column":42}},"55":{"start":{"line":198,"column":32},"end":{"line":198,"column":53}},"56":{"start":{"line":199,"column":35},"end":{"line":199,"column":60}},"57":{"start":{"line":200,"column":32},"end":{"line":200,"column":53}},"58":{"start":{"line":201,"column":4},"end":{"line":229,"column":6}},"59":{"start":{"line":205,"column":12},"end":{"line":205,"column":53}},"60":{"start":{"line":207,"column":10},"end":{"line":226,"column":12}},"61":{"start":{"line":215,"column":16},"end":{"line":215,"column":57}}},"fnMap":{"0":{"name":"(anonymous_0)","decl":{"start":{"line":30,"column":27},"end":{"line":30,"column":28}},"loc":{"start":{"line":33,"column":38},"end":{"line":43,"column":1}},"line":33},"1":{"name":"(anonymous_1)","decl":{"start":{"line":45,"column":17},"end":{"line":45,"column":18}},"loc":{"start":{"line":45,"column":57},"end":{"line":53,"column":1}},"line":45},"2":{"name":"(anonymous_2)","decl":{"start":{"line":56,"column":22},"end":{"line":56,"column":23}},"loc":{"start":{"line":56,"column":31},"end":{"line":56,"column":56}},"line":56},"3":{"name":"(anonymous_3)","decl":{"start":{"line":57,"column":11},"end":{"line":57,"column":12}},"loc":{"start":{"line":57,"column":20},"end":{"line":57,"column":35}},"line":57},"4":{"name":"(anonymous_4)","decl":{"start":{"line":63,"column":4},"end":{"line":63,"column":5}},"loc":{"start":{"line":64,"column":4},"end":{"line":66,"column":10}},"line":64},"5":{"name":"(anonymous_5)","decl":{"start":{"line":66,"column":14},"end":{"line":66,"column":15}},"loc":{"start":{"line":67,"column":4},"end":{"line":69,"column":10}},"line":67},"6":{"name":"(anonymous_6)","decl":{"start":{"line":108,"column":14},"end":{"line":108,"column":15}},"loc":{"start":{"line":112,"column":7},"end":{"line":133,"column":3}},"line":112},"7":{"name":"(anonymous_7)","decl":{"start":{"line":137,"column":12},"end":{"line":137,"column":13}},"loc":{"start":{"line":137,"column":35},"end":{"line":151,"column":3}},"line":137},"8":{"name":"(anonymous_8)","decl":{"start":{"line":153,"column":15},"end":{"line":153,"column":16}},"loc":{"start":{"line":153,"column":38},"end":{"line":163,"column":3}},"line":153},"9":{"name":"(anonymous_9)","decl":{"start":{"line":166,"column":37},"end":{"line":166,"column":38}},"loc":{"start":{"line":166,"column":76},"end":{"line":169,"column":3}},"line":166},"10":{"name":"(anonymous_10)","decl":{"start":{"line":172,"column":26},"end":{"line":172,"column":27}},"loc":{"start":{"line":172,"column":65},"end":{"line":172,"column":79}},"line":172},"11":{"name":"(anonymous_11)","decl":{"start":{"line":174,"column":18},"end":{"line":174,"column":19}},"loc":{"start":{"line":174,"column":57},"end":{"line":193,"column":3}},"line":174},"12":{"name":"(anonymous_12)","decl":{"start":{"line":195,"column":2},"end":{"line":195,"column":3}},"loc":{"start":{"line":195,"column":11},"end":{"line":230,"column":3}},"line":195},"13":{"name":"(anonymous_13)","decl":{"start":{"line":203,"column":9},"end":{"line":203,"column":10}},"loc":{"start":{"line":203,"column":76},"end":{"line":227,"column":9}},"line":203},"14":{"name":"(anonymous_14)","decl":{"start":{"line":214,"column":25},"end":{"line":214,"column":26}},"loc":{"start":{"line":215,"column":16},"end":{"line":215,"column":57}},"line":215}},"branchMap":{"0":{"loc":{"start":{"line":34,"column":2},"end":{"line":36,"column":3}},"type":"if","locations":[{"start":{"line":34,"column":2},"end":{"line":36,"column":3}},{"start":{"line":34,"column":2},"end":{"line":36,"column":3}}],"line":34},"1":{"loc":{"start":{"line":38,"column":2},"end":{"line":40,"column":3}},"type":"if","locations":[{"start":{"line":38,"column":2},"end":{"line":40,"column":3}},{"start":{"line":38,"column":2},"end":{"line":40,"column":3}}],"line":38},"2":{"loc":{"start":{"line":46,"column":2},"end":{"line":48,"column":3}},"type":"if","locations":[{"start":{"line":46,"column":2},"end":{"line":48,"column":3}},{"start":{"line":46,"column":2},"end":{"line":48,"column":3}}],"line":46},"3":{"loc":{"start":{"line":49,"column":2},"end":{"line":51,"column":3}},"type":"if","locations":[{"start":{"line":49,"column":2},"end":{"line":51,"column":3}},{"start":{"line":49,"column":2},"end":{"line":51,"column":3}}],"line":49},"4":{"loc":{"start":{"line":64,"column":4},"end":{"line":66,"column":10}},"type":"cond-expr","locations":[{"start":{"line":65,"column":8},"end":{"line":65,"column":51}},{"start":{"line":66,"column":8},"end":{"line":66,"column":10}}],"line":64},"5":{"loc":{"start":{"line":67,"column":4},"end":{"line":69,"column":10}},"type":"cond-expr","locations":[{"start":{"line":68,"column":8},"end":{"line":68,"column":23}},{"start":{"line":69,"column":8},"end":{"line":69,"column":10}}],"line":67},"6":{"loc":{"start":{"line":113,"column":4},"end":{"line":115,"column":5}},"type":"if","locations":[{"start":{"line":113,"column":4},"end":{"line":115,"column":5}},{"start":{"line":113,"column":4},"end":{"line":115,"column":5}}],"line":113},"7":{"loc":{"start":{"line":117,"column":4},"end":{"line":119,"column":5}},"type":"if","locations":[{"start":{"line":117,"column":4},"end":{"line":119,"column":5}},{"start":{"line":117,"column":4},"end":{"line":119,"column":5}}],"line":117},"8":{"loc":{"start":{"line":121,"column":4},"end":{"line":123,"column":5}},"type":"if","locations":[{"start":{"line":121,"column":4},"end":{"line":123,"column":5}},{"start":{"line":121,"column":4},"end":{"line":123,"column":5}}],"line":121},"9":{"loc":{"start":{"line":125,"column":4},"end":{"line":127,"column":5}},"type":"if","locations":[{"start":{"line":125,"column":4},"end":{"line":127,"column":5}},{"start":{"line":125,"column":4},"end":{"line":127,"column":5}}],"line":125},"10":{"loc":{"start":{"line":139,"column":4},"end":{"line":141,"column":5}},"type":"if","locations":[{"start":{"line":139,"column":4},"end":{"line":141,"column":5}},{"start":{"line":139,"column":4},"end":{"line":141,"column":5}}],"line":139},"11":{"loc":{"start":{"line":143,"column":4},"end":{"line":145,"column":5}},"type":"if","locations":[{"start":{"line":143,"column":4},"end":{"line":145,"column":5}},{"start":{"line":143,"column":4},"end":{"line":145,"column":5}}],"line":143},"12":{"loc":{"start":{"line":154,"column":4},"end":{"line":156,"column":5}},"type":"if","locations":[{"start":{"line":154,"column":4},"end":{"line":156,"column":5}},{"start":{"line":154,"column":4},"end":{"line":156,"column":5}}],"line":154},"13":{"loc":{"start":{"line":168,"column":11},"end":{"line":168,"column":57}},"type":"cond-expr","locations":[{"start":{"line":168,"column":28},"end":{"line":168,"column":41}},{"start":{"line":168,"column":44},"end":{"line":168,"column":57}}],"line":168},"14":{"loc":{"start":{"line":182,"column":4},"end":{"line":185,"column":5}},"type":"if","locations":[{"start":{"line":182,"column":4},"end":{"line":185,"column":5}},{"start":{"line":182,"column":4},"end":{"line":185,"column":5}}],"line":182},"15":{"loc":{"start":{"line":187,"column":4},"end":{"line":190,"column":5}},"type":"if","locations":[{"start":{"line":187,"column":4},"end":{"line":190,"column":5}},{"start":{"line":187,"column":4},"end":{"line":190,"column":5}}],"line":187},"16":{"loc":{"start":{"line":205,"column":12},"end":{"line":205,"column":53}},"type":"binary-expr","locations":[{"start":{"line":205,"column":12},"end":{"line":205,"column":31}},{"start":{"line":205,"column":35},"end":{"line":205,"column":53}}],"line":205},"17":{"loc":{"start":{"line":222,"column":15},"end":{"line":224,"column":22}},"type":"cond-expr","locations":[{"start":{"line":223,"column":16},"end":{"line":223,"column":65}},{"start":{"line":224,"column":18},"end":{"line":224,"column":22}}],"line":222}},"s":{"0":3,"1":3,"2":342,"3":0,"4":342,"5":11,"6":331,"7":3,"8":342,"9":0,"10":342,"11":11,"12":331,"13":3,"14":342,"15":342,"16":342,"17":342,"18":3,"19":3,"20":3,"21":3,"22":10,"23":10,"24":10,"25":6,"26":4,"27":0,"28":4,"29":3,"30":1,"31":1,"32":10,"33":0,"34":10,"35":2,"36":8,"37":8,"38":0,"39":0,"40":0,"41":0,"42":9,"43":9,"44":9,"45":9,"46":9,"47":0,"48":0,"49":9,"50":0,"51":0,"52":9,"53":342,"54":342,"55":342,"56":342,"57":342,"58":342,"59":342,"60":342,"61":10},"f":{"0":342,"1":342,"2":342,"3":342,"4":342,"5":342,"6":10,"7":10,"8":0,"9":9,"10":9,"11":9,"12":342,"13":342,"14":10},"b":{"0":[0,342],"1":[11,331],"2":[0,342],"3":[11,331],"4":[2,340],"5":[0,342],"6":[10,0],"7":[6,4],"8":[0,4],"9":[3,1],"10":[0,10],"11":[2,8],"12":[0,0],"13":[0,9],"14":[0,9],"15":[0,9],"16":[342,2],"17":[0,342]},"_coverageSchema":"332fd63041d2c1bcb487cc26dd0d5f7d97098a6c","hash":"4b36c38f1d8945b7f853566b28062e3ca8a5fab6"}
,"C:\\projects\\simple-widgets\\src\\DoubleListBox\\buildEntities.js": {"path":"C:\\projects\\simple-widgets\\src\\DoubleListBox\\buildEntities.js","statementMap":{"0":{"start":{"line":8,"column":0},"end":{"line":11,"column":1}},"1":{"start":{"line":10,"column":3},"end":{"line":10,"column":16}},"2":{"start":{"line":13,"column":0},"end":{"line":16,"column":1}},"3":{"start":{"line":15,"column":3},"end":{"line":15,"column":16}},"4":{"start":{"line":18,"column":22},"end":{"line":23,"column":1}},"5":{"start":{"line":19,"column":37},"end":{"line":22,"column":3}},"6":{"start":{"line":25,"column":25},"end":{"line":31,"column":1}},"7":{"start":{"line":27,"column":4},"end":{"line":27,"column":35}},"8":{"start":{"line":28,"column":4},"end":{"line":28,"column":20}},"9":{"start":{"line":33,"column":19},"end":{"line":35,"column":1}},"10":{"start":{"line":34,"column":2},"end":{"line":34,"column":39}},"11":{"start":{"line":37,"column":21},"end":{"line":41,"column":1}},"12":{"start":{"line":40,"column":32},"end":{"line":40,"column":57}},"13":{"start":{"line":40,"column":83},"end":{"line":40,"column":90}},"14":{"start":{"line":43,"column":21},"end":{"line":47,"column":1}},"15":{"start":{"line":46,"column":32},"end":{"line":46,"column":56}},"16":{"start":{"line":46,"column":82},"end":{"line":46,"column":89}},"17":{"start":{"line":49,"column":27},"end":{"line":56,"column":1}},"18":{"start":{"line":58,"column":3},"end":{"line":58,"column":19}}},"fnMap":{"0":{"name":"(anonymous_0)","decl":{"start":{"line":4,"column":15},"end":{"line":4,"column":16}},"loc":{"start":{"line":4,"column":69},"end":{"line":59,"column":1}},"line":4},"1":{"name":"(anonymous_1)","decl":{"start":{"line":19,"column":2},"end":{"line":19,"column":3}},"loc":{"start":{"line":19,"column":37},"end":{"line":22,"column":3}},"line":19},"2":{"name":"(anonymous_2)","decl":{"start":{"line":26,"column":2},"end":{"line":26,"column":3}},"loc":{"start":{"line":26,"column":49},"end":{"line":29,"column":3}},"line":26},"3":{"name":"(anonymous_3)","decl":{"start":{"line":33,"column":19},"end":{"line":33,"column":20}},"loc":{"start":{"line":33,"column":48},"end":{"line":35,"column":1}},"line":33},"4":{"name":"(anonymous_4)","decl":{"start":{"line":40,"column":24},"end":{"line":40,"column":25}},"loc":{"start":{"line":40,"column":32},"end":{"line":40,"column":57}},"line":40},"5":{"name":"(anonymous_5)","decl":{"start":{"line":40,"column":63},"end":{"line":40,"column":64}},"loc":{"start":{"line":40,"column":83},"end":{"line":40,"column":90}},"line":40},"6":{"name":"(anonymous_6)","decl":{"start":{"line":46,"column":24},"end":{"line":46,"column":25}},"loc":{"start":{"line":46,"column":32},"end":{"line":46,"column":56}},"line":46},"7":{"name":"(anonymous_7)","decl":{"start":{"line":46,"column":62},"end":{"line":46,"column":63}},"loc":{"start":{"line":46,"column":82},"end":{"line":46,"column":89}},"line":46}},"branchMap":{"0":{"loc":{"start":{"line":8,"column":0},"end":{"line":11,"column":1}},"type":"if","locations":[{"start":{"line":8,"column":0},"end":{"line":11,"column":1}},{"start":{"line":8,"column":0},"end":{"line":11,"column":1}}],"line":8},"1":{"loc":{"start":{"line":13,"column":0},"end":{"line":16,"column":1}},"type":"if","locations":[{"start":{"line":13,"column":0},"end":{"line":16,"column":1}},{"start":{"line":13,"column":0},"end":{"line":16,"column":1}}],"line":13}},"s":{"0":26,"1":0,"2":26,"3":1,"4":26,"5":156,"6":26,"7":156,"8":156,"9":26,"10":312,"11":26,"12":156,"13":78,"14":26,"15":156,"16":78,"17":26,"18":26},"f":{"0":26,"1":156,"2":156,"3":312,"4":156,"5":78,"6":156,"7":78},"b":{"0":[0,26],"1":[1,25]},"_coverageSchema":"332fd63041d2c1bcb487cc26dd0d5f7d97098a6c","hash":"c5c5c42c46c59a5b74bafd6d231062fff59509e1"}
,"C:\\projects\\simple-widgets\\src\\DoubleListBox\\constants.js": {"path":"C:\\projects\\simple-widgets\\src\\DoubleListBox\\constants.js","statementMap":{"0":{"start":{"line":2,"column":22},"end":{"line":22,"column":1}},"1":{"start":{"line":24,"column":28},"end":{"line":24,"column":29}},"2":{"start":{"line":26,"column":36},"end":{"line":26,"column":37}}},"fnMap":{},"branchMap":{},"s":{"0":3,"1":3,"2":3},"f":{},"b":{},"_coverageSchema":"332fd63041d2c1bcb487cc26dd0d5f7d97098a6c","hash":"64cef72ecaa3937cea1e3aa51f62a23a2501d71d"}
,"C:\\projects\\simple-widgets\\src\\DoubleListBox\\utils.js": {"path":"C:\\projects\\simple-widgets\\src\\DoubleListBox\\utils.js","statementMap":{"0":{"start":{"line":9,"column":16},"end":{"line":15,"column":1}},"1":{"start":{"line":10,"column":17},"end":{"line":10,"column":33}},"2":{"start":{"line":11,"column":20},"end":{"line":11,"column":48}},"3":{"start":{"line":12,"column":2},"end":{"line":12,"column":38}},"4":{"start":{"line":14,"column":2},"end":{"line":14,"column":16}},"5":{"start":{"line":31,"column":23},"end":{"line":35,"column":2}},"6":{"start":{"line":31,"column":67},"end":{"line":35,"column":1}},"7":{"start":{"line":37,"column":26},"end":{"line":94,"column":1}},"8":{"start":{"line":44,"column":2},"end":{"line":64,"column":3}},"9":{"start":{"line":45,"column":27},"end":{"line":45,"column":63}},"10":{"start":{"line":46,"column":28},"end":{"line":50,"column":5}},"11":{"start":{"line":52,"column":30},"end":{"line":58,"column":5}},"12":{"start":{"line":60,"column":4},"end":{"line":63,"column":6}},"13":{"start":{"line":67,"column":23},"end":{"line":67,"column":59}},"14":{"start":{"line":68,"column":26},"end":{"line":68,"column":67}},"15":{"start":{"line":71,"column":21},"end":{"line":71,"column":47}},"16":{"start":{"line":74,"column":31},"end":{"line":74,"column":48}},"17":{"start":{"line":75,"column":2},"end":{"line":75,"column":41}},"18":{"start":{"line":78,"column":34},"end":{"line":78,"column":54}},"19":{"start":{"line":79,"column":2},"end":{"line":79,"column":57}},"20":{"start":{"line":81,"column":28},"end":{"line":88,"column":3}},"21":{"start":{"line":90,"column":2},"end":{"line":93,"column":4}},"22":{"start":{"line":98,"column":29},"end":{"line":107,"column":1}},"23":{"start":{"line":99,"column":24},"end":{"line":102,"column":4}},"24":{"start":{"line":100,"column":27},"end":{"line":100,"column":47}},"25":{"start":{"line":101,"column":4},"end":{"line":101,"column":43}},"26":{"start":{"line":104,"column":2},"end":{"line":104,"column":56}},"27":{"start":{"line":106,"column":2},"end":{"line":106,"column":36}},"28":{"start":{"line":110,"column":37},"end":{"line":115,"column":1}},"29":{"start":{"line":111,"column":2},"end":{"line":113,"column":3}},"30":{"start":{"line":112,"column":4},"end":{"line":112,"column":34}},"31":{"start":{"line":114,"column":2},"end":{"line":114,"column":33}},"32":{"start":{"line":117,"column":29},"end":{"line":166,"column":1}},"33":{"start":{"line":119,"column":2},"end":{"line":121,"column":3}},"34":{"start":{"line":120,"column":4},"end":{"line":120,"column":23}},"35":{"start":{"line":123,"column":30},"end":{"line":123,"column":64}},"36":{"start":{"line":124,"column":29},"end":{"line":124,"column":67}},"37":{"start":{"line":126,"column":27},"end":{"line":126,"column":70}},"38":{"start":{"line":127,"column":31},"end":{"line":127,"column":68}},"39":{"start":{"line":128,"column":30},"end":{"line":128,"column":72}},"40":{"start":{"line":132,"column":2},"end":{"line":134,"column":3}},"41":{"start":{"line":133,"column":4},"end":{"line":133,"column":56}},"42":{"start":{"line":140,"column":2},"end":{"line":142,"column":3}},"43":{"start":{"line":141,"column":4},"end":{"line":141,"column":16}},"44":{"start":{"line":144,"column":39},"end":{"line":144,"column":63}},"45":{"start":{"line":145,"column":24},"end":{"line":145,"column":70}},"46":{"start":{"line":146,"column":22},"end":{"line":146,"column":68}},"47":{"start":{"line":148,"column":26},"end":{"line":148,"column":67}},"48":{"start":{"line":153,"column":22},"end":{"line":160,"column":3}},"49":{"start":{"line":155,"column":6},"end":{"line":157,"column":7}},"50":{"start":{"line":156,"column":8},"end":{"line":156,"column":21}},"51":{"start":{"line":158,"column":6},"end":{"line":158,"column":18}},"52":{"start":{"line":162,"column":23},"end":{"line":162,"column":73}},"53":{"start":{"line":163,"column":25},"end":{"line":163,"column":56}},"54":{"start":{"line":165,"column":2},"end":{"line":165,"column":18}}},"fnMap":{"0":{"name":"(anonymous_0)","decl":{"start":{"line":9,"column":16},"end":{"line":9,"column":17}},"loc":{"start":{"line":9,"column":78},"end":{"line":15,"column":1}},"line":9},"1":{"name":"(anonymous_1)","decl":{"start":{"line":31,"column":23},"end":{"line":31,"column":24}},"loc":{"start":{"line":31,"column":67},"end":{"line":35,"column":1}},"line":31},"2":{"name":"(anonymous_2)","decl":{"start":{"line":37,"column":26},"end":{"line":37,"column":27}},"loc":{"start":{"line":42,"column":20},"end":{"line":94,"column":1}},"line":42},"3":{"name":"(anonymous_3)","decl":{"start":{"line":98,"column":29},"end":{"line":98,"column":30}},"loc":{"start":{"line":98,"column":77},"end":{"line":107,"column":1}},"line":98},"4":{"name":"(anonymous_4)","decl":{"start":{"line":99,"column":50},"end":{"line":99,"column":51}},"loc":{"start":{"line":99,"column":62},"end":{"line":102,"column":3}},"line":99},"5":{"name":"(anonymous_5)","decl":{"start":{"line":110,"column":37},"end":{"line":110,"column":38}},"loc":{"start":{"line":110,"column":61},"end":{"line":115,"column":1}},"line":110},"6":{"name":"(anonymous_6)","decl":{"start":{"line":117,"column":29},"end":{"line":117,"column":30}},"loc":{"start":{"line":117,"column":107},"end":{"line":166,"column":1}},"line":117},"7":{"name":"(anonymous_7)","decl":{"start":{"line":153,"column":40},"end":{"line":153,"column":41}},"loc":{"start":{"line":153,"column":65},"end":{"line":159,"column":5}},"line":153}},"branchMap":{"0":{"loc":{"start":{"line":44,"column":2},"end":{"line":64,"column":3}},"type":"if","locations":[{"start":{"line":44,"column":2},"end":{"line":64,"column":3}},{"start":{"line":44,"column":2},"end":{"line":64,"column":3}}],"line":44},"1":{"loc":{"start":{"line":111,"column":2},"end":{"line":113,"column":3}},"type":"if","locations":[{"start":{"line":111,"column":2},"end":{"line":113,"column":3}},{"start":{"line":111,"column":2},"end":{"line":113,"column":3}}],"line":111},"2":{"loc":{"start":{"line":119,"column":2},"end":{"line":121,"column":3}},"type":"if","locations":[{"start":{"line":119,"column":2},"end":{"line":121,"column":3}},{"start":{"line":119,"column":2},"end":{"line":121,"column":3}}],"line":119},"3":{"loc":{"start":{"line":132,"column":2},"end":{"line":134,"column":3}},"type":"if","locations":[{"start":{"line":132,"column":2},"end":{"line":134,"column":3}},{"start":{"line":132,"column":2},"end":{"line":134,"column":3}}],"line":132},"4":{"loc":{"start":{"line":140,"column":2},"end":{"line":142,"column":3}},"type":"if","locations":[{"start":{"line":140,"column":2},"end":{"line":142,"column":3}},{"start":{"line":140,"column":2},"end":{"line":142,"column":3}}],"line":140},"5":{"loc":{"start":{"line":145,"column":24},"end":{"line":145,"column":70}},"type":"cond-expr","locations":[{"start":{"line":145,"column":46},"end":{"line":145,"column":57}},{"start":{"line":145,"column":60},"end":{"line":145,"column":70}}],"line":145},"6":{"loc":{"start":{"line":146,"column":22},"end":{"line":146,"column":68}},"type":"cond-expr","locations":[{"start":{"line":146,"column":44},"end":{"line":146,"column":54}},{"start":{"line":146,"column":57},"end":{"line":146,"column":68}}],"line":146},"7":{"loc":{"start":{"line":155,"column":6},"end":{"line":157,"column":7}},"type":"if","locations":[{"start":{"line":155,"column":6},"end":{"line":157,"column":7}},{"start":{"line":155,"column":6},"end":{"line":157,"column":7}}],"line":155},"8":{"loc":{"start":{"line":162,"column":23},"end":{"line":162,"column":73}},"type":"cond-expr","locations":[{"start":{"line":162,"column":45},"end":{"line":162,"column":50}},{"start":{"line":162,"column":53},"end":{"line":162,"column":73}}],"line":162}},"s":{"0":3,"1":2,"2":2,"3":2,"4":2,"5":3,"6":2,"7":3,"8":2,"9":2,"10":2,"11":2,"12":2,"13":0,"14":0,"15":0,"16":0,"17":0,"18":0,"19":0,"20":0,"21":0,"22":3,"23":2,"24":4,"25":4,"26":2,"27":2,"28":3,"29":2,"30":0,"31":2,"32":3,"33":1,"34":0,"35":1,"36":1,"37":1,"38":1,"39":1,"40":1,"41":0,"42":1,"43":1,"44":0,"45":0,"46":0,"47":0,"48":0,"49":0,"50":0,"51":0,"52":0,"53":0,"54":0},"f":{"0":2,"1":2,"2":2,"3":2,"4":4,"5":2,"6":1,"7":0},"b":{"0":[2,0],"1":[0,2],"2":[0,1],"3":[0,1],"4":[1,0],"5":[0,0],"6":[0,0],"7":[0,0],"8":[0,0]},"_coverageSchema":"332fd63041d2c1bcb487cc26dd0d5f7d97098a6c","hash":"012363fd8931a947ff2ea5f81ba242967209053b"}
}
