TN:
SF:C:\projects\simple-widgets\src\CheckBox.js
FN:25,(anonymous_0)
FN:31,(anonymous_1)
FN:39,(anonymous_2)
FNF:3
FNH:3
FNDA:28,(anonymous_0)
FNDA:4,(anonymous_1)
FNDA:56,(anonymous_2)
DA:4,1
DA:20,1
DA:21,1
DA:26,28
DA:28,28
DA:32,4
DA:33,4
DA:34,4
DA:35,4
DA:36,4
DA:40,56
DA:42,56
DA:43,56
DA:45,56
DA:46,56
LF:15
LH:15
BRDA:32,0,0,4
BRDA:32,0,1,0
BRDA:35,1,0,2
BRDA:35,1,1,2
BRDA:43,2,0,2
BRDA:43,2,1,54
BRF:6
BRH:5
end_of_record
TN:
SF:C:\projects\simple-widgets\src\Choice.js
FN:8,(anonymous_0)
FN:14,(anonymous_1)
FNF:2
FNH:2
FNDA:14,(anonymous_0)
FNDA:70,(anonymous_1)
DA:9,14
DA:10,14
DA:11,14
DA:12,14
DA:14,70
LF:5
LH:5
BRF:0
BRH:0
end_of_record
TN:
SF:C:\projects\simple-widgets\src\DatePicker.js
FN:8,(anonymous_0)
FN:14,(anonymous_1)
FNF:2
FNH:2
FNDA:14,(anonymous_0)
FNDA:25,(anonymous_1)
DA:9,14
DA:11,14
DA:15,25
LF:3
LH:3
BRF:0
BRH:0
end_of_record
TN:
SF:C:\projects\simple-widgets\src\DatePickerStyle.js
FN:3,DatePickerStyle
FN:15,isTestingWithJest
FN:19,addClassRules
FNF:3
FNH:3
FNDA:14,DatePickerStyle
FNDA:14,isTestingWithJest
FNDA:14,addClassRules
DA:4,14
DA:5,14
DA:6,14
DA:7,14
DA:8,0
DA:10,14
DA:16,14
DA:20,14
DA:21,14
DA:22,14
DA:23,14
DA:24,14
DA:31,2
LF:13
LH:12
BRDA:4,0,0,14
BRDA:4,0,1,0
BRDA:6,1,0,14
BRDA:6,1,1,0
BRDA:7,2,0,0
BRDA:7,2,1,14
BRDA:20,3,0,14
BRDA:20,3,1,0
BRF:8
BRH:4
end_of_record
TN:
SF:C:\projects\simple-widgets\src\Radio.js
FN:23,(anonymous_0)
FN:29,(anonymous_1)
FN:37,(anonymous_2)
FNF:3
FNH:3
FNDA:21,(anonymous_0)
FNDA:2,(anonymous_1)
FNDA:42,(anonymous_2)
DA:16,1
DA:17,1
DA:19,1
DA:24,21
DA:26,21
DA:30,2
DA:31,2
DA:32,2
DA:33,2
DA:34,2
DA:38,42
DA:40,42
DA:41,42
DA:43,42
DA:44,42
DA:45,42
LF:16
LH:16
BRDA:30,0,0,2
BRDA:30,0,1,0
BRDA:41,1,0,2
BRDA:41,1,1,40
BRF:4
BRH:3
end_of_record
TN:
SF:C:\projects\simple-widgets\src\UnstyledDatePicker.js
FN:17,parseDate
FN:25,formatDate
FN:31,(anonymous_2)
FN:37,(anonymous_3)
FN:42,(anonymous_4)
FN:63,(anonymous_5)
FNF:6
FNH:5
FNDA:15,parseDate
FNDA:0,formatDate
FNDA:14,(anonymous_2)
FNDA:14,(anonymous_3)
FNDA:4,(anonymous_4)
FNDA:25,(anonymous_5)
DA:15,2
DA:18,15
DA:19,15
DA:20,14
DA:22,1
DA:26,0
DA:32,14
DA:34,14
DA:38,14
DA:39,14
DA:43,4
DA:46,4
DA:47,4
DA:48,4
DA:49,4
DA:50,4
DA:64,25
DA:65,25
DA:66,6
DA:68,25
DA:70,25
LF:21
LH:20
BRDA:19,0,0,14
BRDA:19,0,1,1
BRDA:38,1,0,14
BRDA:38,1,1,0
BRDA:65,2,0,6
BRDA:65,2,1,19
BRF:6
BRH:5
end_of_record
TN:
SF:C:\projects\simple-widgets\src\index.js
FNF:0
FNH:0
LF:0
LH:0
BRF:0
BRH:0
end_of_record
TN:
SF:C:\projects\simple-widgets\src\makeChangeHandler.js
FN:2,(anonymous_0)
FN:5,(anonymous_1)
FNF:2
FNH:2
FNDA:36,(anonymous_0)
FNDA:16,(anonymous_1)
DA:5,36
DA:7,16
DA:8,1
DA:10,15
DA:11,7
DA:13,15
DA:15,14
DA:16,14
DA:20,14
LF:9
LH:9
BRDA:7,0,0,1
BRDA:7,0,1,15
BRDA:10,1,0,7
BRDA:10,1,1,8
BRDA:13,2,0,14
BRDA:13,2,1,1
BRDA:13,3,0,15
BRDA:13,3,1,14
BRDA:13,3,2,14
BRF:9
BRH:9
end_of_record
TN:
SF:C:\projects\simple-widgets\src\DoubleListBox\Column.js
FN:45,(anonymous_0)
FN:53,(anonymous_1)
FN:54,(anonymous_2)
FN:61,(anonymous_3)
FN:70,(anonymous_4)
FN:76,(anonymous_5)
FNF:6
FNH:6
FNDA:114,(anonymous_0)
FNDA:44,(anonymous_1)
FNDA:11,(anonymous_2)
FNDA:112,(anonymous_3)
FNDA:114,(anonymous_4)
FNDA:342,(anonymous_5)
DA:23,3
DA:35,3
DA:40,3
DA:46,114
DA:53,3
DA:54,44
DA:55,11
DA:56,11
DA:62,112
DA:63,112
DA:64,112
DA:65,112
DA:66,112
DA:71,114
DA:77,342
DA:81,342
DA:84,342
LF:17
LH:17
BRDA:46,0,0,2
BRDA:46,0,1,112
BRDA:81,1,0,342
BRDA:81,1,1,11
BRDA:81,1,2,0
BRF:5
BRH:4
end_of_record
TN:
SF:C:\projects\simple-widgets\src\DoubleListBox\DoubleListBox.js
FN:37,(anonymous_0)
FN:39,(anonymous_1)
FN:48,(anonymous_2)
FN:62,(anonymous_3)
FN:68,(anonymous_4)
FN:69,(anonymous_5)
FN:84,(anonymous_6)
FN:93,(anonymous_7)
FN:99,(anonymous_8)
FN:105,(anonymous_9)
FN:107,(anonymous_10)
FN:120,(anonymous_11)
FN:142,(anonymous_12)
FN:154,(anonymous_13)
FN:162,(anonymous_14)
FN:170,(anonymous_15)
FN:174,(anonymous_16)
FN:197,(anonymous_17)
FN:218,(anonymous_18)
FN:234,(anonymous_19)
FN:238,(anonymous_20)
FN:244,(anonymous_21)
FN:248,(anonymous_22)
FN:254,(anonymous_23)
FNF:24
FNH:22
FNDA:112,(anonymous_0)
FNDA:336,(anonymous_1)
FNDA:25,(anonymous_2)
FNDA:3,(anonymous_3)
FNDA:6,(anonymous_4)
FNDA:12,(anonymous_5)
FNDA:1,(anonymous_6)
FNDA:25,(anonymous_7)
FNDA:7,(anonymous_8)
FNDA:2,(anonymous_9)
FNDA:0,(anonymous_10)
FNDA:2,(anonymous_11)
FNDA:10,(anonymous_12)
FNDA:9,(anonymous_13)
FNDA:0,(anonymous_14)
FNDA:12,(anonymous_15)
FNDA:12,(anonymous_16)
FNDA:1,(anonymous_17)
FNDA:1,(anonymous_18)
FNDA:1,(anonymous_19)
FNDA:7,(anonymous_20)
FNDA:56,(anonymous_21)
FNDA:94,(anonymous_22)
FNDA:112,(anonymous_23)
DA:32,3
DA:37,3
DA:38,112
DA:39,336
DA:49,25
DA:51,25
DA:59,25
DA:63,3
DA:65,3
DA:66,3
DA:68,6
DA:69,12
DA:73,3
DA:74,3
DA:75,3
DA:76,3
DA:79,3
DA:85,1
DA:86,1
DA:94,25
DA:95,25
DA:96,25
DA:100,7
DA:101,7
DA:102,7
DA:106,2
DA:107,2
DA:112,2
DA:113,2
DA:115,2
DA:121,2
DA:122,2
DA:127,2
DA:128,0
DA:129,0
DA:132,2
DA:139,2
DA:143,10
DA:144,7
DA:149,3
DA:150,2
DA:155,9
DA:156,8
DA:159,1
DA:163,0
DA:164,0
DA:167,0
DA:171,12
DA:172,12
DA:174,12
DA:177,12
DA:178,10
DA:183,2
DA:184,0
DA:189,2
DA:194,12
DA:198,1
DA:199,1
DA:202,1
DA:203,1
DA:206,1
DA:210,0
DA:211,0
DA:212,0
DA:219,1
DA:225,1
DA:226,1
DA:229,0
DA:235,1
DA:239,7
DA:245,56
DA:246,56
DA:247,56
DA:248,94
DA:255,112
LF:75
LH:65
BRDA:63,0,0,3
BRDA:63,0,1,0
BRDA:112,1,0,2
BRDA:112,1,1,0
BRDA:127,2,0,0
BRDA:127,2,1,2
BRDA:127,3,0,2
BRDA:127,3,1,2
BRDA:143,4,0,7
BRDA:143,4,1,3
BRDA:149,5,0,2
BRDA:149,5,1,1
BRDA:155,6,0,8
BRDA:155,6,1,1
BRDA:163,7,0,0
BRDA:163,7,1,0
BRDA:177,8,0,10
BRDA:177,8,1,2
BRDA:183,9,0,0
BRDA:183,9,1,2
BRDA:202,10,0,1
BRDA:202,10,1,0
BRDA:225,11,0,1
BRDA:225,11,1,0
BRF:24
BRH:16
end_of_record
TN:
SF:C:\projects\simple-widgets\src\DoubleListBox\Task.js
FN:30,(anonymous_0)
FN:45,(anonymous_1)
FN:56,(anonymous_2)
FN:57,(anonymous_3)
FN:63,(anonymous_4)
FN:66,(anonymous_5)
FN:108,(anonymous_6)
FN:137,(anonymous_7)
FN:153,(anonymous_8)
FN:166,(anonymous_9)
FN:172,(anonymous_10)
FN:174,(anonymous_11)
FN:195,(anonymous_12)
FN:203,(anonymous_13)
FN:214,(anonymous_14)
FNF:15
FNH:14
FNDA:342,(anonymous_0)
FNDA:342,(anonymous_1)
FNDA:342,(anonymous_2)
FNDA:342,(anonymous_3)
FNDA:342,(anonymous_4)
FNDA:342,(anonymous_5)
FNDA:10,(anonymous_6)
FNDA:10,(anonymous_7)
FNDA:0,(anonymous_8)
FNDA:9,(anonymous_9)
FNDA:9,(anonymous_10)
FNDA:9,(anonymous_11)
FNDA:342,(anonymous_12)
FNDA:342,(anonymous_13)
FNDA:10,(anonymous_14)
DA:11,3
DA:30,3
DA:34,342
DA:35,0
DA:38,342
DA:39,11
DA:42,331
DA:45,3
DA:46,342
DA:47,0
DA:49,342
DA:50,11
DA:52,331
DA:55,3
DA:56,342
DA:57,342
DA:64,342
DA:67,342
DA:81,3
DA:83,3
DA:85,3
DA:99,3
DA:113,10
DA:114,10
DA:117,10
DA:118,6
DA:121,4
DA:122,0
DA:125,4
DA:126,3
DA:130,1
DA:132,1
DA:139,10
DA:140,0
DA:143,10
DA:144,2
DA:148,8
DA:150,8
DA:154,0
DA:155,0
DA:161,0
DA:162,0
DA:167,9
DA:168,9
DA:172,9
DA:180,9
DA:182,9
DA:183,0
DA:184,0
DA:187,9
DA:188,0
DA:189,0
DA:192,9
DA:196,342
DA:197,342
DA:198,342
DA:199,342
DA:200,342
DA:201,342
DA:205,342
DA:207,342
DA:215,10
LF:62
LH:50
BRDA:34,0,0,0
BRDA:34,0,1,342
BRDA:38,1,0,11
BRDA:38,1,1,331
BRDA:46,2,0,0
BRDA:46,2,1,342
BRDA:49,3,0,11
BRDA:49,3,1,331
BRDA:64,4,0,2
BRDA:64,4,1,340
BRDA:67,5,0,0
BRDA:67,5,1,342
BRDA:113,6,0,10
BRDA:113,6,1,0
BRDA:117,7,0,6
BRDA:117,7,1,4
BRDA:121,8,0,0
BRDA:121,8,1,4
BRDA:125,9,0,3
BRDA:125,9,1,1
BRDA:139,10,0,0
BRDA:139,10,1,10
BRDA:143,11,0,2
BRDA:143,11,1,8
BRDA:154,12,0,0
BRDA:154,12,1,0
BRDA:168,13,0,0
BRDA:168,13,1,9
BRDA:182,14,0,0
BRDA:182,14,1,9
BRDA:187,15,0,0
BRDA:187,15,1,9
BRDA:205,16,0,342
BRDA:205,16,1,2
BRDA:222,17,0,0
BRDA:222,17,1,342
BRF:36
BRH:24
end_of_record
TN:
SF:C:\projects\simple-widgets\src\DoubleListBox\buildEntities.js
FN:4,(anonymous_0)
FN:19,(anonymous_1)
FN:26,(anonymous_2)
FN:33,(anonymous_3)
FN:40,(anonymous_4)
FN:40,(anonymous_5)
FN:46,(anonymous_6)
FN:46,(anonymous_7)
FNF:8
FNH:8
FNDA:26,(anonymous_0)
FNDA:156,(anonymous_1)
FNDA:156,(anonymous_2)
FNDA:312,(anonymous_3)
FNDA:156,(anonymous_4)
FNDA:78,(anonymous_5)
FNDA:156,(anonymous_6)
FNDA:78,(anonymous_7)
DA:8,26
DA:10,0
DA:13,26
DA:15,1
DA:18,26
DA:19,156
DA:25,26
DA:27,156
DA:28,156
DA:33,26
DA:34,312
DA:37,26
DA:40,156
DA:43,26
DA:46,156
DA:49,26
DA:58,26
LF:17
LH:16
BRDA:8,0,0,0
BRDA:8,0,1,26
BRDA:13,1,0,1
BRDA:13,1,1,25
BRF:4
BRH:3
end_of_record
TN:
SF:C:\projects\simple-widgets\src\DoubleListBox\constants.js
FNF:0
FNH:0
DA:2,3
DA:24,3
DA:26,3
LF:3
LH:3
BRF:0
BRH:0
end_of_record
TN:
SF:C:\projects\simple-widgets\src\DoubleListBox\utils.js
FN:9,(anonymous_0)
FN:31,(anonymous_1)
FN:37,(anonymous_2)
FN:98,(anonymous_3)
FN:99,(anonymous_4)
FN:110,(anonymous_5)
FN:117,(anonymous_6)
FN:153,(anonymous_7)
FNF:8
FNH:7
FNDA:2,(anonymous_0)
FNDA:2,(anonymous_1)
FNDA:2,(anonymous_2)
FNDA:2,(anonymous_3)
FNDA:4,(anonymous_4)
FNDA:2,(anonymous_5)
FNDA:1,(anonymous_6)
FNDA:0,(anonymous_7)
DA:9,3
DA:10,2
DA:11,2
DA:12,2
DA:14,2
DA:31,3
DA:37,3
DA:44,2
DA:45,2
DA:46,2
DA:52,2
DA:60,2
DA:67,0
DA:68,0
DA:71,0
DA:74,0
DA:75,0
DA:78,0
DA:79,0
DA:81,0
DA:90,0
DA:98,3
DA:99,2
DA:100,4
DA:101,4
DA:104,2
DA:106,2
DA:110,3
DA:111,2
DA:112,0
DA:114,2
DA:117,3
DA:119,1
DA:120,0
DA:123,1
DA:124,1
DA:126,1
DA:127,1
DA:128,1
DA:132,1
DA:133,0
DA:140,1
DA:141,1
DA:144,0
DA:145,0
DA:146,0
DA:148,0
DA:153,0
DA:155,0
DA:156,0
DA:158,0
DA:162,0
DA:163,0
DA:165,0
LF:54
LH:31
BRDA:44,0,0,2
BRDA:44,0,1,0
BRDA:111,1,0,0
BRDA:111,1,1,2
BRDA:119,2,0,0
BRDA:119,2,1,1
BRDA:132,3,0,0
BRDA:132,3,1,1
BRDA:140,4,0,1
BRDA:140,4,1,0
BRDA:145,5,0,0
BRDA:145,5,1,0
BRDA:146,6,0,0
BRDA:146,6,1,0
BRDA:155,7,0,0
BRDA:155,7,1,0
BRDA:162,8,0,0
BRDA:162,8,1,0
BRF:18
BRH:5
end_of_record
