TN:
SF:C:\projects\simple-widgets\src\CheckBox.js
FN:25,(anonymous_0)
FN:31,(anonymous_1)
FN:39,(anonymous_2)
FNF:3
FNH:3
FNDA:28,(anonymous_0)
FNDA:4,(anonymous_1)
FNDA:56,(anonymous_2)
DA:4,1
DA:20,1
DA:21,1
DA:26,28
DA:28,28
DA:32,4
DA:33,4
DA:34,4
DA:35,4
DA:36,4
DA:40,56
DA:42,56
DA:43,56
DA:45,56
DA:46,56
LF:15
LH:15
BRDA:32,0,0,4
BRDA:32,0,1,0
BRDA:35,1,0,2
BRDA:35,1,1,2
BRDA:43,2,0,2
BRDA:43,2,1,54
BRF:6
BRH:5
end_of_record
TN:
SF:C:\projects\simple-widgets\src\Choice.js
FN:8,(anonymous_0)
FN:14,(anonymous_1)
FNF:2
FNH:2
FNDA:14,(anonymous_0)
FNDA:70,(anonymous_1)
DA:9,14
DA:10,14
DA:11,14
DA:12,14
DA:14,70
LF:5
LH:5
BRF:0
BRH:0
end_of_record
TN:
SF:C:\projects\simple-widgets\src\DatePicker.js
FN:8,(anonymous_0)
FN:14,(anonymous_1)
FNF:2
FNH:2
FNDA:14,(anonymous_0)
FNDA:25,(anonymous_1)
DA:9,14
DA:11,14
DA:15,25
LF:3
LH:3
BRF:0
BRH:0
end_of_record
TN:
SF:C:\projects\simple-widgets\src\DatePickerStyle.js
FN:3,DatePickerStyle
FN:16,isTestingWithJest
FN:20,addClassRules
FNF:3
FNH:3
FNDA:14,DatePickerStyle
FNDA:14,isTestingWithJest
FNDA:14,addClassRules
DA:4,14
DA:5,0
DA:7,14
DA:8,14
DA:9,14
DA:10,0
DA:12,14
DA:17,14
DA:21,14
DA:22,0
DA:24,14
DA:25,14
DA:26,14
DA:27,14
DA:34,2
LF:15
LH:12
BRDA:4,0,0,0
BRDA:4,0,1,14
BRDA:8,1,0,14
BRDA:8,1,1,0
BRDA:9,2,0,0
BRDA:9,2,1,14
BRDA:21,3,0,0
BRDA:21,3,1,14
BRF:8
BRH:4
end_of_record
TN:
SF:C:\projects\simple-widgets\src\Radio.js
FN:23,(anonymous_0)
FN:29,(anonymous_1)
FN:37,(anonymous_2)
FNF:3
FNH:3
FNDA:21,(anonymous_0)
FNDA:2,(anonymous_1)
FNDA:42,(anonymous_2)
DA:16,1
DA:17,1
DA:19,1
DA:24,21
DA:26,21
DA:30,2
DA:31,2
DA:32,2
DA:33,2
DA:34,2
DA:38,42
DA:40,42
DA:41,42
DA:43,42
DA:44,42
DA:45,42
LF:16
LH:16
BRDA:30,0,0,2
BRDA:30,0,1,0
BRDA:41,1,0,2
BRDA:41,1,1,40
BRF:4
BRH:3
end_of_record
TN:
SF:C:\projects\simple-widgets\src\UnstyledDatePicker.js
FN:17,parseDate
FN:25,formatDate
FN:31,(anonymous_2)
FN:37,(anonymous_3)
FN:42,(anonymous_4)
FN:63,(anonymous_5)
FNF:6
FNH:5
FNDA:15,parseDate
FNDA:0,formatDate
FNDA:14,(anonymous_2)
FNDA:14,(anonymous_3)
FNDA:4,(anonymous_4)
FNDA:25,(anonymous_5)
DA:15,2
DA:18,15
DA:19,15
DA:20,14
DA:22,1
DA:26,0
DA:32,14
DA:34,14
DA:38,14
DA:39,14
DA:43,4
DA:46,4
DA:47,4
DA:48,4
DA:49,4
DA:50,4
DA:64,25
DA:65,25
DA:66,6
DA:68,25
DA:70,25
LF:21
LH:20
BRDA:19,0,0,14
BRDA:19,0,1,1
BRDA:38,1,0,14
BRDA:38,1,1,0
BRDA:65,2,0,6
BRDA:65,2,1,19
BRF:6
BRH:5
end_of_record
TN:
SF:C:\projects\simple-widgets\src\index.js
FNF:0
FNH:0
LF:0
LH:0
BRF:0
BRH:0
end_of_record
TN:
SF:C:\projects\simple-widgets\src\makeChangeHandler.js
FN:2,(anonymous_0)
FN:5,(anonymous_1)
FNF:2
FNH:2
FNDA:22,(anonymous_0)
FNDA:14,(anonymous_1)
DA:5,22
DA:7,14
DA:8,1
DA:10,13
DA:11,7
DA:13,13
DA:15,12
DA:16,12
DA:20,12
LF:9
LH:9
BRDA:7,0,0,1
BRDA:7,0,1,13
BRDA:10,1,0,7
BRDA:10,1,1,6
BRDA:13,2,0,12
BRDA:13,2,1,1
BRDA:13,3,0,13
BRDA:13,3,1,12
BRDA:13,3,2,12
BRF:9
BRH:9
end_of_record
TN:
SF:C:\projects\simple-widgets\src\DoubleListBox\DoubleListBox.js
FN:37,(anonymous_0)
FN:39,(anonymous_1)
FN:48,(anonymous_2)
FN:62,(anonymous_3)
FN:68,(anonymous_4)
FN:69,(anonymous_5)
FN:85,(anonymous_6)
FN:94,(anonymous_7)
FN:100,(anonymous_8)
FN:106,(anonymous_9)
FN:109,(anonymous_10)
FN:123,(anonymous_11)
FN:147,(anonymous_12)
FN:159,(anonymous_13)
FN:167,(anonymous_14)
FN:175,(anonymous_15)
FN:179,(anonymous_16)
FN:202,(anonymous_17)
FN:223,(anonymous_18)
FN:239,(anonymous_19)
FN:243,(anonymous_20)
FN:249,(anonymous_21)
FN:253,(anonymous_22)
FN:259,(anonymous_23)
FNF:24
FNH:10
FNDA:40,(anonymous_0)
FNDA:120,(anonymous_1)
FNDA:11,(anonymous_2)
FNDA:1,(anonymous_3)
FNDA:0,(anonymous_4)
FNDA:6,(anonymous_5)
FNDA:1,(anonymous_6)
FNDA:11,(anonymous_7)
FNDA:0,(anonymous_8)
FNDA:0,(anonymous_9)
FNDA:0,(anonymous_10)
FNDA:0,(anonymous_11)
FNDA:0,(anonymous_12)
FNDA:0,(anonymous_13)
FNDA:0,(anonymous_14)
FNDA:0,(anonymous_15)
FNDA:0,(anonymous_16)
FNDA:0,(anonymous_17)
FNDA:0,(anonymous_18)
FNDA:0,(anonymous_19)
FNDA:0,(anonymous_20)
FNDA:20,(anonymous_21)
FNDA:29,(anonymous_22)
FNDA:40,(anonymous_23)
DA:32,3
DA:37,3
DA:38,40
DA:39,120
DA:49,11
DA:51,11
DA:59,11
DA:63,1
DA:65,1
DA:66,1
DA:68,1
DA:69,6
DA:71,1
DA:74,1
DA:75,1
DA:76,1
DA:77,1
DA:80,1
DA:86,1
DA:87,1
DA:95,11
DA:96,11
DA:97,11
DA:101,0
DA:102,0
DA:103,0
DA:107,0
DA:108,0
DA:109,0
DA:112,0
DA:115,0
DA:116,0
DA:118,0
DA:124,0
DA:125,0
DA:127,0
DA:130,0
DA:131,0
DA:134,0
DA:137,0
DA:144,0
DA:148,0
DA:149,0
DA:151,0
DA:154,0
DA:155,0
DA:160,0
DA:161,0
DA:163,0
DA:164,0
DA:168,0
DA:169,0
DA:171,0
DA:172,0
DA:176,0
DA:177,0
DA:179,0
DA:182,0
DA:183,0
DA:188,0
DA:189,0
DA:194,0
DA:197,0
DA:199,0
DA:203,0
DA:204,0
DA:207,0
DA:208,0
DA:211,0
DA:215,0
DA:216,0
DA:217,0
DA:224,0
DA:230,0
DA:231,0
DA:234,0
DA:240,0
DA:244,0
DA:250,20
DA:251,20
DA:252,20
DA:253,29
DA:260,40
LF:83
LH:28
BRDA:63,0,0,1
BRDA:63,0,1,0
BRDA:115,1,0,0
BRDA:115,1,1,0
BRDA:130,2,0,0
BRDA:130,2,1,0
BRDA:130,3,0,0
BRDA:130,3,1,0
BRDA:148,4,0,0
BRDA:148,4,1,0
BRDA:154,5,0,0
BRDA:154,5,1,0
BRDA:160,6,0,0
BRDA:160,6,1,0
BRDA:168,7,0,0
BRDA:168,7,1,0
BRDA:182,8,0,0
BRDA:182,8,1,0
BRDA:188,9,0,0
BRDA:188,9,1,0
BRDA:207,10,0,0
BRDA:207,10,1,0
BRDA:230,11,0,0
BRDA:230,11,1,0
BRF:24
BRH:1
end_of_record
TN:
SF:C:\projects\simple-widgets\src\DoubleListBox\buildEntities.js
FN:4,(anonymous_0)
FN:19,(anonymous_1)
FN:26,(anonymous_2)
FN:33,(anonymous_3)
FN:40,(anonymous_4)
FN:40,(anonymous_5)
FN:46,(anonymous_6)
FN:46,(anonymous_7)
FNF:8
FNH:8
FNDA:12,(anonymous_0)
FNDA:72,(anonymous_1)
FNDA:72,(anonymous_2)
FNDA:144,(anonymous_3)
FNDA:72,(anonymous_4)
FNDA:36,(anonymous_5)
FNDA:72,(anonymous_6)
FNDA:36,(anonymous_7)
DA:8,12
DA:10,0
DA:13,12
DA:15,1
DA:18,12
DA:19,72
DA:25,12
DA:27,72
DA:28,72
DA:33,12
DA:34,144
DA:37,12
DA:40,72
DA:43,12
DA:46,72
DA:49,12
DA:58,12
LF:17
LH:16
BRDA:8,0,0,0
BRDA:8,0,1,12
BRDA:13,1,0,1
BRDA:13,1,1,11
BRF:4
BRH:3
end_of_record
TN:
SF:C:\projects\simple-widgets\src\DoubleListBox\column.js
FN:45,(anonymous_0)
FN:53,(anonymous_1)
FN:54,(anonymous_2)
FN:61,(anonymous_3)
FN:70,(anonymous_4)
FN:76,(anonymous_5)
FNF:6
FNH:5
FNDA:40,(anonymous_0)
FNDA:12,(anonymous_1)
FNDA:0,(anonymous_2)
FNDA:40,(anonymous_3)
FNDA:40,(anonymous_4)
FNDA:120,(anonymous_5)
DA:23,3
DA:35,3
DA:40,3
DA:46,40
DA:53,3
DA:54,12
DA:55,0
DA:56,0
DA:62,40
DA:63,40
DA:64,40
DA:65,40
DA:66,40
DA:71,40
DA:77,120
DA:81,120
DA:84,120
LF:17
LH:15
BRDA:46,0,0,0
BRDA:46,0,1,40
BRDA:81,1,0,120
BRDA:81,1,1,0
BRDA:81,1,2,0
BRF:5
BRH:2
end_of_record
TN:
SF:C:\projects\simple-widgets\src\DoubleListBox\constants.js
FNF:0
FNH:0
DA:2,3
DA:24,3
DA:26,3
LF:3
LH:3
BRF:0
BRH:0
end_of_record
TN:
SF:C:\projects\simple-widgets\src\DoubleListBox\task.js
FN:30,(anonymous_0)
FN:45,(anonymous_1)
FN:56,(anonymous_2)
FN:57,(anonymous_3)
FN:63,(anonymous_4)
FN:66,(anonymous_5)
FN:108,(anonymous_6)
FN:137,(anonymous_7)
FN:152,(anonymous_8)
FN:165,(anonymous_9)
FN:171,(anonymous_10)
FN:173,(anonymous_11)
FN:194,(anonymous_12)
FN:202,(anonymous_13)
FN:213,(anonymous_14)
FNF:15
FNH:8
FNDA:120,(anonymous_0)
FNDA:120,(anonymous_1)
FNDA:120,(anonymous_2)
FNDA:120,(anonymous_3)
FNDA:120,(anonymous_4)
FNDA:120,(anonymous_5)
FNDA:0,(anonymous_6)
FNDA:0,(anonymous_7)
FNDA:0,(anonymous_8)
FNDA:0,(anonymous_9)
FNDA:0,(anonymous_10)
FNDA:0,(anonymous_11)
FNDA:120,(anonymous_12)
FNDA:120,(anonymous_13)
FNDA:0,(anonymous_14)
DA:11,3
DA:30,3
DA:34,120
DA:35,0
DA:38,120
DA:39,0
DA:42,120
DA:45,3
DA:46,120
DA:47,0
DA:49,120
DA:50,0
DA:52,120
DA:55,3
DA:56,120
DA:57,120
DA:64,120
DA:67,120
DA:81,3
DA:83,3
DA:85,3
DA:99,3
DA:113,0
DA:114,0
DA:117,0
DA:118,0
DA:121,0
DA:122,0
DA:125,0
DA:126,0
DA:130,0
DA:132,0
DA:138,0
DA:139,0
DA:142,0
DA:143,0
DA:147,0
DA:149,0
DA:153,0
DA:154,0
DA:160,0
DA:161,0
DA:166,0
DA:167,0
DA:171,0
DA:179,0
DA:181,0
DA:182,0
DA:183,0
DA:186,0
DA:187,0
DA:188,0
DA:191,0
DA:195,120
DA:196,120
DA:197,120
DA:198,120
DA:199,120
DA:200,120
DA:204,120
DA:206,120
DA:214,0
LF:62
LH:26
BRDA:34,0,0,0
BRDA:34,0,1,120
BRDA:38,1,0,0
BRDA:38,1,1,120
BRDA:46,2,0,0
BRDA:46,2,1,120
BRDA:49,3,0,0
BRDA:49,3,1,120
BRDA:64,4,0,0
BRDA:64,4,1,120
BRDA:67,5,0,0
BRDA:67,5,1,120
BRDA:113,6,0,0
BRDA:113,6,1,0
BRDA:117,7,0,0
BRDA:117,7,1,0
BRDA:121,8,0,0
BRDA:121,8,1,0
BRDA:125,9,0,0
BRDA:125,9,1,0
BRDA:138,10,0,0
BRDA:138,10,1,0
BRDA:142,11,0,0
BRDA:142,11,1,0
BRDA:153,12,0,0
BRDA:153,12,1,0
BRDA:167,13,0,0
BRDA:167,13,1,0
BRDA:181,14,0,0
BRDA:181,14,1,0
BRDA:186,15,0,0
BRDA:186,15,1,0
BRDA:204,16,0,120
BRDA:204,16,1,0
BRDA:221,17,0,0
BRDA:221,17,1,120
BRF:36
BRH:8
end_of_record
TN:
SF:C:\projects\simple-widgets\src\DoubleListBox\utils.js
FN:9,(anonymous_0)
FN:31,(anonymous_1)
FN:37,(anonymous_2)
FN:98,(anonymous_3)
FN:99,(anonymous_4)
FN:109,(anonymous_5)
FN:118,(anonymous_6)
FN:120,(anonymous_7)
FN:153,(anonymous_8)
FN:179,(anonymous_9)
FN:184,(anonymous_10)
FN:194,(anonymous_11)
FN:217,(anonymous_12)
FN:224,(anonymous_13)
FN:265,(anonymous_14)
FNF:15
FNH:0
FNDA:0,(anonymous_0)
FNDA:0,(anonymous_1)
FNDA:0,(anonymous_2)
FNDA:0,(anonymous_3)
FNDA:0,(anonymous_4)
FNDA:0,(anonymous_5)
FNDA:0,(anonymous_6)
FNDA:0,(anonymous_7)
FNDA:0,(anonymous_8)
FNDA:0,(anonymous_9)
FNDA:0,(anonymous_10)
FNDA:0,(anonymous_11)
FNDA:0,(anonymous_12)
FNDA:0,(anonymous_13)
FNDA:0,(anonymous_14)
DA:9,3
DA:10,0
DA:11,0
DA:12,0
DA:14,0
DA:31,3
DA:37,3
DA:44,0
DA:45,0
DA:46,0
DA:52,0
DA:60,0
DA:67,0
DA:68,0
DA:71,0
DA:74,0
DA:75,0
DA:78,0
DA:79,0
DA:81,0
DA:90,0
DA:98,3
DA:99,0
DA:100,0
DA:101,0
DA:104,0
DA:106,0
DA:109,3
DA:115,0
DA:116,0
DA:118,0
DA:119,0
DA:121,0
DA:122,0
DA:125,0
DA:126,0
DA:128,0
DA:129,0
DA:132,0
DA:134,0
DA:135,0
DA:140,0
DA:145,0
DA:146,0
DA:151,0
DA:152,0
DA:155,0
DA:156,0
DA:158,0
DA:159,0
DA:163,0
DA:164,0
DA:165,0
DA:166,0
DA:168,0
DA:169,0
DA:173,0
DA:178,0
DA:180,0
DA:183,0
DA:184,0
DA:187,0
DA:188,0
DA:193,0
DA:194,0
DA:195,0
DA:196,0
DA:197,0
DA:201,0
DA:206,0
DA:211,0
DA:217,3
DA:218,0
DA:219,0
DA:221,0
DA:224,3
DA:230,0
DA:231,0
DA:234,0
DA:235,0
DA:237,0
DA:238,0
DA:239,0
DA:243,0
DA:244,0
DA:251,0
DA:252,0
DA:255,0
DA:256,0
DA:257,0
DA:259,0
DA:264,0
DA:267,0
DA:268,0
DA:270,0
DA:274,0
DA:275,0
DA:277,0
LF:98
LH:7
BRDA:44,0,0,0
BRDA:44,0,1,0
BRDA:121,1,0,0
BRDA:121,1,1,0
BRDA:128,2,0,0
BRDA:128,2,1,0
BRDA:134,3,0,0
BRDA:134,3,1,0
BRDA:155,4,0,0
BRDA:155,4,1,0
BRDA:158,5,0,0
BRDA:158,5,1,0
BRDA:168,6,0,0
BRDA:168,6,1,0
BRDA:218,7,0,0
BRDA:218,7,1,0
BRDA:230,8,0,0
BRDA:230,8,1,0
BRDA:243,9,0,0
BRDA:243,9,1,0
BRDA:251,10,0,0
BRDA:251,10,1,0
BRDA:256,11,0,0
BRDA:256,11,1,0
BRDA:257,12,0,0
BRDA:257,12,1,0
BRDA:267,13,0,0
BRDA:267,13,1,0
BRDA:274,14,0,0
BRDA:274,14,1,0
BRF:30
BRH:0
end_of_record
